2023-05-05 11:43:42.363 [main][3304] DEBUG io.netty.util.internal.logging.InternalLoggerFactory - Using Log4J2 as the default logging framework
2023-05-05 11:43:42.375 [main][3316] DEBUG io.netty.util.ResourceLeakDetector - -Dio.netty.leakDetection.level: simple
2023-05-05 11:43:42.375 [main][3316] DEBUG io.netty.util.ResourceLeakDetector - -Dio.netty.leakDetection.targetRecords: 4
2023-05-05 11:43:42.378 [main][3319] DEBUG io.netty.util.ResourceLeakDetectorFactory - Loaded default ResourceLeakDetector: io.netty.util.ResourceLeakDetector@338b49d3
2023-05-05 11:43:42.396 [main][3337] DEBUG io.netty.util.internal.PlatformDependent0 - -Dio.netty.noUnsafe: false
2023-05-05 11:43:42.396 [main][3337] DEBUG io.netty.util.internal.PlatformDependent0 - Java version: 11
2023-05-05 11:43:42.398 [main][3339] DEBUG io.netty.util.internal.PlatformDependent0 - sun.misc.Unsafe.theUnsafe: available
2023-05-05 11:43:42.399 [main][3340] DEBUG io.netty.util.internal.PlatformDependent0 - sun.misc.Unsafe.copyMemory: available
2023-05-05 11:43:42.399 [main][3340] DEBUG io.netty.util.internal.PlatformDependent0 - sun.misc.Unsafe.storeFence: available
2023-05-05 11:43:42.400 [main][3341] DEBUG io.netty.util.internal.PlatformDependent0 - java.nio.Buffer.address: available
2023-05-05 11:43:42.401 [main][3342] DEBUG io.netty.util.internal.PlatformDependent0 - direct buffer constructor: unavailable: Reflective setAccessible(true) disabled
2023-05-05 11:43:42.401 [main][3342] DEBUG io.netty.util.internal.PlatformDependent0 - java.nio.Bits.unaligned: available, true
2023-05-05 11:43:42.403 [main][3344] DEBUG io.netty.util.internal.PlatformDependent0 - jdk.internal.misc.Unsafe.allocateUninitializedArray(int): unavailable: class io.netty.util.internal.PlatformDependent0$7 cannot access class jdk.internal.misc.Unsafe (in module java.base) because module java.base does not export jdk.internal.misc to unnamed module @7fd7a283
2023-05-05 11:43:42.404 [main][3345] DEBUG io.netty.util.internal.PlatformDependent0 - java.nio.DirectByteBuffer.<init>(long, int): unavailable
2023-05-05 11:43:42.404 [main][3345] DEBUG io.netty.util.internal.PlatformDependent - sun.misc.Unsafe: available
2023-05-05 11:43:42.404 [main][3345] DEBUG io.netty.util.internal.PlatformDependent - maxDirectMemory: 4227858432 bytes (maybe)
2023-05-05 11:43:42.406 [main][3347] DEBUG io.netty.util.internal.PlatformDependent - -Dio.netty.tmpdir: C:\Users\riyad\AppData\Local\Temp (java.io.tmpdir)
2023-05-05 11:43:42.406 [main][3347] DEBUG io.netty.util.internal.PlatformDependent - -Dio.netty.bitMode: 64 (sun.arch.data.model)
2023-05-05 11:43:42.406 [main][3347] DEBUG io.netty.util.internal.PlatformDependent - Platform: Windows
2023-05-05 11:43:42.407 [main][3348] DEBUG io.netty.util.internal.PlatformDependent - -Dio.netty.maxDirectMemory: -1 bytes
2023-05-05 11:43:42.407 [main][3348] DEBUG io.netty.util.internal.PlatformDependent - -Dio.netty.uninitializedArrayAllocationThreshold: -1
2023-05-05 11:43:42.408 [main][3349] DEBUG io.netty.util.internal.CleanerJava9 - java.nio.ByteBuffer.cleaner(): available
2023-05-05 11:43:42.408 [main][3349] DEBUG io.netty.util.internal.PlatformDependent - -Dio.netty.noPreferDirect: false
2023-05-05 11:43:42.417 [main][3358] DEBUG io.netty.util.internal.PlatformDependent - org.jctools-core.MpscChunkedArrayQueue: available
2023-05-05 11:43:42.440 [main][3381] DEBUG io.netty.util.internal.InternalThreadLocalMap - -Dio.netty.threadLocalMap.stringBuilder.initialSize: 1024
2023-05-05 11:43:42.440 [main][3381] DEBUG io.netty.util.internal.InternalThreadLocalMap - -Dio.netty.threadLocalMap.stringBuilder.maxSize: 4096
2023-05-05 11:43:42.457 [main][3398] DEBUG io.netty.handler.ssl.JdkSslContext - Default protocols (JDK): [TLSv1.3, TLSv1.2] 
2023-05-05 11:43:42.458 [main][3399] DEBUG io.netty.handler.ssl.JdkSslContext - Default cipher suites (JDK): [TLS_ECDHE_ECDSA_WITH_AES_256_GCM_SHA384, TLS_ECDHE_ECDSA_WITH_AES_128_GCM_SHA256, TLS_ECDHE_RSA_WITH_AES_128_GCM_SHA256, TLS_ECDHE_RSA_WITH_AES_256_GCM_SHA384, TLS_ECDHE_RSA_WITH_AES_128_CBC_SHA, TLS_ECDHE_RSA_WITH_AES_256_CBC_SHA, TLS_RSA_WITH_AES_128_GCM_SHA256, TLS_RSA_WITH_AES_128_CBC_SHA, TLS_RSA_WITH_AES_256_CBC_SHA, TLS_AES_128_GCM_SHA256, TLS_AES_256_GCM_SHA384]
2023-05-05 11:43:42.472 [main][3413] DEBUG io.netty.util.concurrent.GlobalEventExecutor - -Dio.netty.globalEventExecutor.quietPeriodSeconds: 1
2023-05-05 11:43:42.487 [main][3428] DEBUG io.netty.channel.MultithreadEventLoopGroup - -Dio.netty.eventLoopThreads: 16
2023-05-05 11:43:42.496 [main][3437] DEBUG io.netty.channel.nio.NioEventLoop - -Dio.netty.noKeySetOptimization: false
2023-05-05 11:43:42.496 [main][3437] DEBUG io.netty.channel.nio.NioEventLoop - -Dio.netty.selectorAutoRebuildThreshold: 512
2023-05-05 11:43:42.546 [main][3487] DEBUG io.netty.buffer.PooledByteBufAllocator - -Dio.netty.allocator.numHeapArenas: 16
2023-05-05 11:43:42.546 [main][3487] DEBUG io.netty.buffer.PooledByteBufAllocator - -Dio.netty.allocator.numDirectArenas: 16
2023-05-05 11:43:42.546 [main][3487] DEBUG io.netty.buffer.PooledByteBufAllocator - -Dio.netty.allocator.pageSize: 8192
2023-05-05 11:43:42.546 [main][3487] DEBUG io.netty.buffer.PooledByteBufAllocator - -Dio.netty.allocator.maxOrder: 9
2023-05-05 11:43:42.546 [main][3487] DEBUG io.netty.buffer.PooledByteBufAllocator - -Dio.netty.allocator.chunkSize: 4194304
2023-05-05 11:43:42.546 [main][3487] DEBUG io.netty.buffer.PooledByteBufAllocator - -Dio.netty.allocator.smallCacheSize: 256
2023-05-05 11:43:42.546 [main][3487] DEBUG io.netty.buffer.PooledByteBufAllocator - -Dio.netty.allocator.normalCacheSize: 64
2023-05-05 11:43:42.546 [main][3487] DEBUG io.netty.buffer.PooledByteBufAllocator - -Dio.netty.allocator.maxCachedBufferCapacity: 32768
2023-05-05 11:43:42.546 [main][3487] DEBUG io.netty.buffer.PooledByteBufAllocator - -Dio.netty.allocator.cacheTrimInterval: 8192
2023-05-05 11:43:42.546 [main][3487] DEBUG io.netty.buffer.PooledByteBufAllocator - -Dio.netty.allocator.cacheTrimIntervalMillis: 0
2023-05-05 11:43:42.546 [main][3487] DEBUG io.netty.buffer.PooledByteBufAllocator - -Dio.netty.allocator.useCacheForAllThreads: false
2023-05-05 11:43:42.546 [main][3487] DEBUG io.netty.buffer.PooledByteBufAllocator - -Dio.netty.allocator.maxCachedByteBuffersPerChunk: 1023
2023-05-05 11:43:42.560 [main][3501] DEBUG io.netty.buffer.ByteBufUtil - -Dio.netty.allocator.type: pooled
2023-05-05 11:43:42.561 [main][3502] DEBUG io.netty.buffer.ByteBufUtil - -Dio.netty.threadLocalDirectBufferSize: 0
2023-05-05 11:43:42.561 [main][3502] DEBUG io.netty.buffer.ByteBufUtil - -Dio.netty.maxThreadLocalCharBufferSize: 16384
2023-05-05 11:43:42.861 [Forwarding newSession on session null to remote][3802] DEBUG io.netty.channel.DefaultChannelId - -Dio.netty.processId: 12960 (auto-detected)
2023-05-05 11:43:42.865 [Forwarding newSession on session null to remote][3806] DEBUG io.netty.util.NetUtil - -Djava.net.preferIPv4Stack: false
2023-05-05 11:43:42.865 [Forwarding newSession on session null to remote][3806] DEBUG io.netty.util.NetUtil - -Djava.net.preferIPv6Addresses: false
2023-05-05 11:43:43.017 [Forwarding newSession on session null to remote][3958] DEBUG io.netty.util.NetUtilInitializations - Loopback interface: lo (Software Loopback Interface 1, 127.0.0.1)
2023-05-05 11:43:43.018 [Forwarding newSession on session null to remote][3959] DEBUG io.netty.util.NetUtil - Failed to get SOMAXCONN from sysctl and file \proc\sys\net\core\somaxconn. Default: 200
2023-05-05 11:43:43.029 [Forwarding newSession on session null to remote][3970] DEBUG io.netty.channel.DefaultChannelId - -Dio.netty.machineId: 98:43:fa:ff:fe:25:70:e2 (auto-detected)
2023-05-05 11:43:43.073 [AsyncHttpClient-1-2][4014] DEBUG io.netty.buffer.AbstractByteBuf - -Dio.netty.buffer.checkAccessible: true
2023-05-05 11:43:43.074 [AsyncHttpClient-1-2][4015] DEBUG io.netty.buffer.AbstractByteBuf - -Dio.netty.buffer.checkBounds: true
2023-05-05 11:43:43.074 [AsyncHttpClient-1-2][4015] DEBUG io.netty.util.ResourceLeakDetectorFactory - Loaded default ResourceLeakDetector: io.netty.util.ResourceLeakDetector@742c22a1
2023-05-05 11:43:43.104 [AsyncHttpClient-1-2][4045] DEBUG io.netty.util.Recycler - -Dio.netty.recycler.maxCapacityPerThread: 4096
2023-05-05 11:43:43.105 [AsyncHttpClient-1-2][4046] DEBUG io.netty.util.Recycler - -Dio.netty.recycler.ratio: 8
2023-05-05 11:43:43.105 [AsyncHttpClient-1-2][4046] DEBUG io.netty.util.Recycler - -Dio.netty.recycler.chunkSize: 32
2023-05-05 11:43:43.105 [AsyncHttpClient-1-2][4046] DEBUG io.netty.util.Recycler - -Dio.netty.recycler.blocking: false
2023-05-05 11:43:43.105 [AsyncHttpClient-1-2][4046] DEBUG io.netty.util.Recycler - -Dio.netty.recycler.batchFastThreadLocalOnly: true
2023-05-05 11:43:43.737 [AsyncHttpClient-1-2][4678] DEBUG io.netty.handler.codec.compression.Brotli - brotli4j not in the classpath; Brotli support will be unavailable.
2023-05-05 11:43:43.908 [main][4849] DEBUG io.netty.util.internal.ThreadLocalRandom - -Dio.netty.initialSeedUniquifier: 0xef6249402f85d665
2023-05-05 11:43:45.145 [main][6086] INFO  step_definitions.LoginSteps - user is on the login page
2023-05-05 11:43:45.507 [main][6448] INFO  step_definitions.LoginSteps - User has entered credentials
2023-05-05 11:43:45.594 [main][6535] INFO  step_definitions.LoginSteps - User click on the login button
2023-05-05 11:43:45.649 [main][6590] INFO  step_definitions.LoginSteps - User is in Home Page
2023-05-05 11:43:49.131 [main][10072] INFO  step_definitions.LoginSteps - user is on the login page
2023-05-05 11:43:49.570 [main][10511] INFO  step_definitions.LoginSteps - User has entered credentials
2023-05-05 11:43:49.703 [main][10644] INFO  step_definitions.LoginSteps - User click on the login button
2023-05-05 11:43:49.770 [main][10711] INFO  step_definitions.LoginSteps - User is in Home Page
2023-05-05 11:43:53.644 [main][14585] INFO  step_definitions.LoginSteps - user is on the login page
2023-05-05 11:43:53.953 [main][14894] INFO  step_definitions.LoginSteps - User has entered credentials
2023-05-05 11:43:54.027 [main][14968] INFO  step_definitions.LoginSteps - User click on the login button
2023-05-05 11:43:54.068 [main][15009] INFO  step_definitions.LoginSteps - User is in Home Page
2023-05-05 11:43:56.260 [main][17201] INFO  step_definitions.LoginSteps - user is on the login page
2023-05-05 11:43:56.542 [main][17483] INFO  step_definitions.LoginSteps - User has entered credentials
2023-05-05 11:43:56.624 [main][17565] INFO  step_definitions.LoginSteps - User click on the login button
2023-05-05 11:43:56.661 [main][17602] INFO  step_definitions.LoginSteps - User is in Home Page
2023-05-05 11:43:58.864 [main][19805] INFO  step_definitions.LoginSteps - user is on the login page
