2023-05-07 02:00:59.516 [main][2363] INFO  step_definitions.Hooks - --------Scenario: Calculator Real APR Rate-------
2023-05-07 02:01:00.455 [main][3302] DEBUG io.netty.util.internal.logging.InternalLoggerFactory - Using Log4J2 as the default logging framework
2023-05-07 02:01:00.468 [main][3315] DEBUG io.netty.util.ResourceLeakDetector - -Dio.netty.leakDetection.level: simple
2023-05-07 02:01:00.468 [main][3315] DEBUG io.netty.util.ResourceLeakDetector - -Dio.netty.leakDetection.targetRecords: 4
2023-05-07 02:01:00.474 [main][3321] DEBUG io.netty.util.ResourceLeakDetectorFactory - Loaded default ResourceLeakDetector: io.netty.util.ResourceLeakDetector@7942a854
2023-05-07 02:01:00.495 [main][3342] DEBUG io.netty.util.internal.PlatformDependent0 - -Dio.netty.noUnsafe: false
2023-05-07 02:01:00.495 [main][3342] DEBUG io.netty.util.internal.PlatformDependent0 - Java version: 11
2023-05-07 02:01:00.497 [main][3344] DEBUG io.netty.util.internal.PlatformDependent0 - sun.misc.Unsafe.theUnsafe: available
2023-05-07 02:01:00.499 [main][3346] DEBUG io.netty.util.internal.PlatformDependent0 - sun.misc.Unsafe.copyMemory: available
2023-05-07 02:01:00.499 [main][3346] DEBUG io.netty.util.internal.PlatformDependent0 - sun.misc.Unsafe.storeFence: available
2023-05-07 02:01:00.499 [main][3346] DEBUG io.netty.util.internal.PlatformDependent0 - java.nio.Buffer.address: available
2023-05-07 02:01:00.500 [main][3347] DEBUG io.netty.util.internal.PlatformDependent0 - direct buffer constructor: unavailable: Reflective setAccessible(true) disabled
2023-05-07 02:01:00.500 [main][3347] DEBUG io.netty.util.internal.PlatformDependent0 - java.nio.Bits.unaligned: available, true
2023-05-07 02:01:00.501 [main][3348] DEBUG io.netty.util.internal.PlatformDependent0 - jdk.internal.misc.Unsafe.allocateUninitializedArray(int): unavailable: class io.netty.util.internal.PlatformDependent0$7 cannot access class jdk.internal.misc.Unsafe (in module java.base) because module java.base does not export jdk.internal.misc to unnamed module @6a1aab78
2023-05-07 02:01:00.502 [main][3349] DEBUG io.netty.util.internal.PlatformDependent0 - java.nio.DirectByteBuffer.<init>(long, int): unavailable
2023-05-07 02:01:00.502 [main][3349] DEBUG io.netty.util.internal.PlatformDependent - sun.misc.Unsafe: available
2023-05-07 02:01:00.502 [main][3349] DEBUG io.netty.util.internal.PlatformDependent - maxDirectMemory: 4227858432 bytes (maybe)
2023-05-07 02:01:00.502 [main][3349] DEBUG io.netty.util.internal.PlatformDependent - -Dio.netty.tmpdir: C:\Users\riyad\AppData\Local\Temp (java.io.tmpdir)
2023-05-07 02:01:00.502 [main][3349] DEBUG io.netty.util.internal.PlatformDependent - -Dio.netty.bitMode: 64 (sun.arch.data.model)
2023-05-07 02:01:00.503 [main][3350] DEBUG io.netty.util.internal.PlatformDependent - Platform: Windows
2023-05-07 02:01:00.503 [main][3350] DEBUG io.netty.util.internal.PlatformDependent - -Dio.netty.maxDirectMemory: -1 bytes
2023-05-07 02:01:00.503 [main][3350] DEBUG io.netty.util.internal.PlatformDependent - -Dio.netty.uninitializedArrayAllocationThreshold: -1
2023-05-07 02:01:00.505 [main][3352] DEBUG io.netty.util.internal.CleanerJava9 - java.nio.ByteBuffer.cleaner(): available
2023-05-07 02:01:00.505 [main][3352] DEBUG io.netty.util.internal.PlatformDependent - -Dio.netty.noPreferDirect: false
2023-05-07 02:01:00.512 [main][3359] DEBUG io.netty.util.internal.PlatformDependent - org.jctools-core.MpscChunkedArrayQueue: available
2023-05-07 02:01:00.533 [main][3380] DEBUG io.netty.util.internal.InternalThreadLocalMap - -Dio.netty.threadLocalMap.stringBuilder.initialSize: 1024
2023-05-07 02:01:00.533 [main][3380] DEBUG io.netty.util.internal.InternalThreadLocalMap - -Dio.netty.threadLocalMap.stringBuilder.maxSize: 4096
2023-05-07 02:01:00.547 [main][3394] DEBUG io.netty.handler.ssl.JdkSslContext - Default protocols (JDK): [TLSv1.3, TLSv1.2] 
2023-05-07 02:01:00.547 [main][3394] DEBUG io.netty.handler.ssl.JdkSslContext - Default cipher suites (JDK): [TLS_ECDHE_ECDSA_WITH_AES_256_GCM_SHA384, TLS_ECDHE_ECDSA_WITH_AES_128_GCM_SHA256, TLS_ECDHE_RSA_WITH_AES_128_GCM_SHA256, TLS_ECDHE_RSA_WITH_AES_256_GCM_SHA384, TLS_ECDHE_RSA_WITH_AES_128_CBC_SHA, TLS_ECDHE_RSA_WITH_AES_256_CBC_SHA, TLS_RSA_WITH_AES_128_GCM_SHA256, TLS_RSA_WITH_AES_128_CBC_SHA, TLS_RSA_WITH_AES_256_CBC_SHA, TLS_AES_128_GCM_SHA256, TLS_AES_256_GCM_SHA384]
2023-05-07 02:01:00.573 [main][3420] DEBUG io.netty.util.concurrent.GlobalEventExecutor - -Dio.netty.globalEventExecutor.quietPeriodSeconds: 1
2023-05-07 02:01:00.592 [main][3439] DEBUG io.netty.channel.MultithreadEventLoopGroup - -Dio.netty.eventLoopThreads: 16
2023-05-07 02:01:00.604 [main][3451] DEBUG io.netty.channel.nio.NioEventLoop - -Dio.netty.noKeySetOptimization: false
2023-05-07 02:01:00.605 [main][3452] DEBUG io.netty.channel.nio.NioEventLoop - -Dio.netty.selectorAutoRebuildThreshold: 512
2023-05-07 02:01:00.658 [main][3505] DEBUG io.netty.buffer.PooledByteBufAllocator - -Dio.netty.allocator.numHeapArenas: 16
2023-05-07 02:01:00.658 [main][3505] DEBUG io.netty.buffer.PooledByteBufAllocator - -Dio.netty.allocator.numDirectArenas: 16
2023-05-07 02:01:00.658 [main][3505] DEBUG io.netty.buffer.PooledByteBufAllocator - -Dio.netty.allocator.pageSize: 8192
2023-05-07 02:01:00.658 [main][3505] DEBUG io.netty.buffer.PooledByteBufAllocator - -Dio.netty.allocator.maxOrder: 9
2023-05-07 02:01:00.658 [main][3505] DEBUG io.netty.buffer.PooledByteBufAllocator - -Dio.netty.allocator.chunkSize: 4194304
2023-05-07 02:01:00.658 [main][3505] DEBUG io.netty.buffer.PooledByteBufAllocator - -Dio.netty.allocator.smallCacheSize: 256
2023-05-07 02:01:00.658 [main][3505] DEBUG io.netty.buffer.PooledByteBufAllocator - -Dio.netty.allocator.normalCacheSize: 64
2023-05-07 02:01:00.658 [main][3505] DEBUG io.netty.buffer.PooledByteBufAllocator - -Dio.netty.allocator.maxCachedBufferCapacity: 32768
2023-05-07 02:01:00.658 [main][3505] DEBUG io.netty.buffer.PooledByteBufAllocator - -Dio.netty.allocator.cacheTrimInterval: 8192
2023-05-07 02:01:00.659 [main][3506] DEBUG io.netty.buffer.PooledByteBufAllocator - -Dio.netty.allocator.cacheTrimIntervalMillis: 0
2023-05-07 02:01:00.659 [main][3506] DEBUG io.netty.buffer.PooledByteBufAllocator - -Dio.netty.allocator.useCacheForAllThreads: false
2023-05-07 02:01:00.659 [main][3506] DEBUG io.netty.buffer.PooledByteBufAllocator - -Dio.netty.allocator.maxCachedByteBuffersPerChunk: 1023
2023-05-07 02:01:00.669 [main][3516] DEBUG io.netty.buffer.ByteBufUtil - -Dio.netty.allocator.type: pooled
2023-05-07 02:01:00.669 [main][3516] DEBUG io.netty.buffer.ByteBufUtil - -Dio.netty.threadLocalDirectBufferSize: 0
2023-05-07 02:01:00.669 [main][3516] DEBUG io.netty.buffer.ByteBufUtil - -Dio.netty.maxThreadLocalCharBufferSize: 16384
2023-05-07 02:01:00.966 [Forwarding newSession on session null to remote][3813] DEBUG io.netty.channel.DefaultChannelId - -Dio.netty.processId: 304 (auto-detected)
2023-05-07 02:01:00.969 [Forwarding newSession on session null to remote][3816] DEBUG io.netty.util.NetUtil - -Djava.net.preferIPv4Stack: false
2023-05-07 02:01:00.969 [Forwarding newSession on session null to remote][3816] DEBUG io.netty.util.NetUtil - -Djava.net.preferIPv6Addresses: false
2023-05-07 02:01:01.157 [Forwarding newSession on session null to remote][4004] DEBUG io.netty.util.NetUtilInitializations - Loopback interface: lo (Software Loopback Interface 1, 127.0.0.1)
2023-05-07 02:01:01.159 [Forwarding newSession on session null to remote][4006] DEBUG io.netty.util.NetUtil - Failed to get SOMAXCONN from sysctl and file \proc\sys\net\core\somaxconn. Default: 200
2023-05-07 02:01:01.173 [Forwarding newSession on session null to remote][4020] DEBUG io.netty.channel.DefaultChannelId - -Dio.netty.machineId: 98:43:fa:ff:fe:25:70:e2 (auto-detected)
2023-05-07 02:01:01.236 [AsyncHttpClient-1-2][4083] DEBUG io.netty.buffer.AbstractByteBuf - -Dio.netty.buffer.checkAccessible: true
2023-05-07 02:01:01.236 [AsyncHttpClient-1-2][4083] DEBUG io.netty.buffer.AbstractByteBuf - -Dio.netty.buffer.checkBounds: true
2023-05-07 02:01:01.236 [AsyncHttpClient-1-2][4083] DEBUG io.netty.util.ResourceLeakDetectorFactory - Loaded default ResourceLeakDetector: io.netty.util.ResourceLeakDetector@3d69dbbf
2023-05-07 02:01:01.282 [AsyncHttpClient-1-2][4129] DEBUG io.netty.util.Recycler - -Dio.netty.recycler.maxCapacityPerThread: 4096
2023-05-07 02:01:01.282 [AsyncHttpClient-1-2][4129] DEBUG io.netty.util.Recycler - -Dio.netty.recycler.ratio: 8
2023-05-07 02:01:01.282 [AsyncHttpClient-1-2][4129] DEBUG io.netty.util.Recycler - -Dio.netty.recycler.chunkSize: 32
2023-05-07 02:01:01.282 [AsyncHttpClient-1-2][4129] DEBUG io.netty.util.Recycler - -Dio.netty.recycler.blocking: false
2023-05-07 02:01:01.282 [AsyncHttpClient-1-2][4129] DEBUG io.netty.util.Recycler - -Dio.netty.recycler.batchFastThreadLocalOnly: true
2023-05-07 02:01:02.040 [AsyncHttpClient-1-2][4887] DEBUG io.netty.handler.codec.compression.Brotli - brotli4j not in the classpath; Brotli support will be unavailable.
2023-05-07 02:01:02.182 [main][5029] DEBUG io.netty.util.internal.ThreadLocalRandom - -Dio.netty.initialSeedUniquifier: 0x382d61ba0c71fc04
2023-05-07 02:01:02.522 [main][5369] INFO  step_definitions.Hooks - -------Scenario: Calculator Real APR Rate------
