2023-05-07 02:04:28.974 [main][2487] INFO  step_definitions.Hooks - --------Scenario: Calculator Real APR Rate-------
2023-05-07 02:04:29.519 [main][3032] DEBUG io.netty.util.internal.logging.InternalLoggerFactory - Using Log4J2 as the default logging framework
2023-05-07 02:04:29.532 [main][3045] DEBUG io.netty.util.ResourceLeakDetector - -Dio.netty.leakDetection.level: simple
2023-05-07 02:04:29.532 [main][3045] DEBUG io.netty.util.ResourceLeakDetector - -Dio.netty.leakDetection.targetRecords: 4
2023-05-07 02:04:29.538 [main][3051] DEBUG io.netty.util.ResourceLeakDetectorFactory - Loaded default ResourceLeakDetector: io.netty.util.ResourceLeakDetector@640dc4c6
2023-05-07 02:04:29.557 [main][3070] DEBUG io.netty.util.internal.PlatformDependent0 - -Dio.netty.noUnsafe: false
2023-05-07 02:04:29.557 [main][3070] DEBUG io.netty.util.internal.PlatformDependent0 - Java version: 11
2023-05-07 02:04:29.560 [main][3073] DEBUG io.netty.util.internal.PlatformDependent0 - sun.misc.Unsafe.theUnsafe: available
2023-05-07 02:04:29.561 [main][3074] DEBUG io.netty.util.internal.PlatformDependent0 - sun.misc.Unsafe.copyMemory: available
2023-05-07 02:04:29.561 [main][3074] DEBUG io.netty.util.internal.PlatformDependent0 - sun.misc.Unsafe.storeFence: available
2023-05-07 02:04:29.562 [main][3075] DEBUG io.netty.util.internal.PlatformDependent0 - java.nio.Buffer.address: available
2023-05-07 02:04:29.562 [main][3075] DEBUG io.netty.util.internal.PlatformDependent0 - direct buffer constructor: unavailable: Reflective setAccessible(true) disabled
2023-05-07 02:04:29.563 [main][3076] DEBUG io.netty.util.internal.PlatformDependent0 - java.nio.Bits.unaligned: available, true
2023-05-07 02:04:29.565 [main][3078] DEBUG io.netty.util.internal.PlatformDependent0 - jdk.internal.misc.Unsafe.allocateUninitializedArray(int): unavailable: class io.netty.util.internal.PlatformDependent0$7 cannot access class jdk.internal.misc.Unsafe (in module java.base) because module java.base does not export jdk.internal.misc to unnamed module @6a1aab78
2023-05-07 02:04:29.566 [main][3079] DEBUG io.netty.util.internal.PlatformDependent0 - java.nio.DirectByteBuffer.<init>(long, int): unavailable
2023-05-07 02:04:29.566 [main][3079] DEBUG io.netty.util.internal.PlatformDependent - sun.misc.Unsafe: available
2023-05-07 02:04:29.567 [main][3080] DEBUG io.netty.util.internal.PlatformDependent - maxDirectMemory: 4227858432 bytes (maybe)
2023-05-07 02:04:29.567 [main][3080] DEBUG io.netty.util.internal.PlatformDependent - -Dio.netty.tmpdir: C:\Users\riyad\AppData\Local\Temp (java.io.tmpdir)
2023-05-07 02:04:29.567 [main][3080] DEBUG io.netty.util.internal.PlatformDependent - -Dio.netty.bitMode: 64 (sun.arch.data.model)
2023-05-07 02:04:29.568 [main][3081] DEBUG io.netty.util.internal.PlatformDependent - Platform: Windows
2023-05-07 02:04:29.568 [main][3081] DEBUG io.netty.util.internal.PlatformDependent - -Dio.netty.maxDirectMemory: -1 bytes
2023-05-07 02:04:29.569 [main][3082] DEBUG io.netty.util.internal.PlatformDependent - -Dio.netty.uninitializedArrayAllocationThreshold: -1
2023-05-07 02:04:29.570 [main][3083] DEBUG io.netty.util.internal.CleanerJava9 - java.nio.ByteBuffer.cleaner(): available
2023-05-07 02:04:29.570 [main][3083] DEBUG io.netty.util.internal.PlatformDependent - -Dio.netty.noPreferDirect: false
2023-05-07 02:04:29.580 [main][3093] DEBUG io.netty.util.internal.PlatformDependent - org.jctools-core.MpscChunkedArrayQueue: available
2023-05-07 02:04:29.601 [main][3114] DEBUG io.netty.util.internal.InternalThreadLocalMap - -Dio.netty.threadLocalMap.stringBuilder.initialSize: 1024
2023-05-07 02:04:29.601 [main][3114] DEBUG io.netty.util.internal.InternalThreadLocalMap - -Dio.netty.threadLocalMap.stringBuilder.maxSize: 4096
2023-05-07 02:04:29.627 [main][3140] DEBUG io.netty.handler.ssl.JdkSslContext - Default protocols (JDK): [TLSv1.3, TLSv1.2] 
2023-05-07 02:04:29.627 [main][3140] DEBUG io.netty.handler.ssl.JdkSslContext - Default cipher suites (JDK): [TLS_ECDHE_ECDSA_WITH_AES_256_GCM_SHA384, TLS_ECDHE_ECDSA_WITH_AES_128_GCM_SHA256, TLS_ECDHE_RSA_WITH_AES_128_GCM_SHA256, TLS_ECDHE_RSA_WITH_AES_256_GCM_SHA384, TLS_ECDHE_RSA_WITH_AES_128_CBC_SHA, TLS_ECDHE_RSA_WITH_AES_256_CBC_SHA, TLS_RSA_WITH_AES_128_GCM_SHA256, TLS_RSA_WITH_AES_128_CBC_SHA, TLS_RSA_WITH_AES_256_CBC_SHA, TLS_AES_128_GCM_SHA256, TLS_AES_256_GCM_SHA384]
2023-05-07 02:04:29.644 [main][3157] DEBUG io.netty.util.concurrent.GlobalEventExecutor - -Dio.netty.globalEventExecutor.quietPeriodSeconds: 1
2023-05-07 02:04:29.660 [main][3173] DEBUG io.netty.channel.MultithreadEventLoopGroup - -Dio.netty.eventLoopThreads: 16
2023-05-07 02:04:29.671 [main][3184] DEBUG io.netty.channel.nio.NioEventLoop - -Dio.netty.noKeySetOptimization: false
2023-05-07 02:04:29.671 [main][3184] DEBUG io.netty.channel.nio.NioEventLoop - -Dio.netty.selectorAutoRebuildThreshold: 512
2023-05-07 02:04:29.720 [main][3233] DEBUG io.netty.buffer.PooledByteBufAllocator - -Dio.netty.allocator.numHeapArenas: 16
2023-05-07 02:04:29.720 [main][3233] DEBUG io.netty.buffer.PooledByteBufAllocator - -Dio.netty.allocator.numDirectArenas: 16
2023-05-07 02:04:29.720 [main][3233] DEBUG io.netty.buffer.PooledByteBufAllocator - -Dio.netty.allocator.pageSize: 8192
2023-05-07 02:04:29.720 [main][3233] DEBUG io.netty.buffer.PooledByteBufAllocator - -Dio.netty.allocator.maxOrder: 9
2023-05-07 02:04:29.720 [main][3233] DEBUG io.netty.buffer.PooledByteBufAllocator - -Dio.netty.allocator.chunkSize: 4194304
2023-05-07 02:04:29.720 [main][3233] DEBUG io.netty.buffer.PooledByteBufAllocator - -Dio.netty.allocator.smallCacheSize: 256
2023-05-07 02:04:29.720 [main][3233] DEBUG io.netty.buffer.PooledByteBufAllocator - -Dio.netty.allocator.normalCacheSize: 64
2023-05-07 02:04:29.720 [main][3233] DEBUG io.netty.buffer.PooledByteBufAllocator - -Dio.netty.allocator.maxCachedBufferCapacity: 32768
2023-05-07 02:04:29.720 [main][3233] DEBUG io.netty.buffer.PooledByteBufAllocator - -Dio.netty.allocator.cacheTrimInterval: 8192
2023-05-07 02:04:29.721 [main][3234] DEBUG io.netty.buffer.PooledByteBufAllocator - -Dio.netty.allocator.cacheTrimIntervalMillis: 0
2023-05-07 02:04:29.721 [main][3234] DEBUG io.netty.buffer.PooledByteBufAllocator - -Dio.netty.allocator.useCacheForAllThreads: false
2023-05-07 02:04:29.721 [main][3234] DEBUG io.netty.buffer.PooledByteBufAllocator - -Dio.netty.allocator.maxCachedByteBuffersPerChunk: 1023
2023-05-07 02:04:29.731 [main][3244] DEBUG io.netty.buffer.ByteBufUtil - -Dio.netty.allocator.type: pooled
2023-05-07 02:04:29.731 [main][3244] DEBUG io.netty.buffer.ByteBufUtil - -Dio.netty.threadLocalDirectBufferSize: 0
2023-05-07 02:04:29.732 [main][3245] DEBUG io.netty.buffer.ByteBufUtil - -Dio.netty.maxThreadLocalCharBufferSize: 16384
2023-05-07 02:04:30.026 [Forwarding newSession on session null to remote][3539] DEBUG io.netty.channel.DefaultChannelId - -Dio.netty.processId: 23892 (auto-detected)
2023-05-07 02:04:30.029 [Forwarding newSession on session null to remote][3542] DEBUG io.netty.util.NetUtil - -Djava.net.preferIPv4Stack: false
2023-05-07 02:04:30.029 [Forwarding newSession on session null to remote][3542] DEBUG io.netty.util.NetUtil - -Djava.net.preferIPv6Addresses: false
2023-05-07 02:04:30.163 [Forwarding newSession on session null to remote][3676] DEBUG io.netty.util.NetUtilInitializations - Loopback interface: lo (Software Loopback Interface 1, 127.0.0.1)
2023-05-07 02:04:30.164 [Forwarding newSession on session null to remote][3677] DEBUG io.netty.util.NetUtil - Failed to get SOMAXCONN from sysctl and file \proc\sys\net\core\somaxconn. Default: 200
2023-05-07 02:04:30.173 [Forwarding newSession on session null to remote][3686] DEBUG io.netty.channel.DefaultChannelId - -Dio.netty.machineId: 98:43:fa:ff:fe:25:70:e2 (auto-detected)
2023-05-07 02:04:30.251 [AsyncHttpClient-1-2][3764] DEBUG io.netty.buffer.AbstractByteBuf - -Dio.netty.buffer.checkAccessible: true
2023-05-07 02:04:30.252 [AsyncHttpClient-1-2][3765] DEBUG io.netty.buffer.AbstractByteBuf - -Dio.netty.buffer.checkBounds: true
2023-05-07 02:04:30.252 [AsyncHttpClient-1-2][3765] DEBUG io.netty.util.ResourceLeakDetectorFactory - Loaded default ResourceLeakDetector: io.netty.util.ResourceLeakDetector@1816d945
2023-05-07 02:04:30.295 [AsyncHttpClient-1-2][3808] DEBUG io.netty.util.Recycler - -Dio.netty.recycler.maxCapacityPerThread: 4096
2023-05-07 02:04:30.295 [AsyncHttpClient-1-2][3808] DEBUG io.netty.util.Recycler - -Dio.netty.recycler.ratio: 8
2023-05-07 02:04:30.295 [AsyncHttpClient-1-2][3808] DEBUG io.netty.util.Recycler - -Dio.netty.recycler.chunkSize: 32
2023-05-07 02:04:30.295 [AsyncHttpClient-1-2][3808] DEBUG io.netty.util.Recycler - -Dio.netty.recycler.blocking: false
2023-05-07 02:04:30.295 [AsyncHttpClient-1-2][3808] DEBUG io.netty.util.Recycler - -Dio.netty.recycler.batchFastThreadLocalOnly: true
2023-05-07 02:04:30.976 [AsyncHttpClient-1-2][4489] DEBUG io.netty.handler.codec.compression.Brotli - brotli4j not in the classpath; Brotli support will be unavailable.
2023-05-07 02:04:31.152 [main][4665] DEBUG io.netty.util.internal.ThreadLocalRandom - -Dio.netty.initialSeedUniquifier: 0xc7947d0c95c7582d
2023-05-07 02:04:31.477 [main][4990] INFO  step_definitions.Hooks - -------Scenario: Calculator Real APR Rate------
