2023-05-06 14:35:19.622 [main][5261] INFO  step_definitions.Hooks - --------Scenario: Check login is successful with valid credentials-------
2023-05-06 14:35:19.941 [main][5580] DEBUG io.netty.util.internal.logging.InternalLoggerFactory - Using Log4J2 as the default logging framework
2023-05-06 14:35:19.967 [main][5606] DEBUG io.netty.util.ResourceLeakDetector - -Dio.netty.leakDetection.level: simple
2023-05-06 14:35:19.967 [main][5606] DEBUG io.netty.util.ResourceLeakDetector - -Dio.netty.leakDetection.targetRecords: 4
2023-05-06 14:35:19.970 [main][5609] DEBUG io.netty.util.ResourceLeakDetectorFactory - Loaded default ResourceLeakDetector: io.netty.util.ResourceLeakDetector@724aefc3
2023-05-06 14:35:19.983 [main][5622] DEBUG io.netty.util.internal.PlatformDependent0 - -Dio.netty.noUnsafe: false
2023-05-06 14:35:19.983 [main][5622] DEBUG io.netty.util.internal.PlatformDependent0 - Java version: 11
2023-05-06 14:35:19.984 [main][5623] DEBUG io.netty.util.internal.PlatformDependent0 - sun.misc.Unsafe.theUnsafe: available
2023-05-06 14:35:19.985 [main][5624] DEBUG io.netty.util.internal.PlatformDependent0 - sun.misc.Unsafe.copyMemory: available
2023-05-06 14:35:19.985 [main][5624] DEBUG io.netty.util.internal.PlatformDependent0 - sun.misc.Unsafe.storeFence: available
2023-05-06 14:35:19.985 [main][5624] DEBUG io.netty.util.internal.PlatformDependent0 - java.nio.Buffer.address: available
2023-05-06 14:35:19.986 [main][5625] DEBUG io.netty.util.internal.PlatformDependent0 - direct buffer constructor: unavailable: Reflective setAccessible(true) disabled
2023-05-06 14:35:19.986 [main][5625] DEBUG io.netty.util.internal.PlatformDependent0 - java.nio.Bits.unaligned: available, true
2023-05-06 14:35:19.987 [main][5626] DEBUG io.netty.util.internal.PlatformDependent0 - jdk.internal.misc.Unsafe.allocateUninitializedArray(int): unavailable: class io.netty.util.internal.PlatformDependent0$7 cannot access class jdk.internal.misc.Unsafe (in module java.base) because module java.base does not export jdk.internal.misc to unnamed module @576f63f6
2023-05-06 14:35:19.988 [main][5627] DEBUG io.netty.util.internal.PlatformDependent0 - java.nio.DirectByteBuffer.<init>(long, int): unavailable
2023-05-06 14:35:19.988 [main][5627] DEBUG io.netty.util.internal.PlatformDependent - sun.misc.Unsafe: available
2023-05-06 14:35:19.988 [main][5627] DEBUG io.netty.util.internal.PlatformDependent - maxDirectMemory: 4227858432 bytes (maybe)
2023-05-06 14:35:19.988 [main][5627] DEBUG io.netty.util.internal.PlatformDependent - -Dio.netty.tmpdir: C:\Users\riyad\AppData\Local\Temp (java.io.tmpdir)
2023-05-06 14:35:19.988 [main][5627] DEBUG io.netty.util.internal.PlatformDependent - -Dio.netty.bitMode: 64 (sun.arch.data.model)
2023-05-06 14:35:19.989 [main][5628] DEBUG io.netty.util.internal.PlatformDependent - Platform: Windows
2023-05-06 14:35:19.989 [main][5628] DEBUG io.netty.util.internal.PlatformDependent - -Dio.netty.maxDirectMemory: -1 bytes
2023-05-06 14:35:19.989 [main][5628] DEBUG io.netty.util.internal.PlatformDependent - -Dio.netty.uninitializedArrayAllocationThreshold: -1
2023-05-06 14:35:19.990 [main][5629] DEBUG io.netty.util.internal.CleanerJava9 - java.nio.ByteBuffer.cleaner(): available
2023-05-06 14:35:19.990 [main][5629] DEBUG io.netty.util.internal.PlatformDependent - -Dio.netty.noPreferDirect: false
2023-05-06 14:35:19.996 [main][5635] DEBUG io.netty.util.internal.PlatformDependent - org.jctools-core.MpscChunkedArrayQueue: available
2023-05-06 14:35:20.008 [main][5647] DEBUG io.netty.util.internal.InternalThreadLocalMap - -Dio.netty.threadLocalMap.stringBuilder.initialSize: 1024
2023-05-06 14:35:20.009 [main][5648] DEBUG io.netty.util.internal.InternalThreadLocalMap - -Dio.netty.threadLocalMap.stringBuilder.maxSize: 4096
2023-05-06 14:35:20.028 [main][5667] DEBUG io.netty.handler.ssl.JdkSslContext - Default protocols (JDK): [TLSv1.3, TLSv1.2] 
2023-05-06 14:35:20.028 [main][5667] DEBUG io.netty.handler.ssl.JdkSslContext - Default cipher suites (JDK): [TLS_ECDHE_ECDSA_WITH_AES_256_GCM_SHA384, TLS_ECDHE_ECDSA_WITH_AES_128_GCM_SHA256, TLS_ECDHE_RSA_WITH_AES_128_GCM_SHA256, TLS_ECDHE_RSA_WITH_AES_256_GCM_SHA384, TLS_ECDHE_RSA_WITH_AES_128_CBC_SHA, TLS_ECDHE_RSA_WITH_AES_256_CBC_SHA, TLS_RSA_WITH_AES_128_GCM_SHA256, TLS_RSA_WITH_AES_128_CBC_SHA, TLS_RSA_WITH_AES_256_CBC_SHA, TLS_AES_128_GCM_SHA256, TLS_AES_256_GCM_SHA384]
2023-05-06 14:35:20.038 [main][5677] DEBUG io.netty.util.concurrent.GlobalEventExecutor - -Dio.netty.globalEventExecutor.quietPeriodSeconds: 1
2023-05-06 14:35:20.049 [main][5688] DEBUG io.netty.channel.MultithreadEventLoopGroup - -Dio.netty.eventLoopThreads: 16
2023-05-06 14:35:20.057 [main][5696] DEBUG io.netty.channel.nio.NioEventLoop - -Dio.netty.noKeySetOptimization: false
2023-05-06 14:35:20.057 [main][5696] DEBUG io.netty.channel.nio.NioEventLoop - -Dio.netty.selectorAutoRebuildThreshold: 512
2023-05-06 14:35:20.108 [main][5747] DEBUG io.netty.buffer.PooledByteBufAllocator - -Dio.netty.allocator.numHeapArenas: 16
2023-05-06 14:35:20.108 [main][5747] DEBUG io.netty.buffer.PooledByteBufAllocator - -Dio.netty.allocator.numDirectArenas: 16
2023-05-06 14:35:20.108 [main][5747] DEBUG io.netty.buffer.PooledByteBufAllocator - -Dio.netty.allocator.pageSize: 8192
2023-05-06 14:35:20.108 [main][5747] DEBUG io.netty.buffer.PooledByteBufAllocator - -Dio.netty.allocator.maxOrder: 9
2023-05-06 14:35:20.109 [main][5748] DEBUG io.netty.buffer.PooledByteBufAllocator - -Dio.netty.allocator.chunkSize: 4194304
2023-05-06 14:35:20.109 [main][5748] DEBUG io.netty.buffer.PooledByteBufAllocator - -Dio.netty.allocator.smallCacheSize: 256
2023-05-06 14:35:20.109 [main][5748] DEBUG io.netty.buffer.PooledByteBufAllocator - -Dio.netty.allocator.normalCacheSize: 64
2023-05-06 14:35:20.109 [main][5748] DEBUG io.netty.buffer.PooledByteBufAllocator - -Dio.netty.allocator.maxCachedBufferCapacity: 32768
2023-05-06 14:35:20.109 [main][5748] DEBUG io.netty.buffer.PooledByteBufAllocator - -Dio.netty.allocator.cacheTrimInterval: 8192
2023-05-06 14:35:20.109 [main][5748] DEBUG io.netty.buffer.PooledByteBufAllocator - -Dio.netty.allocator.cacheTrimIntervalMillis: 0
2023-05-06 14:35:20.109 [main][5748] DEBUG io.netty.buffer.PooledByteBufAllocator - -Dio.netty.allocator.useCacheForAllThreads: false
2023-05-06 14:35:20.109 [main][5748] DEBUG io.netty.buffer.PooledByteBufAllocator - -Dio.netty.allocator.maxCachedByteBuffersPerChunk: 1023
2023-05-06 14:35:20.118 [main][5757] DEBUG io.netty.buffer.ByteBufUtil - -Dio.netty.allocator.type: pooled
2023-05-06 14:35:20.119 [main][5758] DEBUG io.netty.buffer.ByteBufUtil - -Dio.netty.threadLocalDirectBufferSize: 0
2023-05-06 14:35:20.119 [main][5758] DEBUG io.netty.buffer.ByteBufUtil - -Dio.netty.maxThreadLocalCharBufferSize: 16384
2023-05-06 14:35:20.399 [Forwarding newSession on session null to remote][6038] DEBUG io.netty.channel.DefaultChannelId - -Dio.netty.processId: 29568 (auto-detected)
2023-05-06 14:35:20.402 [Forwarding newSession on session null to remote][6041] DEBUG io.netty.util.NetUtil - -Djava.net.preferIPv4Stack: false
2023-05-06 14:35:20.402 [Forwarding newSession on session null to remote][6041] DEBUG io.netty.util.NetUtil - -Djava.net.preferIPv6Addresses: false
2023-05-06 14:35:20.542 [Forwarding newSession on session null to remote][6181] DEBUG io.netty.util.NetUtilInitializations - Loopback interface: lo (Software Loopback Interface 1, 127.0.0.1)
2023-05-06 14:35:20.544 [Forwarding newSession on session null to remote][6183] DEBUG io.netty.util.NetUtil - Failed to get SOMAXCONN from sysctl and file \proc\sys\net\core\somaxconn. Default: 200
2023-05-06 14:35:20.552 [Forwarding newSession on session null to remote][6191] DEBUG io.netty.channel.DefaultChannelId - -Dio.netty.machineId: 98:43:fa:ff:fe:25:70:e2 (auto-detected)
2023-05-06 14:35:20.604 [AsyncHttpClient-1-2][6243] DEBUG io.netty.buffer.AbstractByteBuf - -Dio.netty.buffer.checkAccessible: true
2023-05-06 14:35:20.604 [AsyncHttpClient-1-2][6243] DEBUG io.netty.buffer.AbstractByteBuf - -Dio.netty.buffer.checkBounds: true
2023-05-06 14:35:20.604 [AsyncHttpClient-1-2][6243] DEBUG io.netty.util.ResourceLeakD