2023-05-21 13:47:13.169 [main][3046] INFO  step_definitions.Hooks - --------Scenario: Check login is successful with valid credentials-------
2023-05-21 13:47:13.837 [main][3714] DEBUG io.netty.util.internal.logging.InternalLoggerFactory - Using Log4J2 as the default logging framework
2023-05-21 13:47:13.852 [main][3729] DEBUG io.netty.util.ResourceLeakDetector - -Dio.netty.leakDetection.level: simple
2023-05-21 13:47:13.853 [main][3730] DEBUG io.netty.util.ResourceLeakDetector - -Dio.netty.leakDetection.targetRecords: 4
2023-05-21 13:47:13.859 [main][3736] DEBUG io.netty.util.ResourceLeakDetectorFactory - Loaded default ResourceLeakDetector: io.netty.util.ResourceLeakDetector@95bb2a2
2023-05-21 13:47:13.885 [main][3762] DEBUG io.netty.util.internal.PlatformDependent0 - -Dio.netty.noUnsafe: false
2023-05-21 13:47:13.885 [main][3762] DEBUG io.netty.util.internal.PlatformDependent0 - Java version: 11
2023-05-21 13:47:13.887 [main][3764] DEBUG io.netty.util.internal.PlatformDependent0 - sun.misc.Unsafe.theUnsafe: available
2023-05-21 13:47:13.887 [main][3764] DEBUG io.netty.util.internal.PlatformDependent0 - sun.misc.Unsafe.copyMemory: available
2023-05-21 13:47:13.889 [main][3766] DEBUG io.netty.util.internal.PlatformDependent0 - sun.misc.Unsafe.storeFence: available
2023-05-21 13:47:13.889 [main][3766] DEBUG io.netty.util.internal.PlatformDependent0 - java.nio.Buffer.address: available
2023-05-21 13:47:13.891 [main][3768] DEBUG io.netty.util.internal.PlatformDependent0 - direct buffer constructor: unavailable: Reflective setAccessible(true) disabled
2023-05-21 13:47:13.893 [main][3770] DEBUG io.netty.util.internal.PlatformDependent0 - java.nio.Bits.unaligned: available, true
2023-05-21 13:47:13.896 [main][3773] DEBUG io.netty.util.internal.PlatformDependent0 - jdk.internal.misc.Unsafe.allocateUninitializedArray(int): unavailable: class io.netty.util.internal.PlatformDependent0$7 cannot access class jdk.internal.misc.Unsafe (in module java.base) because module java.base does not export jdk.internal.misc to unnamed module @3e96bacf
2023-05-21 13:47:13.898 [main][3775] DEBUG io.netty.util.internal.PlatformDependent0 - java.nio.DirectByteBuffer.<init>(long, int): unavailable
2023-05-21 13:47:13.899 [main][3776] DEBUG io.netty.util.internal.PlatformDependent - sun.misc.Unsafe: available
2023-05-21 13:47:13.900 [main][3777] DEBUG io.netty.util.internal.PlatformDependent - maxDirectMemory: 4227858432 bytes (maybe)
2023-05-21 13:47:13.900 [main][3777] DEBUG io.netty.util.internal.PlatformDependent - -Dio.netty.tmpdir: C:\Users\riyad\AppData\Local\Temp (java.io.tmpdir)
2023-05-21 13:47:13.901 [main][3778] DEBUG io.netty.util.internal.PlatformDependent - -Dio.netty.bitMode: 64 (sun.arch.data.model)
2023-05-21 13:47:13.901 [main][3778] DEBUG io.netty.util.internal.PlatformDependent - Platform: Windows
2023-05-21 13:47:13.902 [main][3779] DEBUG io.netty.util.internal.PlatformDependent - -Dio.netty.maxDirectMemory: -1 bytes
2023-05-21 13:47:13.902 [main][3779] DEBUG io.netty.util.internal.PlatformDependent - -Dio.netty.uninitializedArrayAllocationThreshold: -1
2023-05-21 13:47:13.904 [main][3781] DEBUG io.netty.util.internal.CleanerJava9 - java.nio.ByteBuffer.cleaner(): available
2023-05-21 13:47:13.904 [main][3781] DEBUG io.netty.util.internal.PlatformDependent - -Dio.netty.noPreferDirect: false
2023-05-21 13:47:13.915 [main][3792] DEBUG io.netty.util.internal.PlatformDependent - org.jctools-core.MpscChunkedArrayQueue: available
2023-05-21 13:47:13.942 [main][3819] DEBUG io.netty.util.internal.InternalThreadLocalMap - -Dio.netty.threadLocalMap.stringBuilder.initialSize: 1024
2023-05-21 13:47:13.942 [main][3819] DEBUG io.netty.util.internal.InternalThreadLocalMap - -Dio.netty.threadLocalMap.stringBuilder.maxSize: 4096
2023-05-21 13:47:13.974 [main][3851] DEBUG io.netty.handler.ssl.JdkSslContext - Default protocols (JDK): [TLSv1.3, TLSv1.2] 
2023-05-21 13:47:13.975 [main][3852] DEBUG io.netty.handler.ssl.JdkSslContext - Default cipher suites (JDK): [TLS_ECDHE_ECDSA_WITH_AES_256_GCM_SHA384, TLS_ECDHE_ECDSA_WITH_AES_128_GCM_SHA256, TLS_ECDHE_RSA_WITH_AES_128_GCM_SHA256, TLS_ECDHE_RSA_WITH_AES_256_GCM_SHA384, TLS_ECDHE_RSA_WITH_AES_128_CBC_SHA, TLS_ECDHE_RSA_WITH_AES_256_CBC_SHA, TLS_RSA_WITH_AES_128_GCM_SHA256, TLS_RSA_WITH_AES_128_CBC_SHA, TLS_RSA_WITH_AES_256_CBC_SHA, TLS_AES_128_GCM_SHA256, TLS_AES_256_GCM_SHA384]
2023-05-21 13:47:13.994 [main][3871] DEBUG io.netty.util.concurrent.GlobalEventExecutor - -Dio.netty.globalEventExecutor.quietPeriodSeconds: 1
2023-05-21 13:47:14.017 [main][3894] DEBUG io.netty.channel.MultithreadEventLoopGroup - -Dio.netty.eventLoopThreads: 16
2023-05-21 13:47:14.032 [main][3909] DEBUG io.netty.channel.nio.NioEventLoop - -Dio.netty.noKeySetOptimization: false
2023-05-21 13:47:14.032 [main][3909] DEBUG io.netty.channel.nio.NioEventLoop - -Dio.netty.selectorAutoRebuildThreshold: 512
2023-05-21 13:47:14.106 [main][3983] DEBUG io.netty.buffer.PooledByteBufAllocator - -Dio.netty.allocator.numHeapArenas: 16
2023-05-21 13:47:14.106 [main][3983] DEBUG io.netty.buffer.PooledByteBufAllocator - -Dio.netty.allocator.numDirectArenas: 16
2023-05-21 13:47:14.106 [main][3983] DEBUG io.netty.buffer.PooledByteBufAllocator - -Dio.netty.allocator.pageSize: 8192
2023-05-21 13:47:14.106 [main][3983] DEBUG io.netty.buffer.PooledByteBufAllocator - -Dio.netty.allocator.maxOrder: 9
2023-05-21 13:47:14.106 [main][3983] DEBUG io.netty.buffer.PooledByteBufAllocator - -Dio.netty.allocator.chunkSize: 4194304
2023-05-21 13:47:14.106 [main][3983] DEBUG io.netty.buffer.PooledByteBufAllocator - -Dio.netty.allocator.smallCacheSize: 256
2023-05-21 13:47:14.108 [main][3985] DEBUG io.netty.buffer.PooledByteBufAllocator - -Dio.netty.allocator.normalCacheSize: 64
2023-05-21 13:47:14.108 [main][3985] DEBUG io.netty.buffer.PooledByteBufAllocator - -Dio.netty.allocator.maxCachedBufferCapacity: 32768
2023-05-21 13:47:14.108 [main][3985] DEBUG io.netty.buffer.PooledByteBufAllocator - -Dio.netty.allocator.cacheTrimInterval: 8192
2023-05-21 13:47:14.108 [main][3985] DEBUG io.netty.buffer.PooledByteBufAllocator - -Dio.netty.allocator.cacheTrimIntervalMillis: 0
2023-05-21 13:47:14.108 [main][3985] DEBUG io.netty.buffer.PooledByteBufAllocator - -Dio.netty.allocator.useCacheForAllThreads: false
2023-05-21 13:47:14.108 [main][3985] DEBUG io.netty.buffer.PooledByteBufAllocator - -Dio.netty.allocator.maxCachedByteBuffersPerChunk: 1023
2023-05-21 13:47:14.127 [main][4004] DEBUG io.netty.buffer.ByteBufUtil - -Dio.netty.allocator.type: pooled
2023-05-21 13:47:14.127 [main][4004] DEBUG io.netty.buffer.ByteBufUtil - -Dio.netty.threadLocalDirectBufferSize: 0
2023-05-21 13:47:14.127 [main][4004] DEBUG io.netty.buffer.ByteBufUtil - -Dio.netty.maxThreadLocalCharBufferSize: 16384
2023-05-21 13:47:14.562 [Forwarding newSession on session null to remote][4439] DEBUG io.netty.channel.DefaultChannelId - -Dio.netty.processId: 37920 (auto-detected)
2023-05-21 13:47:14.566 [Forwarding newSession on session null to remote][4443] DEBUG io.netty.util.NetUtil - -Djava.net.preferIPv4Stack: false
2023-05-21 13:47:14.566 [Forwarding newSession on session null to remote][4443] DEBUG io.netty.util.NetUtil - -Djava.net.preferIPv6Addresses: false
2023-05-21 13:47:14.857 [Forwarding newSession on session null to remote][4734] DEBUG io.netty.util.NetUtilInitializations - Loopback interface: lo (Software Loopback Interface 1, 127.0.0.1)
2023-05-21 13:47:14.858 [Forwarding newSession on session null to remote][4735] DEBUG io.netty.util.NetUtil - Failed to get SOMAXCONN from sysctl and file \proc\sys\net\core\somaxconn. Default: 200
2023-05-21 13:47:14.883 [Forwarding newSession on session null to remote][4760] DEBUG io.netty.channel.DefaultChannelId - -Dio.netty.machineId: 98:43:fa:ff:fe:25:70:e2 (auto-detected)
2023-05-21 13:47:14.954 [AsyncHttpClient-1-2][4831] DEBUG io.netty.buffer.AbstractByteBuf - -Dio.netty.buffer.checkAccessible: true
2023-05-21 13:47:14.955 [AsyncHttpClient-1-2][4832] DEBUG io.netty.buffer.AbstractByteBuf - -Dio.netty.buffer.checkBounds: true
2023-05-21 13:47:14.955 [AsyncHttpClient-1-2][4832] DEBUG io.netty.util.ResourceLeakDetectorFactory - Loaded default ResourceLeakDetector: io.netty.util.ResourceLeakDetector@65bdc306
2023-05-21 13:47:15.000 [AsyncHttpClient-1-2][4877] DEBUG io.netty.util.Recycler - -Dio.netty.recycler.maxCapacityPerThread: 4096
2023-05-21 13:47:15.000 [AsyncHttpClient-1-2][4877] DEBUG io.netty.util.Recycler - -Dio.netty.recycler.ratio: 8
2023-05-21 13:47:15.000 [AsyncHttpClient-1-2][4877] DEBUG io.netty.util.Recycler - -Dio.netty.recycler.chunkSize: 32
2023-05-21 13:47:15.000 [AsyncHttpClient-1-2][4877] DEBUG io.netty.util.Recycler - -Dio.netty.recycler.blocking: false
2023-05-21 13:47:15.000 [AsyncHttpClient-1-2][4877] DEBUG io.netty.util.Recycler - -Dio.netty.recycler.batchFastThreadLocalOnly: true
2023-05-21 13:47:15.778 [AsyncHttpClient-1-2][5655] DEBUG io.netty.handler.codec.compression.Brotli - brotli4j not in the classpath; Brotli support will be unavailable.
2023-05-21 13:47:15.950 [main][5827] DEBUG io.netty.util.internal.ThreadLocalRandom - -Dio.netty.initialSeedUniquifier: 0x76c6703685306ae8
2023-05-21 13:47:17.329 [main][7206] INFO  step_definitions.LoginSteps - user is in the login page
2023-05-21 13:47:17.747 [main][7624] INFO  step_definitions.LoginSteps - User has entered credentials
2023-05-21 13:47:17.857 [main][7734] INFO  step_definitions.LoginSteps - User click on the login button
2023-05-21 13:47:17.914 [main][7791] INFO  step_definitions.LoginSteps - User is in Home Page
2023-05-21 13:47:18.634 [main][8511] INFO  step_definitions.Hooks - -------Scenario: Check login is successful with valid credentials------
2023-05-21 13:47:18.659 [main][8536] INFO  step_definitions.Hooks - --------Scenario: Check login is successful with valid credentials for multiple users-------
2023-05-21 13:47:21.539 [main][11416] INFO  step_definitions.LoginSteps - user is in the login page
2023-05-21 13:47:21.957 [main][11834] INFO  step_definitions.LoginSteps - User has entered credentials
2023-05-21 13:47:22.062 [main][11939] INFO  step_definitions.LoginSteps - User click on the login button
2023-05-21 13:47:22.121 [main][11998] INFO  step_definitions.LoginSteps - User is in Home Page
2023-05-21 13:47:22.631 [main][12508] INFO  step_definitions.Hooks - -------Scenario: Check login is successful with valid credentials for multiple users------
2023-05-21 13:47:22.636 [main][12513] INFO  step_definitions.Hooks - --------Scenario: Check login is successful with valid credentials for multiple users-------
2023-05-21 13:47:25.304 [main][15181] INFO  step_definitions.LoginSteps - user is in the login page
2023-05-21 13:47:25.828 [main][15705] INFO  step_definitions.LoginSteps - User has entered credentials
2023-05-21 13:47:25.944 [main][15821] INFO  step_definitions.LoginSteps - User click on the login button
2023-05-21 13:47:25.993 [main][15870] INFO  step_definitions.LoginSteps - User is in Home Page
2023-05-21 13:47:26.613 [main][16490] INFO  step_definitions.Hooks - -------Scenario: Check login is successful with valid credentials for multiple users------
2023-05-21 13:47:26.617 [main][16494] INFO  step_definitions.Hooks - --------Scenario: Check login is successful with valid credentials for multiple users-------
2023-05-21 13:47:28.842 [main][18719] INFO  step_definitions.LoginSteps - user is in the login page
2023-05-21 13:47:29.190 [main][19067] INFO  step_definitions.LoginSteps - User has entered credentials
2023-05-21 13:47:29.282 [main][19159] INFO  step_definitions.LoginSteps - User click on the login button
2023-05-21 13:47:29.322 [main][19199] INFO  step_definitions.LoginSteps - User is in Home Page
2023-05-21 13:47:29.666 [main][19543] INFO  step_definitions.Hooks - -------Scenario: Check login is successful with valid credentials for multiple users------
2023-05-21 13:47:29.673 [main][19550] INFO  step_definitions.Hooks - --------Scenario: Check login is successful with valid credentials-------
2023-05-21 13:47:31.626 [main][21503] INFO  step_definitions.LoginSteps - user is in the login page
2023-05-21 13:47:31.932 [main][21809] INFO  step_definitions.LoginSteps - User has entered credentials
2023-05-21 13:47:32.013 [main][21890] INFO  step_definitions.LoginSteps - User clicking on the login button
2023-05-21 13:47:32.062 [main][21939] INFO  step_definitions.LoginSteps - User is in Home Page
2023-05-21 13:47:32.357 [main][22234] INFO  step_definitions.Hooks - -------Scenario: Check login is successful with valid credentials------
2023-05-21 13:47:32.360 [main][22237] INFO  step_definitions.Hooks - --------Scenario: Check login is unsuccessful with invalid credentials-------
2023-05-21 13:47:34.337 [main][24214] INFO  step_definitions.LoginSteps - user is in the login page
2023-05-21 13:47:34.663 [main][24540] INFO  step_definitions.LoginSteps - User has entered credentials
2023-05-21 13:47:34.760 [main][24637] INFO  step_definitions.LoginSteps - User click on the login button
2023-05-21 13:47:34.809 [main][24686] INFO  step_definitions.LoginSteps - User is still in login page
2023-05-21 13:47:35.115 [main][24992] INFO  step_definitions.Hooks - -------Scenario: Check login is unsuccessful with invalid credentials------
2023-05-21 13:47:35.122 [main][24999] INFO  step_definitions.Hooks - --------Scenario: Calculator Real APR Rate-------
2023-05-21 13:47:38.179 [main][28056] INFO  step_definitions.MortgageSteps - User is in the Mortgage Calculator Home page
2023-05-21 13:47:38.183 [main][28060] DEBUG page_object.NavigationBar - mouse hover to the rates link
2023-05-21 13:47:38.396 [main][28273] DEBUG page_object.NavigationBar - Clicking on the Real APR link
2023-05-21 13:47:39.681 [main][29558] DEBUG page_object.RealApr - Waiting for the page to load
2023-05-21 13:47:39.760 [main][29637] INFO  step_definitions.MortgageSteps - Navigate to Real Apr page
2023-05-21 13:47:39.761 [main][29638] DEBUG page_object.RealApr - Typing the Home Price Value:200000
2023-05-21 13:47:40.420 [main][30297] DEBUG page_object.RealApr - Typing the down payment value:15000
2023-05-21 13:47:40.942 [main][30819] DEBUG page_object.RealApr - Typing the InterestRate Value:3
2023-05-21 13:47:41.336 [main][31213] DEBUG page_object.RealApr - Clicking on calculate button
2023-05-21 13:47:42.490 [main][32367] INFO  step_definitions.MortgageSteps - Real APR rate is calculated upon entering the data
2023-05-21 13:47:42.491 [main][32368] DEBUG page_object.RealApr - Validate the real APR rate is:3.139%
2023-05-21 13:47:42.732 [main][32609] INFO  step_definitions.MortgageSteps - Real APR rate: 3.139% is validated
2023-05-21 13:47:43.052 [main][32929] INFO  step_definitions.Hooks - -------Scenario: Calculator Real APR Rate------
