2023-05-03 13:08:55.348 [main][3989] DEBUG io.netty.util.internal.logging.InternalLoggerFactory - Using Log4J2 as the default logging framework
2023-05-03 13:08:55.372 [main][4013] DEBUG io.netty.util.ResourceLeakDetector - -Dio.netty.leakDetection.level: simple
2023-05-03 13:08:55.373 [main][4014] DEBUG io.netty.util.ResourceLeakDetector - -Dio.netty.leakDetection.targetRecords: 4
2023-05-03 13:08:55.382 [main][4023] DEBUG io.netty.util.ResourceLeakDetectorFactory - Loaded default ResourceLeakDetector: io.netty.util.ResourceLeakDetector@1abc9f14
2023-05-03 13:08:55.423 [main][4064] DEBUG io.netty.util.internal.PlatformDependent0 - -Dio.netty.noUnsafe: false
2023-05-03 13:08:55.425 [main][4066] DEBUG io.netty.util.internal.PlatformDependent0 - Java version: 11
2023-05-03 13:08:55.429 [main][4070] DEBUG io.netty.util.internal.PlatformDependent0 - sun.misc.Unsafe.theUnsafe: available
2023-05-03 13:08:55.430 [main][4071] DEBUG io.netty.util.internal.PlatformDependent0 - sun.misc.Unsafe.copyMemory: available
2023-05-03 13:08:55.431 [main][4072] DEBUG io.netty.util.internal.PlatformDependent0 - sun.misc.Unsafe.storeFence: available
2023-05-03 13:08:55.438 [main][4079] DEBUG io.netty.util.internal.PlatformDependent0 - java.nio.Buffer.address: available
2023-05-03 13:08:55.439 [main][4080] DEBUG io.netty.util.internal.PlatformDependent0 - direct buffer constructor: unavailable: Reflective setAccessible(true) disabled
2023-05-03 13:08:55.441 [main][4082] DEBUG io.netty.util.internal.PlatformDependent0 - java.nio.Bits.unaligned: available, true
2023-05-03 13:08:55.444 [main][4085] DEBUG io.netty.util.internal.PlatformDependent0 - jdk.internal.misc.Unsafe.allocateUninitializedArray(int): unavailable: class io.netty.util.internal.PlatformDependent0$7 cannot access class jdk.internal.misc.Unsafe (in module java.base) because module java.base does not export jdk.internal.misc to unnamed module @59906517
2023-05-03 13:08:55.447 [main][4088] DEBUG io.netty.util.internal.PlatformDependent0 - java.nio.DirectByteBuffer.<init>(long, int): unavailable
2023-05-03 13:08:55.448 [main][4089] DEBUG io.netty.util.internal.PlatformDependent - sun.misc.Unsafe: available
2023-05-03 13:08:55.450 [main][4091] DEBUG io.netty.util.internal.PlatformDependent - maxDirectMemory: 4227858432 bytes (maybe)
2023-05-03 13:08:55.451 [main][4092] DEBUG io.netty.util.internal.PlatformDependent - -Dio.netty.tmpdir: C:\Users\riyad\AppData\Local\Temp (java.io.tmpdir)
2023-05-03 13:08:55.451 [main][4092] DEBUG io.netty.util.internal.PlatformDependent - -Dio.netty.bitMode: 64 (sun.arch.data.model)
2023-05-03 13:08:55.451 [main][4092] DEBUG io.netty.util.internal.PlatformDependent - Platform: Windows
2023-05-03 13:08:55.453 [main][4094] DEBUG io.netty.util.internal.PlatformDependent - -Dio.netty.maxDirectMemory: -1 bytes
2023-05-03 13:08:55.453 [main][4094] DEBUG io.netty.util.internal.PlatformDependent - -Dio.netty.uninitializedArrayAllocationThreshold: -1
2023-05-03 13:08:55.455 [main][4096] DEBUG io.netty.util.internal.CleanerJava9 - java.nio.ByteBuffer.cleaner(): available
2023-05-03 13:08:55.455 [main][4096] DEBUG io.netty.util.internal.PlatformDependent - -Dio.netty.noPreferDirect: false
2023-05-03 13:08:55.470 [main][4111] DEBUG io.netty.util.internal.PlatformDependent - org.jctools-core.MpscChunkedArrayQueue: available
2023-05-03 13:08:55.526 [main][4167] DEBUG io.netty.util.internal.InternalThreadLocalMap - -Dio.netty.threadLocalMap.stringBuilder.initialSize: 1024
2023-05-03 13:08:55.526 [main][4167] DEBUG io.netty.util.internal.InternalThreadLocalMap - -Dio.netty.threadLocalMap.stringBuilder.maxSize: 4096
2023-05-03 13:08:55.569 [main][4210] DEBUG io.netty.handler.ssl.JdkSslContext - Default protocols (JDK): [TLSv1.3, TLSv1.2] 
2023-05-03 13:08:55.570 [main][4211] DEBUG io.netty.handler.ssl.JdkSslContext - Default cipher suites (JDK): [TLS_ECDHE_ECDSA_WITH_AES_256_GCM_SHA384, TLS_ECDHE_ECDSA_WITH_AES_128_GCM_SHA256, TLS_ECDHE_RSA_WITH_AES_128_GCM_SHA256, TLS_ECDHE_RSA_WITH_AES_256_GCM_SHA384, TLS_ECDHE_RSA_WITH_AES_128_CBC_SHA, TLS_ECDHE_RSA_WITH_AES_256_CBC_SHA, TLS_RSA_WITH_AES_128_GCM_SHA256, TLS_RSA_WITH_AES_128_CBC_SHA, TLS_RSA_WITH_AES_256_CBC_SHA, TLS_AES_128_GCM_SHA256, TLS_AES_256_GCM_SHA384]
2023-05-03 13:08:55.612 [main][4253] DEBUG io.netty.util.concurrent.GlobalEventExecutor - -Dio.netty.globalEventExecutor.quietPeriodSeconds: 1
2023-05-03 13:08:55.645 [main][4286] DEBUG io.netty.channel.MultithreadEventLoopGroup - -Dio.netty.eventLoopThreads: 16
2023-05-03 13:08:55.657 [main][4298] DEBUG io.netty.channel.nio.NioEventLoop - -Dio.netty.noKeySetOptimization: false
2023-05-03 13:08:55.657 [main][4298] DEBUG io.netty.channel.nio.NioEventLoop - -Dio.netty.selectorAutoRebuildThreshold: 512
2023-05-03 13:08:55.741 [main][4382] DEBUG io.netty.buffer.PooledByteBufAllocator - -Dio.netty.allocator.numHeapArenas: 16
2023-05-03 13:08:55.741 [main][4382] DEBUG io.netty.buffer.PooledByteBufAllocator - -Dio.netty.allocator.numDirectArenas: 16
2023-05-03 13:08:55.741 [main][4382] DEBUG io.netty.buffer.PooledByteBufAllocator - -Dio.netty.allocator.pageSize: 8192
2023-05-03 13:08:55.741 [main][4382] DEBUG io.netty.buffer.PooledByteBufAllocator - -Dio.netty.allocator.maxOrder: 9
2023-05-03 13:08:55.741 [main][4382] DEBUG io.netty.buffer.PooledByteBufAllocator - -Dio.netty.allocator.chunkSize: 4194304
2023-05-03 13:08:55.741 [main][4382] DEBUG io.netty.buffer.PooledByteBufAllocator - -Dio.netty.allocator.smallCacheSize: 256
2023-05-03 13:08:55.742 [main][4383] DEBUG io.netty.buffer.PooledByteBufAllocator - -Dio.netty.allocator.normalCacheSize: 64
2023-05-03 13:08:55.742 [main][4383] DEBUG io.netty.buffer.PooledByteBufAllocator - -Dio.netty.allocator.maxCachedBufferCapacity: 32768
2023-05-03 13:08:55.742 [main][4383] DEBUG io.netty.buffer.PooledByteBufAllocator - -Dio.netty.allocator.cacheTrimInterval: 8192
2023-05-03 13:08:55.742 [main][4383] DEBUG io.netty.buffer.PooledByteBufAllocator - -Dio.netty.allocator.cacheTrimIntervalMillis: 0
2023-05-03 13:08:55.742 [main][4383] DEBUG io.netty.buffer.PooledByteBufAllocator - -Dio.netty.allocator.useCacheForAllThreads: false
2023-05-03 13:08:55.742 [main][4383] DEBUG io.netty.buffer.PooledByteBufAllocator - -Dio.netty.allocator.maxCachedByteBuffersPerChunk: 1023
2023-05-03 13:08:55.759 [main][4400] DEBUG io.netty.buffer.ByteBufUtil - -Dio.netty.allocator.type: pooled
2023-05-03 13:08:55.759 [main][4400] DEBUG io.netty.buffer.ByteBufUtil - -Dio.netty.threadLocalDirectBufferSize: 0
2023-05-03 13:08:55.759 [main][4400] DEBUG io.netty.buffer.ByteBufUtil - -Dio.netty.maxThreadLocalCharBufferSize: 16384
2023-05-03 13:08:56.228 [Forwarding newSession on session null to remote][4869] DEBUG io.netty.channel.DefaultChannelId - -Dio.netty.processId: 13348 (auto-detected)
2023-05-03 13:08:56.232 [Forwarding newSession on session null to remote][4873] DEBUG io.netty.util.NetUtil - -Djava.net.preferIPv4Stack: false
2023-05-03 13:08:56.232 [Forwarding newSession on session null to remote][4873] DEBUG io.netty.util.NetUtil - -Djava.net.preferIPv6Addresses: false
2023-05-03 13:08:56.456 [Forwarding newSession on session null to remote][5097] DEBUG io.netty.util.NetUtilInitializations - Loopback interface: lo (Software Loopback Interface 1, 127.0.0.1)
2023-05-03 13:08:56.457 [Forwarding newSession on session null to remote][5098] DEBUG io.netty.util.NetUtil - Failed to get SOMAXCONN from sysctl and file \proc\sys\net\core\somaxconn. Default: 200
2023-05-03 13:08:56.471 [Forwarding newSession on session null to remote][5112] DEBUG io.netty.channel.DefaultChannelId - -Dio.netty.machineId: 98:43:fa:ff:fe:25:70:e2 (auto-detected)
2023-05-03 13:08:56.563 [AsyncHttpClient-1-2][5204] DEBUG io.netty.buffer.AbstractByteBuf - -Dio.netty.buffer.checkAccessible: true
2023-05-03 13:08:56.564 [AsyncHttpClient-1-2][5205] DEBUG io.netty.buffer.AbstractByteBuf - -Dio.netty.buffer.checkBounds: true
2023-05-03 13:08:56.564 [AsyncHttpClient-1-2][5205] DEBUG io.netty.util.ResourceLeakDetectorFactory - Loaded default ResourceLeakDetector: io.netty.util.ResourceLeakDetector@5df2c941
2023-05-03 13:08:56.620 [AsyncHttpClient-1-2][5261] DEBUG io.netty.util.Recycler - -Dio.netty.recycler.maxCapacityPerThread: 4096
2023-05-03 13:08:56.621 [AsyncHttpClient-1-2][5262] DEBUG io.netty.util.Recycler - -Dio.netty.recycler.ratio: 8
2023-05-03 13:08:56.621 [AsyncHttpClient-1-2][5262] DEBUG io.netty.util.Recycler - -Dio.netty.recycler.chunkSize: 32
2023-05-03 13:08:56.622 [AsyncHttpClient-1-2][5263] DEBUG io.netty.util.Recycler - -Dio.netty.recycler.blocking: false
2023-05-03 13:08:56.622 [AsyncHttpClient-1-2][5263] DEBUG io.netty.util.Recycler - -Dio.netty.recycler.batchFastThreadLocalOnly: true
2023-05-03 13:08:57.922 [AsyncHttpClient-1-2][6563] DEBUG io.netty.handler.codec.compression.Brotli - brotli4j not in the classpath; Brotli support will be unavailable.
2023-05-03 13:08:58.180 [main][6821] DEBUG io.netty.util.internal.ThreadLocalRandom - -Dio.netty.initialSeedUniquifier: 0xab619e2a59e4565f
2023-05-03 13:08:59.296 [main][7937] INFO  step_definitions.LoginSteps - user is on the login page
2023-05-03 13:08:59.786 [main][8427] INFO  step_definitions.LoginSteps - User has entered credentials
2023-05-03 13:08:59.908 [main][8549] INFO  step_definitions.LoginSteps - User click on the login button
2023-05-03 13:08:59.975 [main][8616] INFO  step_definitions.LoginSteps - User is in Home Page
