2023-05-21 13:40:32.891 [main][7701] INFO  step_definitions.Hooks - --------Scenario: Calculator Real APR Rate-------
2023-05-21 13:40:34.638 [main][9448] DEBUG io.netty.util.internal.logging.InternalLoggerFactory - Using Log4J2 as the default logging framework
2023-05-21 13:40:34.657 [main][9467] DEBUG io.netty.util.ResourceLeakDetector - -Dio.netty.leakDetection.level: simple
2023-05-21 13:40:34.657 [main][9467] DEBUG io.netty.util.ResourceLeakDetector - -Dio.netty.leakDetection.targetRecords: 4
2023-05-21 13:40:34.662 [main][9472] DEBUG io.netty.util.ResourceLeakDetectorFactory - Loaded default ResourceLeakDetector: io.netty.util.ResourceLeakDetector@65f2f9b0
2023-05-21 13:40:34.696 [main][9506] DEBUG io.netty.util.internal.PlatformDependent0 - -Dio.netty.noUnsafe: false
2023-05-21 13:40:34.696 [main][9506] DEBUG io.netty.util.internal.PlatformDependent0 - Java version: 11
2023-05-21 13:40:34.698 [main][9508] DEBUG io.netty.util.internal.PlatformDependent0 - sun.misc.Unsafe.theUnsafe: available
2023-05-21 13:40:34.698 [main][9508] DEBUG io.netty.util.internal.PlatformDependent0 - sun.misc.Unsafe.copyMemory: available
2023-05-21 13:40:34.699 [main][9509] DEBUG io.netty.util.internal.PlatformDependent0 - sun.misc.Unsafe.storeFence: available
2023-05-21 13:40:34.700 [main][9510] DEBUG io.netty.util.internal.PlatformDependent0 - java.nio.Buffer.address: available
2023-05-21 13:40:34.701 [main][9511] DEBUG io.netty.util.internal.PlatformDependent0 - direct buffer constructor: unavailable: Reflective setAccessible(true) disabled
2023-05-21 13:40:34.702 [main][9512] DEBUG io.netty.util.internal.PlatformDependent0 - java.nio.Bits.unaligned: available, true
2023-05-21 13:40:34.705 [main][9515] DEBUG io.netty.util.internal.PlatformDependent0 - jdk.internal.misc.Unsafe.allocateUninitializedArray(int): unavailable: class io.netty.util.internal.PlatformDependent0$7 cannot access class jdk.internal.misc.Unsafe (in module java.base) because module java.base does not export jdk.internal.misc to unnamed module @46daef40
2023-05-21 13:40:34.708 [main][9518] DEBUG io.netty.util.internal.PlatformDependent0 - java.nio.DirectByteBuffer.<init>(long, int): unavailable
2023-05-21 13:40:34.708 [main][9518] DEBUG io.netty.util.internal.PlatformDependent - sun.misc.Unsafe: available
2023-05-21 13:40:34.709 [main][9519] DEBUG io.netty.util.internal.PlatformDependent - maxDirectMemory: 4227858432 bytes (maybe)
2023-05-21 13:40:34.710 [main][9520] DEBUG io.netty.util.internal.PlatformDependent - -Dio.netty.tmpdir: C:\Users\riyad\AppData\Local\Temp (java.io.tmpdir)
2023-05-21 13:40:34.710 [main][9520] DEBUG io.netty.util.internal.PlatformDependent - -Dio.netty.bitMode: 64 (sun.arch.data.model)
2023-05-21 13:40:34.711 [main][9521] DEBUG io.netty.util.internal.PlatformDependent - Platform: Windows
2023-05-21 13:40:34.712 [main][9522] DEBUG io.netty.util.internal.PlatformDependent - -Dio.netty.maxDirectMemory: -1 bytes
2023-05-21 13:40:34.712 [main][9522] DEBUG io.netty.util.internal.PlatformDependent - -Dio.netty.uninitializedArrayAllocationThreshold: -1
2023-05-21 13:40:34.714 [main][9524] DEBUG io.netty.util.internal.CleanerJava9 - java.nio.ByteBuffer.cleaner(): available
2023-05-21 13:40:34.714 [main][9524] DEBUG io.netty.util.internal.PlatformDependent - -Dio.netty.noPreferDirect: false
2023-05-21 13:40:34.724 [main][9534] DEBUG io.netty.util.internal.PlatformDependent - org.jctools-core.MpscChunkedArrayQueue: available
2023-05-21 13:40:34.758 [main][9568] DEBUG io.netty.util.internal.InternalThreadLocalMap - -Dio.netty.threadLocalMap.stringBuilder.initialSize: 1024
2023-05-21 13:40:34.758 [main][9568] DEBUG io.netty.util.internal.InternalThreadLocalMap - -Dio.netty.threadLocalMap.stringBuilder.maxSize: 4096
2023-05-21 13:40:34.787 [main][9597] DEBUG io.netty.handler.ssl.JdkSslContext - Default protocols (JDK): [TLSv1.3, TLSv1.2] 
2023-05-21 13:40:34.789 [main][9599] DEBUG io.netty.handler.ssl.JdkSslContext - Default cipher suites (JDK): [TLS_ECDHE_ECDSA_WITH_AES_256_GCM_SHA384, TLS_ECDHE_ECDSA_WITH_AES_128_GCM_SHA256, TLS_ECDHE_RSA_WITH_AES_128_GCM_SHA256, TLS_ECDHE_RSA_WITH_AES_256_GCM_SHA384, TLS_ECDHE_RSA_WITH_AES_128_CBC_SHA, TLS_ECDHE_RSA_WITH_AES_256_CBC_SHA, TLS_RSA_WITH_AES_128_GCM_SHA256, TLS_RSA_WITH_AES_128_CBC_SHA, TLS_RSA_WITH_AES_256_CBC_SHA, TLS_AES_128_GCM_SHA256, TLS_AES_256_GCM_SHA384]
2023-05-21 13:40:34.813 [main][9623] DEBUG io.netty.util.concurrent.GlobalEventExecutor - -Dio.netty.globalEventExecutor.quietPeriodSeconds: 1
2023-05-21 13:40:34.839 [main][9649] DEBUG io.netty.channel.MultithreadEventLoopGroup - -Dio.netty.eventLoopThreads: 16
2023-05-21 13:40:34.856 [main][9666] DEBUG io.netty.channel.nio.NioEventLoop - -Dio.netty.noKeySetOptimization: false
2023-05-21 13:40:34.856 [main][9666] DEBUG io.netty.channel.nio.NioEventLoop - -Dio.netty.selectorAutoRebuildThreshold: 512
2023-05-21 13:40:34.919 [main][9729] DEBUG io.netty.buffer.PooledByteBufAllocator - -Dio.netty.allocator.numHeapArenas: 16
2023-05-21 13:40:34.919 [main][9729] DEBUG io.netty.buffer.PooledByteBufAllocator - -Dio.netty.allocator.numDirectArenas: 16
2023-05-21 13:40:34.919 [main][9729] DEBUG io.netty.buffer.PooledByteBufAllocator - -Dio.netty.allocator.pageSize: 8192
2023-05-21 13:40:34.919 [main][9729] DEBUG io.netty.buffer.PooledByteBufAllocator - -Dio.netty.allocator.maxOrder: 9
2023-05-21 13:40:34.919 [main][9729] DEBUG io.netty.buffer.PooledByteBufAllocator - -Dio.netty.allocator.chunkSize: 4194304
2023-05-21 13:40:34.919 [main][9729] DEBUG io.netty.buffer.PooledByteBufAllocator - -Dio.netty.allocator.smallCacheSize: 256
2023-05-21 13:40:34.919 [main][9729] DEBUG io.netty.buffer.PooledByteBufAllocator - -Dio.netty.allocator.normalCacheSize: 64
2023-05-21 13:40:34.920 [main][9730] DEBUG io.netty.buffer.PooledByteBufAllocator - -Dio.netty.allocator.maxCachedBufferCapacity: 32768
2023-05-21 13:40:34.920 [main][9730] DEBUG io.netty.buffer.PooledByteBufAllocator - -Dio.netty.allocator.cacheTrimInterval: 8192
2023-05-21 13:40:34.920 [main][9730] DEBUG io.netty.buffer.PooledByteBufAllocator - -Dio.netty.allocator.cacheTrimIntervalMillis: 0
2023-05-21 13:40:34.920 [main][9730] DEBUG io.netty.buffer.PooledByteBufAllocator - -Dio.netty.allocator.useCacheForAllThreads: false
2023-05-21 13:40:34.920 [main][9730] DEBUG io.netty.buffer.PooledByteBufAllocator - -Dio.netty.allocator.maxCachedByteBuffersPerChunk: 1023
2023-05-21 13:40:34.939 [main][9749] DEBUG io.netty.buffer.ByteBufUtil - -Dio.netty.allocator.type: pooled
2023-05-21 13:40:34.940 [main][9750] DEBUG io.netty.buffer.ByteBufUtil - -Dio.netty.threadLocalDirectBufferSize: 0
2023-05-21 13:40:34.940 [main][9750] DEBUG io.netty.buffer.ByteBufUtil - -Dio.netty.maxThreadLocalCharBufferSize: 16384
2023-05-21 13:40:36.093 [Forwarding newSession on session null to remote][10903] DEBUG io.netty.channel.DefaultChannelId - -Dio.netty.processId: 11960 (auto-detected)
2023-05-21 13:40:36.097 [Forwarding newSession on session null to remote][10907] DEBUG io.netty.util.NetUtil - -Djava.net.preferIPv4Stack: false
2023-05-21 13:40:36.097 [Forwarding newSession on session null to remote][10907] DEBUG io.netty.util.NetUtil - -Djava.net.preferIPv6Addresses: false
2023-05-21 13:40:36.375 [Forwarding newSession on session null to remote][11185] DEBUG io.netty.util.NetUtilInitializations - Loopback interface: lo (Software Loopback Interface 1, 127.0.0.1)
2023-05-21 13:40:36.377 [Forwarding newSession on session null to remote][11187] DEBUG io.netty.util.NetUtil - Failed to get SOMAXCONN from sysctl and file \proc\sys\net\core\somaxconn. Default: 200
2023-05-21 13:40:36.395 [Forwarding newSession on session null to remote][11205] DEBUG io.netty.channel.DefaultChannelId - -Dio.netty.machineId: 98:43:fa:ff:fe:25:70:e2 (auto-detected)
2023-05-21 13:40:36.471 [AsyncHttpClient-1-2][11281] DEBUG io.netty.buffer.AbstractByteBuf - -Dio.netty.buffer.checkAccessible: true
2023-05-21 13:40:36.471 [AsyncHttpClient-1-2][11281] DEBUG io.netty.buffer.AbstractByteBuf - -Dio.netty.buffer.checkBounds: true
2023-05-21 13:40:36.472 [AsyncHttpClient-1-2][11282] DEBUG io.netty.util.ResourceLeakDetectorFactory - Loaded default ResourceLeakDetector: io.netty.util.ResourceLeakDetector@54d49f16
2023-05-21 13:40:36.517 [AsyncHttpClient-1-2][11327] DEBUG io.netty.util.Recycler - -Dio.netty.recycler.maxCapacityPerThread: 4096
2023-05-21 13:40:36.517 [AsyncHttpClient-1-2][11327] DEBUG io.netty.util.Recycler - -Dio.netty.recycler.ratio: 8
2023-05-21 13:40:36.517 [AsyncHttpClient-1-2][11327] DEBUG io.netty.util.Recycler - -Dio.netty.recycler.chunkSize: 32
2023-05-21 13:40:36.517 [AsyncHttpClient-1-2][11327] DEBUG io.netty.util.Recycler - -Dio.netty.recycler.blocking: false
2023-05-21 13:40:36.518 [AsyncHttpClient-1-2][11328] DEBUG io.netty.util.Recycler - -Dio.netty.recycler.batchFastThreadLocalOnly: true
2023-05-21 13:40:37.374 [AsyncHttpClient-1-2][12184] DEBUG io.netty.handler.codec.compression.Brotli - brotli4j not in the classpath; Brotli support will be unavailable.
2023-05-21 13:40:37.520 [main][12330] DEBUG io.netty.util.internal.ThreadLocalRandom - -Dio.netty.initialSeedUniquifier: 0x83317d4dd4f8523f
2023-05-21 13:40:39.804 [main][14614] INFO  step_definitions.MortgageSteps - User is in the Mortgage Calculator Home page
2023-05-21 13:40:39.812 [main][14622] DEBUG page_object.NavigationBar - mouse hover to the rates link
2023-05-21 13:40:40.013 [main][14823] DEBUG page_object.NavigationBar - Clicking on the Real APR link
2023-05-21 13:40:41.205 [main][16015] DEBUG page_object.RealApr - Waiting for the page to load
2023-05-21 13:40:41.492 [main][16302] INFO  step_definitions.MortgageSteps - Navigate to Real Apr page
2023-05-21 13:40:41.496 [main][16306] DEBUG page_object.RealApr - Typing the Home Price Value:200000
2023-05-21 13:40:42.035 [main][16845] DEBUG page_object.RealApr - Typing the down payment value:15000
2023-05-21 13:40:42.641 [main][17451] DEBUG page_object.RealApr - Typing the InterestRate Value:3
2023-05-21 13:40:43.224 [main][18034] DEBUG page_object.RealApr - Clicking on calculate button
2023-05-21 13:40:44.367 [main][19177] INFO  step_definitions.MortgageSteps - Real APR rate is calculated upon entering the data
2023-05-21 13:40:44.369 [main][19179] DEBUG page_object.RealApr - Validate the real APR rate is:3.139%
2023-05-21 13:40:44.638 [main][19448] INFO  step_definitions.MortgageSteps - Real APR rate: 3.139% is validated
2023-05-21 13:40:45.048 [main][19858] INFO  step_definitions.Hooks - -------Scenario: Calculator Real APR Rate------
