2023-05-06 02:03:21.593 [main][3514] DEBUG io.netty.util.internal.logging.InternalLoggerFactory - Using Log4J2 as the default logging framework
2023-05-06 02:03:21.614 [main][3535] DEBUG io.netty.util.ResourceLeakDetector - -Dio.netty.leakDetection.level: simple
2023-05-06 02:03:21.614 [main][3535] DEBUG io.netty.util.ResourceLeakDetector - -Dio.netty.leakDetection.targetRecords: 4
2023-05-06 02:03:21.620 [main][3541] DEBUG io.netty.util.ResourceLeakDetectorFactory - Loaded default ResourceLeakDetector: io.netty.util.ResourceLeakDetector@4a8e6e89
2023-05-06 02:03:21.647 [main][3568] DEBUG io.netty.util.internal.PlatformDependent0 - -Dio.netty.noUnsafe: false
2023-05-06 02:03:21.648 [main][3569] DEBUG io.netty.util.internal.PlatformDependent0 - Java version: 11
2023-05-06 02:03:21.650 [main][3571] DEBUG io.netty.util.internal.PlatformDependent0 - sun.misc.Unsafe.theUnsafe: available
2023-05-06 02:03:21.651 [main][3572] DEBUG io.netty.util.internal.PlatformDependent0 - sun.misc.Unsafe.copyMemory: available
2023-05-06 02:03:21.651 [main][3572] DEBUG io.netty.util.internal.PlatformDependent0 - sun.misc.Unsafe.storeFence: available
2023-05-06 02:03:21.652 [main][3573] DEBUG io.netty.util.internal.PlatformDependent0 - java.nio.Buffer.address: available
2023-05-06 02:03:21.653 [main][3574] DEBUG io.netty.util.internal.PlatformDependent0 - direct buffer constructor: unavailable: Reflective setAccessible(true) disabled
2023-05-06 02:03:21.654 [main][3575] DEBUG io.netty.util.internal.PlatformDependent0 - java.nio.Bits.unaligned: available, true
2023-05-06 02:03:21.656 [main][3577] DEBUG io.netty.util.internal.PlatformDependent0 - jdk.internal.misc.Unsafe.allocateUninitializedArray(int): unavailable: class io.netty.util.internal.PlatformDependent0$7 cannot access class jdk.internal.misc.Unsafe (in module java.base) because module java.base does not export jdk.internal.misc to unnamed module @163370c2
2023-05-06 02:03:21.658 [main][3579] DEBUG io.netty.util.internal.PlatformDependent0 - java.nio.DirectByteBuffer.<init>(long, int): unavailable
2023-05-06 02:03:21.658 [main][3579] DEBUG io.netty.util.internal.PlatformDependent - sun.misc.Unsafe: available
2023-05-06 02:03:21.659 [main][3580] DEBUG io.netty.util.internal.PlatformDependent - maxDirectMemory: 4227858432 bytes (maybe)
2023-05-06 02:03:21.659 [main][3580] DEBUG io.netty.util.internal.PlatformDependent - -Dio.netty.tmpdir: C:\Users\riyad\AppData\Local\Temp (java.io.tmpdir)
2023-05-06 02:03:21.659 [main][3580] DEBUG io.netty.util.internal.PlatformDependent - -Dio.netty.bitMode: 64 (sun.arch.data.model)
2023-05-06 02:03:21.660 [main][3581] DEBUG io.netty.util.internal.PlatformDependent - Platform: Windows
2023-05-06 02:03:21.661 [main][3582] DEBUG io.netty.util.internal.PlatformDependent - -Dio.netty.maxDirectMemory: -1 bytes
2023-05-06 02:03:21.661 [main][3582] DEBUG io.netty.util.internal.PlatformDependent - -Dio.netty.uninitializedArrayAllocationThreshold: -1
2023-05-06 02:03:21.662 [main][3583] DEBUG io.netty.util.internal.CleanerJava9 - java.nio.ByteBuffer.cleaner(): available
2023-05-06 02:03:21.663 [main][3584] DEBUG io.netty.util.internal.PlatformDependent - -Dio.netty.noPreferDirect: false
2023-05-06 02:03:21.673 [main][3594] DEBUG io.netty.util.internal.PlatformDependent - org.jctools-core.MpscChunkedArrayQueue: available
2023-05-06 02:03:21.697 [main][3618] DEBUG io.netty.util.internal.InternalThreadLocalMap - -Dio.netty.threadLocalMap.stringBuilder.initialSize: 1024
2023-05-06 02:03:21.697 [main][3618] DEBUG io.netty.util.internal.InternalThreadLocalMap - -Dio.netty.threadLocalMap.stringBuilder.maxSize: 4096
2023-05-06 02:03:21.717 [main][3638] DEBUG io.netty.handler.ssl.JdkSslContext - Default protocols (JDK): [TLSv1.3, TLSv1.2] 
2023-05-06 02:03:21.717 [main][3638] DEBUG io.netty.handler.ssl.JdkSslContext - Default cipher suites (JDK): [TLS_ECDHE_ECDSA_WITH_AES_256_GCM_SHA384, TLS_ECDHE_ECDSA_WITH_AES_128_GCM_SHA256, TLS_ECDHE_RSA_WITH_AES_128_GCM_SHA256, TLS_ECDHE_RSA_WITH_AES_256_GCM_SHA384, TLS_ECDHE_RSA_WITH_AES_128_CBC_SHA, TLS_ECDHE_RSA_WITH_AES_256_CBC_SHA, TLS_RSA_WITH_AES_128_GCM_SHA256, TLS_RSA_WITH_AES_128_CBC_SHA, TLS_RSA_WITH_AES_256_CBC_SHA, TLS_AES_128_GCM_SHA256, TLS_AES_256_GCM_SHA384]
2023-05-06 02:03:21.733 [main][3654] DEBUG io.netty.util.concurrent.GlobalEventExecutor - -Dio.netty.globalEventExecutor.quietPeriodSeconds: 1
2023-05-06 02:03:21.749 [main][3670] DEBUG io.netty.channel.MultithreadEventLoopGroup - -Dio.netty.eventLoopThreads: 16
2023-05-06 02:03:21.761 [main][3682] DEBUG io.netty.channel.nio.NioEventLoop - -Dio.netty.noKeySetOptimization: false
2023-05-06 02:03:21.761 [main][3682] DEBUG io.netty.channel.nio.NioEventLoop - -Dio.netty.selectorAutoRebuildThreshold: 512
2023-05-06 02:03:21.810 [main][3731] DEBUG io.netty.buffer.PooledByteBufAllocator - -Dio.netty.allocator.numHeapArenas: 16
2023-05-06 02:03:21.810 [main][3731] DEBUG io.netty.buffer.PooledByteBufAllocator - -Dio.netty.allocator.numDirectArenas: 16
2023-05-06 02:03:21.810 [main][3731] DEBUG io.netty.buffer.PooledByteBufAllocator - -Dio.netty.allocator.pageSize: 8192
2023-05-06 02:03:21.810 [main][3731] DEBUG io.netty.buffer.PooledByteBufAllocator - -Dio.netty.allocator.maxOrder: 9
2023-05-06 02:03:21.810 [main][3731] DEBUG io.netty.buffer.PooledByteBufAllocator - -Dio.netty.allocator.chunkSize: 4194304
2023-05-06 02:03:21.810 [main][3731] DEBUG io.netty.buffer.PooledByteBufAllocator - -Dio.netty.allocator.smallCacheSize: 256
2023-05-06 02:03:21.810 [main][3731] DEBUG io.netty.buffer.PooledByteBufAllocator - -Dio.netty.allocator.normalCacheSize: 64
2023-05-06 02:03:21.811 [main][3732] DEBUG io.netty.buffer.PooledByteBufAllocator - -Dio.netty.allocator.maxCachedBufferCapacity: 32768
2023-05-06 02:03:21.811 [main][3732] DEBUG io.netty.buffer.PooledByteBufAllocator - -Dio.netty.allocator.cacheTrimInterval: 8192
2023-05-06 02:03:21.811 [main][3732] DEBUG io.netty.buffer.PooledByteBufAllocator - -Dio.netty.allocator.cacheTrimIntervalMillis: 0
2023-05-06 02:03:21.811 [main][3732] DEBUG io.netty.buffer.PooledByteBufAllocator - -Dio.netty.allocator.useCacheForAllThreads: false
2023-05-06 02:03:21.811 [main][3732] DEBUG io.netty.buffer.PooledByteBufAllocator - -Dio.netty.allocator.maxCachedByteBuffersPerChunk: 1023
2023-05-06 02:03:21.824 [main][3745] DEBUG io.netty.buffer.ByteBufUtil - -Dio.netty.allocator.type: pooled
2023-05-06 02:03:21.824 [main][3745] DEBUG io.netty.buffer.ByteBufUtil - -Dio.netty.threadLocalDirectBufferSize: 0
2023-05-06 02:03:21.824 [main][3745] DEBUG io.netty.buffer.ByteBufUtil - -Dio.netty.maxThreadLocalCharBufferSize: 16384
2023-05-06 02:03:22.811 [Forwarding newSession on session null to remote][4732] DEBUG io.netty.channel.DefaultChannelId - -Dio.netty.processId: 13248 (auto-detected)
2023-05-06 02:03:22.813 [Forwarding newSession on session null to remote][4734] DEBUG io.netty.util.NetUtil - -Djava.net.preferIPv4Stack: false
2023-05-06 02:03:22.813 [Forwarding newSession on session null to remote][4734] DEBUG io.netty.util.NetUtil - -Djava.net.preferIPv6Addresses: false
2023-05-06 02:03:22.943 [Forwarding newSession on session null to remote][4864] DEBUG io.netty.util.NetUtilInitializations - Loopback interface: lo (Software Loopback Interface 1, 127.0.0.1)
2023-05-06 02:03:22.945 [Forwarding newSession on session null to remote][4866] DEBUG io.netty.util.NetUtil - Failed to get SOMAXCONN from sysctl and file \proc\sys\net\core\somaxconn. Default: 200
2023-05-06 02:03:22.951 [Forwarding newSession on session null to remote][4872] DEBUG io.netty.channel.DefaultChannelId - -Dio.netty.machineId: 98:43:fa:ff:fe:25:70:e2 (auto-detected)
2023-05-06 02:03:22.987 [AsyncHttpClient-1-2][4908] DEBUG io.netty.buffer.AbstractByteBuf - -Dio.netty.buffer.checkAccessible: true
2023-05-06 02:03:22.988 [AsyncHttpClient-1-2][4909] DEBUG io.netty.buffer.AbstractByteBuf - -Dio.netty.buffer.checkBounds: true
2023-05-06 02:03:22.988 [AsyncHttpClient-1-2][4909] DEBUG io.netty.util.ResourceLeakDetectorFactory - Loaded default ResourceLeakDetector: io.netty.util.ResourceLeakDetector@78d43ec2
2023-05-06 02:03:23.008 [AsyncHttpClient-1-2][4929] DEBUG io.netty.util.Recycler - -Dio.netty.recycler.maxCapacityPerThread: 4096
2023-05-06 02:03:23.008 [AsyncHttpClient-1-2][4929] DEBUG io.netty.util.Recycler - -Dio.netty.recycler.ratio: 8
2023-05-06 02:03:23.008 [AsyncHttpClient-1-2][4929] DEBUG io.netty.util.Recycler - -Dio.netty.recycler.chunkSize: 32
2023-05-06 02:03:23.008 [AsyncHttpClient-1-2][4929] DEBUG io.netty.util.Recycler - -Dio.netty.recycler.blocking: false
2023-05-06 02:03:23.008 [AsyncHttpClient-1-2][4929] DEBUG io.netty.util.Recycler - -Dio.netty.recycler.batchFastThreadLocalOnly: true
2023-05-06 02:03:23.596 [AsyncHttpClient-1-2][5517] DEBUG io.netty.handler.codec.compression.Brotli - brotli4j not in the classpath; Brotli support will be unavailable.
2023-05-06 02:03:23.732 [main][5653] DEBUG io.netty.util.internal.ThreadLocalRandom - -Dio.netty.initialSeedUniquifier: 0x66913c3352d8c708
2023-05-06 02:03:25.008 [main][6929] INFO  step_definitions.LoginSteps - user is on the login page
2023-05-06 02:03:25.237 [main][7158] INFO  step_definitions.LoginSteps - User has entered credentials
2023-05-06 02:03:25.292 [main][7213] INFO  step_definitions.LoginSteps - User click on the login button
2023-05-06 02:03:25.335 [main][7256] INFO  step_definitions.LoginSteps - User is in Home Page
2023-05-06 02:03:27.563 [main][9484] INFO  step_definitions.LoginSteps - user is on the login page
2023-05-06 02:03:27.784 [main][9705] INFO  step_definitions.LoginSteps - User has entered credentials
2023-05-06 02:03:27.836 [main][9757] INFO  step_definitions.LoginSteps - User click on the login button
2023-05-06 02:03:27.869 [main][9790] INFO  step_definitions.LoginSteps - User is in Home Page
2023-05-06 02:03:29.765 [main][11686] INFO  step_definitions.LoginSteps - user is on the login page
2023-05-06 02:03:29.982 [main][11903] INFO  step_definitions.LoginSteps - User has entered credentials
2023-05-06 02:03:30.035 [main][11956] INFO  step_definitions.LoginSteps - User click on the login button
2023-05-06 02:03:30.065 [main][11986] INFO  step_definitions.LoginSteps - User is in Home Page
