2023-05-03 12:36:54.310 [main][8331] DEBUG io.netty.util.internal.logging.InternalLoggerFactory - Using Log4J2 as the default logging framework
2023-05-03 12:36:54.338 [main][8359] DEBUG io.netty.util.ResourceLeakDetector - -Dio.netty.leakDetection.level: simple
2023-05-03 12:36:54.338 [main][8359] DEBUG io.netty.util.ResourceLeakDetector - -Dio.netty.leakDetection.targetRecords: 4
2023-05-03 12:36:54.343 [main][8364] DEBUG io.netty.util.ResourceLeakDetectorFactory - Loaded default ResourceLeakDetector: io.netty.util.ResourceLeakDetector@3964d79
2023-05-03 12:36:54.379 [main][8400] DEBUG io.netty.util.internal.PlatformDependent0 - -Dio.netty.noUnsafe: false
2023-05-03 12:36:54.379 [main][8400] DEBUG io.netty.util.internal.PlatformDependent0 - Java version: 11
2023-05-03 12:36:54.384 [main][8405] DEBUG io.netty.util.internal.PlatformDependent0 - sun.misc.Unsafe.theUnsafe: available
2023-05-03 12:36:54.385 [main][8406] DEBUG io.netty.util.internal.PlatformDependent0 - sun.misc.Unsafe.copyMemory: available
2023-05-03 12:36:54.386 [main][8407] DEBUG io.netty.util.internal.PlatformDependent0 - sun.misc.Unsafe.storeFence: available
2023-05-03 12:36:54.387 [main][8408] DEBUG io.netty.util.internal.PlatformDependent0 - java.nio.Buffer.address: available
2023-05-03 12:36:54.387 [main][8408] DEBUG io.netty.util.internal.PlatformDependent0 - direct buffer constructor: unavailable: Reflective setAccessible(true) disabled
2023-05-03 12:36:54.390 [main][8411] DEBUG io.netty.util.internal.PlatformDependent0 - java.nio.Bits.unaligned: available, true
2023-05-03 12:36:54.391 [main][8412] DEBUG io.netty.util.internal.PlatformDependent0 - jdk.internal.misc.Unsafe.allocateUninitializedArray(int): unavailable: class io.netty.util.internal.PlatformDependent0$7 cannot access class jdk.internal.misc.Unsafe (in module java.base) because module java.base does not export jdk.internal.misc to unnamed module @307f6b8c
2023-05-03 12:36:54.392 [main][8413] DEBUG io.netty.util.internal.PlatformDependent0 - java.nio.DirectByteBuffer.<init>(long, int): unavailable
2023-05-03 12:36:54.392 [main][8413] DEBUG io.netty.util.internal.PlatformDependent - sun.misc.Unsafe: available
2023-05-03 12:36:54.394 [main][8415] DEBUG io.netty.util.internal.PlatformDependent - maxDirectMemory: 4227858432 bytes (maybe)
2023-05-03 12:36:54.394 [main][8415] DEBUG io.netty.util.internal.PlatformDependent - -Dio.netty.tmpdir: C:\Users\riyad\AppData\Local\Temp (java.io.tmpdir)
2023-05-03 12:36:54.394 [main][8415] DEBUG io.netty.util.internal.PlatformDependent - -Dio.netty.bitMode: 64 (sun.arch.data.model)
2023-05-03 12:36:54.395 [main][8416] DEBUG io.netty.util.internal.PlatformDependent - Platform: Windows
2023-05-03 12:36:54.396 [main][8417] DEBUG io.netty.util.internal.PlatformDependent - -Dio.netty.maxDirectMemory: -1 bytes
2023-05-03 12:36:54.396 [main][8417] DEBUG io.netty.util.internal.PlatformDependent - -Dio.netty.uninitializedArrayAllocationThreshold: -1
2023-05-03 12:36:54.398 [main][8419] DEBUG io.netty.util.internal.CleanerJava9 - java.nio.ByteBuffer.cleaner(): available
2023-05-03 12:36:54.398 [main][8419] DEBUG io.netty.util.internal.PlatformDependent - -Dio.netty.noPreferDirect: false
2023-05-03 12:36:54.409 [main][8430] DEBUG io.netty.util.internal.PlatformDependent - org.jctools-core.MpscChunkedArrayQueue: available
2023-05-03 12:36:54.453 [main][8474] DEBUG io.netty.util.internal.InternalThreadLocalMap - -Dio.netty.threadLocalMap.stringBuilder.initialSize: 1024
2023-05-03 12:36:54.453 [main][8474] DEBUG io.netty.util.internal.InternalThreadLocalMap - -Dio.netty.threadLocalMap.stringBuilder.maxSize: 4096
2023-05-03 12:36:54.483 [main][8504] DEBUG io.netty.handler.ssl.JdkSslContext - Default protocols (JDK): [TLSv1.3, TLSv1.2] 
2023-05-03 12:36:54.484 [main][8505] DEBUG io.netty.handler.ssl.JdkSslContext - Default cipher suites (JDK): [TLS_ECDHE_ECDSA_WITH_AES_256_GCM_SHA384, TLS_ECDHE_ECDSA_WITH_AES_128_GCM_SHA256, TLS_ECDHE_RSA_WITH_AES_128_GCM_SHA256, TLS_ECDHE_RSA_WITH_AES_256_GCM_SHA384, TLS_ECDHE_RSA_WITH_AES_128_CBC_SHA, TLS_ECDHE_RSA_WITH_AES_256_CBC_SHA, TLS_RSA_WITH_AES_128_GCM_SHA256, TLS_RSA_WITH_AES_128_CBC_SHA, TLS_RSA_WITH_AES_256_CBC_SHA, TLS_AES_128_GCM_SHA256, TLS_AES_256_GCM_SHA384]
2023-05-03 12:36:54.510 [main][8531] DEBUG io.netty.util.concurrent.GlobalEventExecutor - -Dio.netty.globalEventExecutor.quietPeriodSeconds: 1
2023-05-03 12:36:54.549 [main][8570] DEBUG io.netty.channel.MultithreadEventLoopGroup - -Dio.netty.eventLoopThreads: 16
2023-05-03 12:36:54.572 [main][8593] DEBUG io.netty.channel.nio.NioEventLoop - -Dio.netty.noKeySetOptimization: false
2023-05-03 12:36:54.573 [main][8594] DEBUG io.netty.channel.nio.NioEventLoop - -Dio.netty.selectorAutoRebuildThreshold: 512
2023-05-03 12:36:54.657 [main][8678] DEBUG io.netty.buffer.PooledByteBufAllocator - -Dio.netty.allocator.numHeapArenas: 16
2023-05-03 12:36:54.658 [main][8679] DEBUG io.netty.buffer.PooledByteBufAllocator - -Dio.netty.allocator.numDirectArenas: 16
2023-05-03 12:36:54.658 [main][8679] DEBUG io.netty.buffer.PooledByteBufAllocator - -Dio.netty.allocator.pageSize: 8192
2023-05-03 12:36:54.658 [main][8679] DEBUG io.netty.buffer.PooledByteBufAllocator - -Dio.netty.allocator.maxOrder: 9
2023-05-03 12:36:54.658 [main][8679] DEBUG io.netty.buffer.PooledByteBufAllocator - -Dio.netty.allocator.chunkSize: 4194304
2023-05-03 12:36:54.658 [main][8679] DEBUG io.netty.buffer.PooledByteBufAllocator - -Dio.netty.allocator.smallCacheSize: 256
2023-05-03 12:36:54.658 [main][8679] DEBUG io.netty.buffer.PooledByteBufAllocator - -Dio.netty.allocator.normalCacheSize: 64
2023-05-03 12:36:54.659 [main][8680] DEBUG io.netty.buffer.PooledByteBufAllocator - -Dio.netty.allocator.maxCachedBufferCapacity: 32768
2023-05-03 12:36:54.659 [main][8680] DEBUG io.netty.buffer.PooledByteBufAllocator - -Dio.netty.allocator.cacheTrimInterval: 8192
2023-05-03 12:36:54.659 [main][8680] DEBUG io.netty.buffer.PooledByteBufAllocator - -Dio.netty.allocator.cacheTrimIntervalMillis: 0
2023-05-03 12:36:54.659 [main][8680] DEBUG io.netty.buffer.PooledByteBufAllocator - -Dio.netty.allocator.useCacheForAllThreads: false
2023-05-03 12:36:54.659 [main][8680] DEBUG io.netty.buffer.PooledByteBufAllocator - -Dio.netty.allocator.maxCachedByteBuffersPerChunk: 1023
2023-05-03 12:36:54.683 [main][8704] DEBUG io.netty.buffer.ByteBufUtil - -Dio.netty.allocator.type: pooled
2023-05-03 12:36:54.683 [main][8704] DEBUG io.netty.buffer.ByteBufUtil - -Dio.netty.threadLocalDirectBufferSize: 0
2023-05-03 12:36:54.683 [main][8704] DEBUG io.netty.buffer.ByteBufUtil - -Dio.netty.maxThreadLocalCharBufferSize: 16384
2023-05-03 12:36:55.161 [Forwarding newSession on session null to remote][9182] DEBUG io.netty.channel.DefaultChannelId - -Dio.netty.processId: 5620 (auto-detected)
2023-05-03 12:36:55.165 [Forwarding newSession on session null to remote][9186] DEBUG io.netty.util.NetUtil - -Djava.net.preferIPv4Stack: false
2023-05-03 12:36:55.165 [Forwarding newSession on session null to remote][9186] DEBUG io.netty.util.NetUtil - -Djava.net.preferIPv6Addresses: false
2023-05-03 12:36:55.409 [Forwarding newSession on session null to remote][9430] DEBUG io.netty.util.NetUtilInitializations - Loopback interface: lo (Software Loopback Interface 1, 127.0.0.1)
2023-05-03 12:36:55.421 [Forwarding newSession on session null to remote][9442] DEBUG io.netty.util.NetUtil - Failed to get SOMAXCONN from sysctl and file \proc\sys\net\core\somaxconn. Default: 200
2023-05-03 12:36:55.440 [Forwarding newSession on session null to remote][9461] DEBUG io.netty.channel.DefaultChannelId - -Dio.netty.machineId: 98:43:fa:ff:fe:25:70:e2 (auto-detected)
2023-05-03 12:36:55.537 [AsyncHttpClient-1-2][9558] DEBUG io.netty.buffer.AbstractByteBuf - -Dio.netty.buffer.checkAccessible: true
2023-05-03 12:36:55.538 [AsyncHttpClient-1-2][9559] DEBUG io.netty.buffer.AbstractByteBuf - -Dio.netty.buffer.checkBounds: true
2023-05-03 12:36:55.538 [AsyncHttpClient-1-2][9559] DEBUG io.netty.util.ResourceLeakDetectorFactory - Loaded default ResourceLeakDetector: io.netty.util.ResourceLeakDetector@4352367b
2023-05-03 12:36:55.594 [AsyncHttpClient-1-2][9615] DEBUG io.netty.util.Recycler - -Dio.netty.recycler.maxCapacityPerThread: 4096
2023-05-03 12:36:55.594 [AsyncHttpClient-1-2][9615] DEBUG io.netty.util.Recycler - -Dio.netty.recycler.ratio: 8
2023-05-03 12:36:55.594 [AsyncHttpClient-1-2][9615] DEBUG io.netty.util.Recycler - -Dio.netty.recycler.chunkSize: 32
2023-05-03 12:36:55.595 [AsyncHttpClient-1-2][9616] DEBUG io.netty.util.Recycler - -Dio.netty.recycler.blocking: false
2023-05-03 12:36:55.595 [AsyncHttpClient-1-2][9616] DEBUG io.netty.util.Recycler - -Dio.netty.recycler.batchFastThreadLocalOnly: true
2023-05-03 12:36:56.687 [AsyncHttpClient-1-2][10708] DEBUG io.netty.handler.codec.compression.Brotli - brotli4j not in the classpath; Brotli support will be unavailable.
2023-05-03 12:36:56.953 [main][10974] DEBUG io.netty.util.internal.ThreadLocalRandom - -Dio.netty.initialSeedUniquifier: 0xb8d7df98b3fb632d
2023-05-03 12:36:58.234 [main][12255] INFO  step_definitions.LoginSteps - user is on the login page
2023-05-03 12:36:58.757 [main][12778] INFO  step_definitions.LoginSteps - User has entered credentials
2023-05-03 12:36:58.872 [main][12893] INFO  step_definitions.LoginSteps - User click on the login button
2023-05-03 12:36:58.956 [main][12977] INFO  step_definitions.LoginSteps - User is in home page
