2023-05-07 00:04:09.862 [main][3138] INFO  step_definitions.Hooks - --------Scenario: Check login is successful with valid credentials-------
2023-05-07 00:04:10.225 [main][3501] DEBUG io.netty.util.internal.logging.InternalLoggerFactory - Using Log4J2 as the default logging framework
2023-05-07 00:04:10.235 [main][3511] DEBUG io.netty.util.ResourceLeakDetector - -Dio.netty.leakDetection.level: simple
2023-05-07 00:04:10.235 [main][3511] DEBUG io.netty.util.ResourceLeakDetector - -Dio.netty.leakDetection.targetRecords: 4
2023-05-07 00:04:10.237 [main][3513] DEBUG io.netty.util.ResourceLeakDetectorFactory - Loaded default ResourceLeakDetector: io.netty.util.ResourceLeakDetector@176996c3
2023-05-07 00:04:10.248 [main][3524] DEBUG io.netty.util.internal.PlatformDependent0 - -Dio.netty.noUnsafe: false
2023-05-07 00:04:10.248 [main][3524] DEBUG io.netty.util.internal.PlatformDependent0 - Java version: 11
2023-05-07 00:04:10.249 [main][3525] DEBUG io.netty.util.internal.PlatformDependent0 - sun.misc.Unsafe.theUnsafe: available
2023-05-07 00:04:10.249 [main][3525] DEBUG io.netty.util.internal.PlatformDependent0 - sun.misc.Unsafe.copyMemory: available
2023-05-07 00:04:10.250 [main][3526] DEBUG io.netty.util.internal.PlatformDependent0 - sun.misc.Unsafe.storeFence: available
2023-05-07 00:04:10.250 [main][3526] DEBUG io.netty.util.internal.PlatformDependent0 - java.nio.Buffer.address: available
2023-05-07 00:04:10.250 [main][3526] DEBUG io.netty.util.internal.PlatformDependent0 - direct buffer constructor: unavailable: Reflective setAccessible(true) disabled
2023-05-07 00:04:10.251 [main][3527] DEBUG io.netty.util.internal.PlatformDependent0 - java.nio.Bits.unaligned: available, true
2023-05-07 00:04:10.251 [main][3527] DEBUG io.netty.util.internal.PlatformDependent0 - jdk.internal.misc.Unsafe.allocateUninitializedArray(int): unavailable: class io.netty.util.internal.PlatformDependent0$7 cannot access class jdk.internal.misc.Unsafe (in module java.base) because module java.base does not export jdk.internal.misc to unnamed module @4dd6fd0a
2023-05-07 00:04:10.252 [main][3528] DEBUG io.netty.util.internal.PlatformDependent0 - java.nio.DirectByteBuffer.<init>(long, int): unavailable
2023-05-07 00:04:10.252 [main][3528] DEBUG io.netty.util.internal.PlatformDependent - sun.misc.Unsafe: available
2023-05-07 00:04:10.252 [main][3528] DEBUG io.netty.util.internal.PlatformDependent - maxDirectMemory: 4227858432 bytes (maybe)
2023-05-07 00:04:10.252 [main][3528] DEBUG io.netty.util.internal.PlatformDependent - -Dio.netty.tmpdir: C:\Users\riyad\AppData\Local\Temp (java.io.tmpdir)
2023-05-07 00:04:10.253 [main][3529] DEBUG io.netty.util.internal.PlatformDependent - -Dio.netty.bitMode: 64 (sun.arch.data.model)
2023-05-07 00:04:10.253 [main][3529] DEBUG io.netty.util.internal.PlatformDependent - Platform: Windows
2023-05-07 00:04:10.253 [main][3529] DEBUG io.netty.util.internal.PlatformDependent - -Dio.netty.maxDirectMemory: -1 bytes
2023-05-07 00:04:10.253 [main][3529] DEBUG io.netty.util.internal.PlatformDependent - -Dio.netty.uninitializedArrayAllocationThreshold: -1
2023-05-07 00:04:10.254 [main][3530] DEBUG io.netty.util.internal.CleanerJava9 - java.nio.ByteBuffer.cleaner(): available
2023-05-07 00:04:10.254 [main][3530] DEBUG io.netty.util.internal.PlatformDependent - -Dio.netty.noPreferDirect: false
2023-05-07 00:04:10.259 [main][3535] DEBUG io.netty.util.internal.PlatformDependent - org.jctools-core.MpscChunkedArrayQueue: available
2023-05-07 00:04:10.271 [main][3547] DEBUG io.netty.util.internal.InternalThreadLocalMap - -Dio.netty.threadLocalMap.stringBuilder.initialSize: 1024
2023-05-07 00:04:10.271 [main][3547] DEBUG io.netty.util.internal.InternalThreadLocalMap - -Dio.netty.threadLocalMap.stringBuilder.maxSize: 4096
2023-05-07 00:04:10.285 [main][3561] DEBUG io.netty.handler.ssl.JdkSslContext - Default protocols (JDK): [TLSv1.3, TLSv1.2] 
2023-05-07 00:04:10.285 [main][3561] DEBUG io.netty.handler.ssl.JdkSslContext - Default cipher suites (JDK): [TLS_ECDHE_ECDSA_WITH_AES_256_GCM_SHA384, TLS_ECDHE_ECDSA_WITH_AES_128_GCM_SHA256, TLS_ECDHE_RSA_WITH_AES_128_GCM_SHA256, TLS_ECDHE_RSA_WITH_AES_256_GCM_SHA384, TLS_ECDHE_RSA_WITH_AES_128_CBC_SHA, TLS_ECDHE_RSA_WITH_AES_256_CBC_SHA, TLS_RSA_WITH_AES_128_GCM_SHA256, TLS_RSA_WITH_AES_128_CBC_SHA, TLS_RSA_WITH_AES_256_CBC_SHA, TLS_AES_128_GCM_SHA256, TLS_AES_256_GCM_SHA384]
2023-05-07 00:04:10.294 [main][3570] DEBUG io.netty.util.concurrent.GlobalEventExecutor - -Dio.netty.globalEventExecutor.quietPeriodSeconds: 1
2023-05-07 00:04:10.302 [main][3578] DEBUG io.netty.channel.MultithreadEventLoopGroup - -Dio.netty.eventLoopThreads: 16
2023-05-07 00:04:10.309 [main][3585] DEBUG io.netty.channel.nio.NioEventLoop - -Dio.netty.noKeySetOptimization: false
2023-05-07 00:04:10.309 [main][3585] DEBUG io.netty.channel.nio.NioEventLoop - -Dio.netty.selectorAutoRebuildThreshold: 512
2023-05-07 00:04:10.366 [main][3642] DEBUG io.netty.buffer.PooledByteBufAllocator - -Dio.netty.allocator.numHeapArenas: 16
2023-05-07 00:04:10.367 [main][3643] DEBUG io.netty.buffer.PooledByteBufAllocator - -Dio.netty.allocator.numDirectArenas: 16
2023-05-07 00:04:10.367 [main][3643] DEBUG io.netty.buffer.PooledByteBufAllocator - -Dio.netty.allocator.pageSize: 8192
2023-05-07 00:04:10.367 [main][3643] DEBUG io.netty.buffer.PooledByteBufAllocator - -Dio.netty.allocator.maxOrder: 9
2023-05-07 00:04:10.367 [main][3643] DEBUG io.netty.buffer.PooledByteBufAllocator - -Dio.netty.allocator.chunkSize: 4194304
2023-05-07 00:04:10.367 [main][3643] DEBUG io.netty.buffer.PooledByteBufAllocator - -Dio.netty.allocator.smallCacheSize: 256
2023-05-07 00:04:10.367 [main][3643] DEBUG io.netty.buffer.PooledByteBufAllocator - -Dio.netty.allocator.normalCacheSize: 64
2023-05-07 00:04:10.367 [main][3643] DEBUG io.netty.buffer.PooledByteBufAllocator - -Dio.netty.allocator.maxCachedBufferCapacity: 32768
2023-05-07 00:04:10.367 [main][3643] DEBUG io.netty.buffer.PooledByteBufAllocator - -Dio.netty.allocator.cacheTrimInterval: 8192
2023-05-07 00:04:10.367 [main][3643] DEBUG io.netty.buffer.PooledByteBufAllocator - -Dio.netty.allocator.cacheTrimIntervalMillis: 0
2023-05-07 00:04:10.367 [main][3643] DEBUG io.netty.buffer.PooledByteBufAllocator - -Dio.netty.allocator.useCacheForAllThreads: false
2023-05-07 00:04:10.367 [main][3643] DEBUG io.netty.buffer.PooledByteBufAllocator - -Dio.netty.allocator.maxCachedByteBuffersPerChunk: 1023
2023-05-07 00:04:10.380 [main][3656] DEBUG io.netty.buffer.ByteBufUtil - -Dio.netty.allocator.type: pooled
2023-05-07 00:04:10.380 [main][3656] DEBUG io.netty.buffer.ByteBufUtil - -Dio.netty.threadLocalDirectBufferSize: 0
2023-05-07 00:04:10.380 [main][3656] DEBUG io.netty.buffer.ByteBufUtil - -Dio.netty.maxThreadLocalCharBufferSize: 16384
2023-05-07 00:04:10.641 [Forwarding newSession on session null to remote][3917] DEBUG io.netty.channel.DefaultChannelId - -Dio.netty.processId: 10208 (auto-detected)
2023-05-07 00:04:10.644 [Forwarding newSession on session null to remote][3920] DEBUG io.netty.util.NetUtil - -Djava.net.preferIPv4Stack: false
2023-05-07 00:04:10.644 [Forwarding newSession on session null to remote][3920] DEBUG io.netty.util.NetUtil - -Djava.net.preferIPv6Addresses: false
2023-05-07 00:04:10.770 [Forwarding newSession on session null to remote][4046] DEBUG io.netty.util.NetUtilInitializations - Loopback interface: lo (Software Loopback Interface 1, 127.0.0.1)
2023-05-07 00:04:10.771 [Forwarding newSession on session null to remote][4047] DEBUG io.netty.util.NetUtil - Failed to get SOMAXCONN from sysctl and file \proc\sys\net\core\somaxconn. Default: 200
2023-05-07 00:04:10.780 [Forwarding newSession on session null to remote][4056] DEBUG io.netty.channel.DefaultChannelId - -Dio.netty.machineId: 98:43:fa:ff:fe:25:70:e2 (auto-detected)
2023-05-07 00:04:10.822 [AsyncHttpClient-1-2][4098] DEBUG io.netty.buffer.AbstractByteBuf - -Dio.netty.buffer.checkAccessible: true
2023-05-07 00:04:10.822 [AsyncHttpClient-1-2][4098] DEBUG io.netty.buffer.AbstractByteBuf - -Dio.netty.buffer.checkBounds: true
2023-05-07 00:04:10.823 [AsyncHttpClient-1-2][4099] DEBUG io.netty.util.ResourceLeakDetectorFactory - Loaded default ResourceLeakDetector: io.netty.util.ResourceLeakDetector@211075fa
2023-05-07 00:04:10.853 [AsyncHttpClient-1-2][4129] DEBUG io.netty.util.Recycler - -Dio.netty.recycler.maxCapacityPerThread: 4096
2023-05-07 00:04:10.853 [AsyncHttpClient-1-2][4129] DEBUG io.netty.util.Recycler - -Dio.netty.recycler.ratio: 8
2023-05-07 00:04:10.853 [AsyncHttpClient-1-2][4129] DEBUG io.netty.util.Recycler - -Dio.netty.recycler.chunkSize: 32
2023-05-07 00:04:10.853 [AsyncHttpClient-1-2][4129] DEBUG io.netty.util.Recycler - -Dio.netty.recycler.blocking: false
2023-05-07 00:04:10.853 [AsyncHttpClient-1-2][4129] DEBUG io.netty.util.Recycler - -Dio.netty.recycler.batchFastThreadLocalOnly: true
2023-05-07 00:04:11.412 [AsyncHttpClient-1-2][4688] DEBUG io.netty.handler.codec.compression.Brotli - brotli4j not in the classpath; Brotli support will be unavailable.
2023-05-07 00:04:11.765 [main][5041] DEBUG io.netty.util.internal.ThreadLocalRandom - -Dio.netty.initialSeedUniquifier: 0x0e2762758ffaa2c1
2023-05-07 00:04:12.771 [main][6047] INFO  step_definitions.LoginSteps - user is on the login page
2023-05-07 00:04:12.982 [main][6258] INFO  step_definitions.LoginSteps - User has entered credentials
2023-05-07 00:04:13.032 [main][6308] INFO  step_definitions.LoginSteps - User click on the login button
2023-05-07 00:04:13.070 [main][6346] INFO  step_definitions.LoginSteps - User is in Home Page
2023-05-07 00:04:13.252 [main][6528] INFO  step_definitions.Hooks - -------Scenario: Check login is successful with valid credentials------
2023-05-07 00:04:13.261 [main][6537] INFO  step_definitions.Hooks - --------Scenario: Check login is successful with valid credentials for multiple users-------
2023-05-07 00:04:14.934 [main][8210] INFO  step_definitions.LoginSteps - user is on the login page
2023-05-07 00:04:15.128 [main][8404] INFO  step_definitions.LoginSteps - User has entered credentials
2023-05-07 00:04:15.176 [main][8452] INFO  step_definitions.LoginSteps - User click on the login button
2023-05-07 00:04:15.205 [main][8481] INFO  step_definitions.LoginSteps - User is in Home Page
2023-05-07 00:04:15.459 [main][8735] INFO  step_definitions.Hooks - -------Scenario: Check login is successful with valid credentials for multiple users------
2023-05-07 00:04:15.462 [main][8738] INFO  step_definitions.Hooks - --------Scenario: Check login is successful with valid credentials for multiple users-------
2023-05-07 00:04:17.144 [main][10420] INFO  step_definitions.LoginSteps - user is on the login page
2023-05-07 00:04:17.350 [main][10626] INFO  step_definitions.LoginSteps - User has entered credentials
2023-05-07 00:04:17.402 [main][10678] INFO  step_definitions.LoginSteps - User click on the login button
2023-05-07 00:04:17.426 [main][10702] INFO  step_definitions.LoginSteps - User is in Home Page
2023-05-07 00:04:17.638 [main][10914] INFO  step_definitions.Hooks - -------Scenario: Check login is successful with valid credentials for multiple users------
2023-05-07 00:04:17.642 [main][10918] INFO  step_definitions.Hooks - --------Scenario: Check login is successful with valid credentials for multiple users-------
2023-05-07 00:04:19.120 [main][12396] INFO  step_definitions.LoginSteps - user is on the login page
2023-05-07 00:04:19.341 [main][12617] INFO  step_definitions.LoginSteps - User has entered credentials
2023-05-07 00:04:19.402 [main][12678] INFO  step_definitions.LoginSteps - User click on the login button
2023-05-07 00:04:19.428 [main][12704] INFO  step_definitions.LoginSteps - User is in Home Page
2023-05-07 00:04:19.617 [main][12893] INFO  step_definitions.Hooks - -------Scenario: Check login is successful with valid credentials for multiple users------
2023-05-07 00:04:19.622 [main][12898] INFO  step_definitions.Hooks - --------Scenario: Check login is successful with valid credentials-------
2023-05-07 00:04:20.918 [main][14194] INFO  step_definitions.LoginSteps - user is on the login page
2023-05-07 00:04:21.118 [main][14394] INFO  step_definitions.LoginSteps - User has entered credentials
2023-05-07 00:04:21.169 [main][14445] INFO  step_definitions.LoginSteps - User clicking on the login button
2023-05-07 00:04:21.201 [main][14477] INFO  step_definitions.LoginSteps - User is in Home Page
2023-05-07 00:04:21.451 [main][14727] INFO  step_definitions.Hooks - -------Scenario: Check login is successful with valid credentials------
2023-05-07 00:04:21.453 [main][14729] INFO  step_definitions.Hooks - --------Scenario: Check login is unsuccessful with invalid credentials-------
2023-05-07 00:04:22.948 [main][16224] INFO  step_definitions.LoginSteps - user is on the login page
2023-05-07 00:04:23.152 [main][16428] INFO  step_definitions.LoginSteps - User has entered credentials
2023-05-07 00:04:23.198 [main][16474] INFO  step_definitions.LoginSteps - User click on the login button
2023-05-07 00:04:23.227 [main][16503] INFO  step_definitions.LoginSteps - User is still in login page
2023-05-07 00:04:23.475 [main][16751] INFO  step_definitions.Hooks - -------Scenario: Check login is unsuccessful with invalid credentials------
