2023-05-03 13:06:56.588 [main][3386] DEBUG io.netty.util.internal.logging.InternalLoggerFactory - Using Log4J2 as the default logging framework
2023-05-03 13:06:56.621 [main][3419] DEBUG io.netty.util.ResourceLeakDetector - -Dio.netty.leakDetection.level: simple
2023-05-03 13:06:56.621 [main][3419] DEBUG io.netty.util.ResourceLeakDetector - -Dio.netty.leakDetection.targetRecords: 4
2023-05-03 13:06:56.630 [main][3428] DEBUG io.netty.util.ResourceLeakDetectorFactory - Loaded default ResourceLeakDetector: io.netty.util.ResourceLeakDetector@1abc9f14
2023-05-03 13:06:56.666 [main][3464] DEBUG io.netty.util.internal.PlatformDependent0 - -Dio.netty.noUnsafe: false
2023-05-03 13:06:56.666 [main][3464] DEBUG io.netty.util.internal.PlatformDependent0 - Java version: 11
2023-05-03 13:06:56.668 [main][3466] DEBUG io.netty.util.internal.PlatformDependent0 - sun.misc.Unsafe.theUnsafe: available
2023-05-03 13:06:56.669 [main][3467] DEBUG io.netty.util.internal.PlatformDependent0 - sun.misc.Unsafe.copyMemory: available
2023-05-03 13:06:56.669 [main][3467] DEBUG io.netty.util.internal.PlatformDependent0 - sun.misc.Unsafe.storeFence: available
2023-05-03 13:06:56.671 [main][3469] DEBUG io.netty.util.internal.PlatformDependent0 - java.nio.Buffer.address: available
2023-05-03 13:06:56.671 [main][3469] DEBUG io.netty.util.internal.PlatformDependent0 - direct buffer constructor: unavailable: Reflective setAccessible(true) disabled
2023-05-03 13:06:56.673 [main][3471] DEBUG io.netty.util.internal.PlatformDependent0 - java.nio.Bits.unaligned: available, true
2023-05-03 13:06:56.675 [main][3473] DEBUG io.netty.util.internal.PlatformDependent0 - jdk.internal.misc.Unsafe.allocateUninitializedArray(int): unavailable: class io.netty.util.internal.PlatformDependent0$7 cannot access class jdk.internal.misc.Unsafe (in module java.base) because module java.base does not export jdk.internal.misc to unnamed module @59906517
2023-05-03 13:06:56.677 [main][3475] DEBUG io.netty.util.internal.PlatformDependent0 - java.nio.DirectByteBuffer.<init>(long, int): unavailable
2023-05-03 13:06:56.677 [main][3475] DEBUG io.netty.util.internal.PlatformDependent - sun.misc.Unsafe: available
2023-05-03 13:06:56.678 [main][3476] DEBUG io.netty.util.internal.PlatformDependent - maxDirectMemory: 4227858432 bytes (maybe)
2023-05-03 13:06:56.679 [main][3477] DEBUG io.netty.util.internal.PlatformDependent - -Dio.netty.tmpdir: C:\Users\riyad\AppData\Local\Temp (java.io.tmpdir)
2023-05-03 13:06:56.679 [main][3477] DEBUG io.netty.util.internal.PlatformDependent - -Dio.netty.bitMode: 64 (sun.arch.data.model)
2023-05-03 13:06:56.680 [main][3478] DEBUG io.netty.util.internal.PlatformDependent - Platform: Windows
2023-05-03 13:06:56.681 [main][3479] DEBUG io.netty.util.internal.PlatformDependent - -Dio.netty.maxDirectMemory: -1 bytes
2023-05-03 13:06:56.681 [main][3479] DEBUG io.netty.util.internal.PlatformDependent - -Dio.netty.uninitializedArrayAllocationThreshold: -1
2023-05-03 13:06:56.682 [main][3480] DEBUG io.netty.util.internal.CleanerJava9 - java.nio.ByteBuffer.cleaner(): available
2023-05-03 13:06:56.683 [main][3481] DEBUG io.netty.util.internal.PlatformDependent - -Dio.netty.noPreferDirect: false
2023-05-03 13:06:56.701 [main][3499] DEBUG io.netty.util.internal.PlatformDependent - org.jctools-core.MpscChunkedArrayQueue: available
2023-05-03 13:06:56.729 [main][3527] DEBUG io.netty.util.internal.InternalThreadLocalMap - -Dio.netty.threadLocalMap.stringBuilder.initialSize: 1024
2023-05-03 13:06:56.729 [main][3527] DEBUG io.netty.util.internal.InternalThreadLocalMap - -Dio.netty.threadLocalMap.stringBuilder.maxSize: 4096
2023-05-03 13:06:56.775 [main][3573] DEBUG io.netty.handler.ssl.JdkSslContext - Default protocols (JDK): [TLSv1.3, TLSv1.2] 
2023-05-03 13:06:56.775 [main][3573] DEBUG io.netty.handler.ssl.JdkSslContext - Default cipher suites (JDK): [TLS_ECDHE_ECDSA_WITH_AES_256_GCM_SHA384, TLS_ECDHE_ECDSA_WITH_AES_128_GCM_SHA256, TLS_ECDHE_RSA_WITH_AES_128_GCM_SHA256, TLS_ECDHE_RSA_WITH_AES_256_GCM_SHA384, TLS_ECDHE_RSA_WITH_AES_128_CBC_SHA, TLS_ECDHE_RSA_WITH_AES_256_CBC_SHA, TLS_RSA_WITH_AES_128_GCM_SHA256, TLS_RSA_WITH_AES_128_CBC_SHA, TLS_RSA_WITH_AES_256_CBC_SHA, TLS_AES_128_GCM_SHA256, TLS_AES_256_GCM_SHA384]
2023-05-03 13:06:56.804 [main][3602] DEBUG io.netty.util.concurrent.GlobalEventExecutor - -Dio.netty.globalEventExecutor.quietPeriodSeconds: 1
2023-05-03 13:06:56.827 [main][3625] DEBUG io.netty.channel.MultithreadEventLoopGroup - -Dio.netty.eventLoopThreads: 16
2023-05-03 13:06:56.844 [main][3642] DEBUG io.netty.channel.nio.NioEventLoop - -Dio.netty.noKeySetOptimization: false
2023-05-03 13:06:56.844 [main][3642] DEBUG io.netty.channel.nio.NioEventLoop - -Dio.netty.selectorAutoRebuildThreshold: 512
2023-05-03 13:06:56.909 [main][3707] DEBUG io.netty.buffer.PooledByteBufAllocator - -Dio.netty.allocator.numHeapArenas: 16
2023-05-03 13:06:56.909 [main][3707] DEBUG io.netty.buffer.PooledByteBufAllocator - -Dio.netty.allocator.numDirectArenas: 16
2023-05-03 13:06:56.909 [main][3707] DEBUG io.netty.buffer.PooledByteBufAllocator - -Dio.netty.allocator.pageSize: 8192
2023-05-03 13:06:56.909 [main][3707] DEBUG io.netty.buffer.PooledByteBufAllocator - -Dio.netty.allocator.maxOrder: 9
2023-05-03 13:06:56.909 [main][3707] DEBUG io.netty.buffer.PooledByteBufAllocator - -Dio.netty.allocator.chunkSize: 4194304
2023-05-03 13:06:56.909 [main][3707] DEBUG io.netty.buffer.PooledByteBufAllocator - -Dio.netty.allocator.smallCacheSize: 256
2023-05-03 13:06:56.909 [main][3707] DEBUG io.netty.buffer.PooledByteBufAllocator - -Dio.netty.allocator.normalCacheSize: 64
2023-05-03 13:06:56.909 [main][3707] DEBUG io.netty.buffer.PooledByteBufAllocator - -Dio.netty.allocator.maxCachedBufferCapacity: 32768
2023-05-03 13:06:56.909 [main][3707] DEBUG io.netty.buffer.PooledByteBufAllocator - -Dio.netty.allocator.cacheTrimInterval: 8192
2023-05-03 13:06:56.909 [main][3707] DEBUG io.netty.buffer.PooledByteBufAllocator - -Dio.netty.allocator.cacheTrimIntervalMillis: 0
2023-05-03 13:06:56.911 [main][3709] DEBUG io.netty.buffer.PooledByteBufAllocator - -Dio.netty.allocator.useCacheForAllThreads: false
2023-05-03 13:06:56.911 [main][3709] DEBUG io.netty.buffer.PooledByteBufAllocator - -Dio.netty.allocator.maxCachedByteBuffersPerChunk: 1023
2023-05-03 13:06:56.926 [main][3724] DEBUG io.netty.buffer.ByteBufUtil - -Dio.netty.allocator.type: pooled
2023-05-03 13:06:56.926 [main][3724] DEBUG io.netty.buffer.ByteBufUtil - -Dio.netty.threadLocalDirectBufferSize: 0
2023-05-03 13:06:56.926 [main][3724] DEBUG io.netty.buffer.ByteBufUtil - -Dio.netty.maxThreadLocalCharBufferSize: 16384
2023-05-03 13:06:57.313 [Forwarding newSession on session null to remote][4111] DEBUG io.netty.channel.DefaultChannelId - -Dio.netty.processId: 6880 (auto-detected)
2023-05-03 13:06:57.316 [Forwarding newSession on session null to remote][4114] DEBUG io.netty.util.NetUtil - -Djava.net.preferIPv4Stack: false
2023-05-03 13:06:57.317 [Forwarding newSession on session null to remote][4115] DEBUG io.netty.util.NetUtil - -Djava.net.preferIPv6Addresses: false
2023-05-03 13:06:57.503 [Forwarding newSession on session null to remote][4301] DEBUG io.netty.util.NetUtilInitializations - Loopback interface: lo (Software Loopback Interface 1, 127.0.0.1)
2023-05-03 13:06:57.504 [Forwarding newSession on session null to remote][4302] DEBUG io.netty.util.NetUtil - Failed to get SOMAXCONN from sysctl and file \proc\sys\net\core\somaxconn. Default: 200
2023-05-03 13:06:57.517 [Forwarding newSession on session null to remote][4315] DEBUG io.netty.channel.DefaultChannelId - -Dio.netty.machineId: 98:43:fa:ff:fe:25:70:e2 (auto-detected)
2023-05-03 13:06:57.593 [AsyncHttpClient-1-2][4391] DEBUG io.netty.buffer.AbstractByteBuf - -Dio.netty.buffer.checkAccessible: true
2023-05-03 13:06:57.594 [AsyncHttpClient-1-2][4392] DEBUG io.netty.buffer.AbstractByteBuf - -Dio.netty.buffer.checkBounds: true
2023-05-03 13:06:57.595 [AsyncHttpClient-1-2][4393] DEBUG io.netty.util.ResourceLeakDetectorFactory - Loaded default ResourceLeakDetector: io.netty.util.ResourceLeakDetector@13f68f30
2023-05-03 13:06:57.653 [AsyncHttpClient-1-2][4451] DEBUG io.netty.util.Recycler - -Dio.netty.recycler.maxCapacityPerThread: 4096
2023-05-03 13:06:57.653 [AsyncHttpClient-1-2][4451] DEBUG io.netty.util.Recycler - -Dio.netty.recycler.ratio: 8
2023-05-03 13:06:57.653 [AsyncHttpClient-1-2][4451] DEBUG io.netty.util.Recycler - -Dio.netty.recycler.chunkSize: 32
2023-05-03 13:06:57.654 [AsyncHttpClient-1-2][4452] DEBUG io.netty.util.Recycler - -Dio.netty.recycler.blocking: false
2023-05-03 13:06:57.654 [AsyncHttpClient-1-2][4452] DEBUG io.netty.util.Recycler - -Dio.netty.recycler.batchFastThreadLocalOnly: true
2023-05-03 13:06:58.437 [AsyncHttpClient-1-2][5235] DEBUG io.netty.handler.codec.compression.Brotli - brotli4j not in the classpath; Brotli support will be unavailable.
2023-05-03 13:06:58.652 [main][5450] DEBUG io.netty.util.internal.ThreadLocalRandom - -Dio.netty.initialSeedUniquifier: 0x108dc15a51c910e3
2023-05-03 13:07:00.067 [main][6865] INFO  step_definitions.LoginSteps - user is on the login page
2023-05-03 13:07:00.539 [main][7337] INFO  step_definitions.LoginSteps - User has entered credentials
2023-05-03 13:07:00.648 [main][7446] INFO  step_definitions.LoginSteps - User click on the login button
2023-05-03 13:07:00.724 [main][7522] INFO  step_definitions.LoginSteps - User is in home page
