2023-05-07 00:49:17.262 [main][2111] INFO  step_definitions.Hooks - --------Scenario: Calculator Real APR Rate-------
2023-05-07 00:49:17.732 [main][2581] DEBUG io.netty.util.internal.logging.InternalLoggerFactory - Using Log4J2 as the default logging framework
2023-05-07 00:49:17.747 [main][2596] DEBUG io.netty.util.ResourceLeakDetector - -Dio.netty.leakDetection.level: simple
2023-05-07 00:49:17.747 [main][2596] DEBUG io.netty.util.ResourceLeakDetector - -Dio.netty.leakDetection.targetRecords: 4
2023-05-07 00:49:17.752 [main][2601] DEBUG io.netty.util.ResourceLeakDetectorFactory - Loaded default ResourceLeakDetector: io.netty.util.ResourceLeakDetector@78b41097
2023-05-07 00:49:17.772 [main][2621] DEBUG io.netty.util.internal.PlatformDependent0 - -Dio.netty.noUnsafe: false
2023-05-07 00:49:17.772 [main][2621] DEBUG io.netty.util.internal.PlatformDependent0 - Java version: 11
2023-05-07 00:49:17.773 [main][2622] DEBUG io.netty.util.internal.PlatformDependent0 - sun.misc.Unsafe.theUnsafe: available
2023-05-07 00:49:17.774 [main][2623] DEBUG io.netty.util.internal.PlatformDependent0 - sun.misc.Unsafe.copyMemory: available
2023-05-07 00:49:17.774 [main][2623] DEBUG io.netty.util.internal.PlatformDependent0 - sun.misc.Unsafe.storeFence: available
2023-05-07 00:49:17.775 [main][2624] DEBUG io.netty.util.internal.PlatformDependent0 - java.nio.Buffer.address: available
2023-05-07 00:49:17.775 [main][2624] DEBUG io.netty.util.internal.PlatformDependent0 - direct buffer constructor: unavailable: Reflective setAccessible(true) disabled
2023-05-07 00:49:17.776 [main][2625] DEBUG io.netty.util.internal.PlatformDependent0 - java.nio.Bits.unaligned: available, true
2023-05-07 00:49:17.778 [main][2627] DEBUG io.netty.util.internal.PlatformDependent0 - jdk.internal.misc.Unsafe.allocateUninitializedArray(int): unavailable: class io.netty.util.internal.PlatformDependent0$7 cannot access class jdk.internal.misc.Unsafe (in module java.base) because module java.base does not export jdk.internal.misc to unnamed module @6a1aab78
2023-05-07 00:49:17.779 [main][2628] DEBUG io.netty.util.internal.PlatformDependent0 - java.nio.DirectByteBuffer.<init>(long, int): unavailable
2023-05-07 00:49:17.779 [main][2628] DEBUG io.netty.util.internal.PlatformDependent - sun.misc.Unsafe: available
2023-05-07 00:49:17.780 [main][2629] DEBUG io.netty.util.internal.PlatformDependent - maxDirectMemory: 4227858432 bytes (maybe)
2023-05-07 00:49:17.780 [main][2629] DEBUG io.netty.util.internal.PlatformDependent - -Dio.netty.tmpdir: C:\Users\riyad\AppData\Local\Temp (java.io.tmpdir)
2023-05-07 00:49:17.780 [main][2629] DEBUG io.netty.util.internal.PlatformDependent - -Dio.netty.bitMode: 64 (sun.arch.data.model)
2023-05-07 00:49:17.780 [main][2629] DEBUG io.netty.util.internal.PlatformDependent - Platform: Windows
2023-05-07 00:49:17.781 [main][2630] DEBUG io.netty.util.internal.PlatformDependent - -Dio.netty.maxDirectMemory: -1 bytes
2023-05-07 00:49:17.781 [main][2630] DEBUG io.netty.util.internal.PlatformDependent - -Dio.netty.uninitializedArrayAllocationThreshold: -1
2023-05-07 00:49:17.782 [main][2631] DEBUG io.netty.util.internal.CleanerJava9 - java.nio.ByteBuffer.cleaner(): available
2023-05-07 00:49:17.782 [main][2631] DEBUG io.netty.util.internal.PlatformDependent - -Dio.netty.noPreferDirect: false
2023-05-07 00:49:17.790 [main][2639] DEBUG io.netty.util.internal.PlatformDependent - org.jctools-core.MpscChunkedArrayQueue: available
2023-05-07 00:49:17.805 [main][2654] DEBUG io.netty.util.internal.InternalThreadLocalMap - -Dio.netty.threadLocalMap.stringBuilder.initialSize: 1024
2023-05-07 00:49:17.806 [main][2655] DEBUG io.netty.util.internal.InternalThreadLocalMap - -Dio.netty.threadLocalMap.stringBuilder.maxSize: 4096
2023-05-07 00:49:17.831 [main][2680] DEBUG io.netty.handler.ssl.JdkSslContext - Default protocols (JDK): [TLSv1.3, TLSv1.2] 
2023-05-07 00:49:17.831 [main][2680] DEBUG io.netty.handler.ssl.JdkSslContext - Default cipher suites (JDK): [TLS_ECDHE_ECDSA_WITH_AES_256_GCM_SHA384, TLS_ECDHE_ECDSA_WITH_AES_128_GCM_SHA256, TLS_ECDHE_RSA_WITH_AES_128_GCM_SHA256, TLS_ECDHE_RSA_WITH_AES_256_GCM_SHA384, TLS_ECDHE_RSA_WITH_AES_128_CBC_SHA, TLS_ECDHE_RSA_WITH_AES_256_CBC_SHA, TLS_RSA_WITH_AES_128_GCM_SHA256, TLS_RSA_WITH_AES_128_CBC_SHA, TLS_RSA_WITH_AES_256_CBC_SHA, TLS_AES_128_GCM_SHA256, TLS_AES_256_GCM_SHA384]
2023-05-07 00:49:17.849 [main][2698] DEBUG io.netty.util.concurrent.GlobalEventExecutor - -Dio.netty.globalEventExecutor.quietPeriodSeconds: 1
2023-05-07 00:49:17.860 [main][2709] DEBUG io.netty.channel.MultithreadEventLoopGroup - -Dio.netty.eventLoopThreads: 16
2023-05-07 00:49:17.868 [main][2717] DEBUG io.netty.channel.nio.NioEventLoop - -Dio.netty.noKeySetOptimization: false
2023-05-07 00:49:17.868 [main][2717] DEBUG io.netty.channel.nio.NioEventLoop - -Dio.netty.selectorAutoRebuildThreshold: 512
2023-05-07 00:49:17.905 [main][2754] DEBUG io.netty.buffer.PooledByteBufAllocator - -Dio.netty.allocator.numHeapArenas: 16
2023-05-07 00:49:17.905 [main][2754] DEBUG io.netty.buffer.PooledByteBufAllocator - -Dio.netty.allocator.numDirectArenas: 16
2023-05-07 00:49:17.906 [main][2755] DEBUG io.netty.buffer.PooledByteBufAllocator - -Dio.netty.allocator.pageSize: 8192
2023-05-07 00:49:17.906 [main][2755] DEBUG io.netty.buffer.PooledByteBufAllocator - -Dio.netty.allocator.maxOrder: 9
2023-05-07 00:49:17.906 [main][2755] DEBUG io.netty.buffer.PooledByteBufAllocator - -Dio.netty.allocator.chunkSize: 4194304
2023-05-07 00:49:17.906 [main][2755] DEBUG io.netty.buffer.PooledByteBufAllocator - -Dio.netty.allocator.smallCacheSize: 256
2023-05-07 00:49:17.906 [main][2755] DEBUG io.netty.buffer.PooledByteBufAllocator - -Dio.netty.allocator.normalCacheSize: 64
2023-05-07 00:49:17.906 [main][2755] DEBUG io.netty.buffer.PooledByteBufAllocator - -Dio.netty.allocator.maxCachedBufferCapacity: 32768
2023-05-07 00:49:17.906 [main][2755] DEBUG io.netty.buffer.PooledByteBufAllocator - -Dio.netty.allocator.cacheTrimInterval: 8192
2023-05-07 00:49:17.906 [main][2755] DEBUG io.netty.buffer.PooledByteBufAllocator - -Dio.netty.allocator.cacheTrimIntervalMillis: 0
2023-05-07 00:49:17.906 [main][2755] DEBUG io.netty.buffer.PooledByteBufAllocator - -Dio.netty.allocator.useCacheForAllThreads: false
2023-05-07 00:49:17.906 [main][2755] DEBUG io.netty.buffer.PooledByteBufAllocator - -Dio.netty.allocator.maxCachedByteBuffersPerChunk: 1023
2023-05-07 00:49:17.917 [main][2766] DEBUG io.netty.buffer.ByteBufUtil - -Dio.netty.allocator.type: pooled
2023-05-07 00:49:17.917 [main][2766] DEBUG io.netty.buffer.ByteBufUtil - -Dio.netty.threadLocalDirectBufferSize: 0
2023-05-07 00:49:17.917 [main][2766] DEBUG io.netty.buffer.ByteBufUtil - -Dio.netty.maxThreadLocalCharBufferSize: 16384
2023-05-07 00:49:18.171 [Forwarding newSession on session null to remote][3020] DEBUG io.netty.channel.DefaultChannelId - -Dio.netty.processId: 29216 (auto-detected)
2023-05-07 00:49:18.172 [Forwarding newSession on session null to remote][3021] DEBUG io.netty.util.NetUtil - -Djava.net.preferIPv4Stack: false
2023-05-07 00:49:18.174 [Forwarding newSession on session null to remote][3023] DEBUG io.netty.util.NetUtil - -Djava.net.preferIPv6Addresses: false
2023-05-07 00:49:18.301 [Forwarding newSession on session null to remote][3150] DEBUG io.netty.util.NetUtilInitializations - Loopback interface: lo (Software Loopback Interface 1, 127.0.0.1)
2023-05-07 00:49:18.302 [Forwarding newSession on session null to remote][3151] DEBUG io.netty.util.NetUtil - Failed to get SOMAXCONN from sysctl and file \proc\sys\net\core\somaxconn. Default: 200
2023-05-07 00:49:18.312 [Forwarding newSession on session null to remote][3161] DEBUG io.netty.channel.DefaultChannelId - -Dio.netty.machineId: 98:43:fa:ff:fe:25:70:e2 (auto-detected)
2023-05-07 00:49:18.375 [AsyncHttpClient-1-2][3224] DEBUG io.netty.buffer.AbstractByteBuf - -Dio.netty.buffer.checkAccessible: true
2023-05-07 00:49:18.376 [AsyncHttpClient-1-2][3225] DEBUG io.netty.buffer.AbstractByteBuf - -Dio.netty.buffer.checkBounds: true
2023-05-07 00:49:18.376 [AsyncHttpClient-1-2][3225] DEBUG io.netty.util.ResourceLeakDetectorFactory - Loaded default ResourceLeakDetector: io.netty.util.ResourceLeakDetector@37a5a7a7
2023-05-07 00:49:18.409 [AsyncHttpClient-1-2][3258] DEBUG io.netty.util.Recycler - -Dio.netty.recycler.maxCapacityPerThread: 4096
2023-05-07 00:49:18.409 [AsyncHttpClient-1-2][3258] DEBUG io.netty.util.Recycler - -Dio.netty.recycler.ratio: 8
2023-05-07 00:49:18.409 [AsyncHttpClient-1-2][3258] DEBUG io.netty.util.Recycler - -Dio.netty.recycler.chunkSize: 32
2023-05-07 00:49:18.409 [AsyncHttpClient-1-2][3258] DEBUG io.netty.util.Recycler - -Dio.netty.recycler.blocking: false
2023-05-07 00:49:18.409 [AsyncHttpClient-1-2][3258] DEBUG io.netty.util.Recycler - -Dio.netty.recycler.batchFastThreadLocalOnly: true
2023-05-07 00:49:19.055 [AsyncHttpClient-1-2][3904] DEBUG io.netty.handler.codec.compression.Brotli - brotli4j not in the classpath; Brotli support will be unavailable.
2023-05-07 00:49:19.171 [main][4020] DEBUG io.netty.util.internal.ThreadLocalRandom - -Dio.netty.initialSeedUniquifier: 0x0f78d89e4b325590
2023-05-07 00:49:19.487 [main][4336] INFO  step_definitions.Hooks - -------Scenario: Calculator Real APR Rate------
