2023-05-06 02:06:05.183 [main][2738] DEBUG io.netty.util.internal.logging.InternalLoggerFactory - Using Log4J2 as the default logging framework
2023-05-06 02:06:05.205 [main][2760] DEBUG io.netty.util.ResourceLeakDetector - -Dio.netty.leakDetection.level: simple
2023-05-06 02:06:05.205 [main][2760] DEBUG io.netty.util.ResourceLeakDetector - -Dio.netty.leakDetection.targetRecords: 4
2023-05-06 02:06:05.210 [main][2765] DEBUG io.netty.util.ResourceLeakDetectorFactory - Loaded default ResourceLeakDetector: io.netty.util.ResourceLeakDetector@7baf1f5a
2023-05-06 02:06:05.227 [main][2782] DEBUG io.netty.util.internal.PlatformDependent0 - -Dio.netty.noUnsafe: false
2023-05-06 02:06:05.227 [main][2782] DEBUG io.netty.util.internal.PlatformDependent0 - Java version: 11
2023-05-06 02:06:05.230 [main][2785] DEBUG io.netty.util.internal.PlatformDependent0 - sun.misc.Unsafe.theUnsafe: available
2023-05-06 02:06:05.230 [main][2785] DEBUG io.netty.util.internal.PlatformDependent0 - sun.misc.Unsafe.copyMemory: available
2023-05-06 02:06:05.231 [main][2786] DEBUG io.netty.util.internal.PlatformDependent0 - sun.misc.Unsafe.storeFence: available
2023-05-06 02:06:05.231 [main][2786] DEBUG io.netty.util.internal.PlatformDependent0 - java.nio.Buffer.address: available
2023-05-06 02:06:05.232 [main][2787] DEBUG io.netty.util.internal.PlatformDependent0 - direct buffer constructor: unavailable: Reflective setAccessible(true) disabled
2023-05-06 02:06:05.232 [main][2787] DEBUG io.netty.util.internal.PlatformDependent0 - java.nio.Bits.unaligned: available, true
2023-05-06 02:06:05.234 [main][2789] DEBUG io.netty.util.internal.PlatformDependent0 - jdk.internal.misc.Unsafe.allocateUninitializedArray(int): unavailable: class io.netty.util.internal.PlatformDependent0$7 cannot access class jdk.internal.misc.Unsafe (in module java.base) because module java.base does not export jdk.internal.misc to unnamed module @163370c2
2023-05-06 02:06:05.235 [main][2790] DEBUG io.netty.util.internal.PlatformDependent0 - java.nio.DirectByteBuffer.<init>(long, int): unavailable
2023-05-06 02:06:05.235 [main][2790] DEBUG io.netty.util.internal.PlatformDependent - sun.misc.Unsafe: available
2023-05-06 02:06:05.235 [main][2790] DEBUG io.netty.util.internal.PlatformDependent - maxDirectMemory: 4227858432 bytes (maybe)
2023-05-06 02:06:05.236 [main][2791] DEBUG io.netty.util.internal.PlatformDependent - -Dio.netty.tmpdir: C:\Users\riyad\AppData\Local\Temp (java.io.tmpdir)
2023-05-06 02:06:05.236 [main][2791] DEBUG io.netty.util.internal.PlatformDependent - -Dio.netty.bitMode: 64 (sun.arch.data.model)
2023-05-06 02:06:05.236 [main][2791] DEBUG io.netty.util.internal.PlatformDependent - Platform: Windows
2023-05-06 02:06:05.236 [main][2791] DEBUG io.netty.util.internal.PlatformDependent - -Dio.netty.maxDirectMemory: -1 bytes
2023-05-06 02:06:05.237 [main][2792] DEBUG io.netty.util.internal.PlatformDependent - -Dio.netty.uninitializedArrayAllocationThreshold: -1
2023-05-06 02:06:05.239 [main][2794] DEBUG io.netty.util.internal.CleanerJava9 - java.nio.ByteBuffer.cleaner(): available
2023-05-06 02:06:05.239 [main][2794] DEBUG io.netty.util.internal.PlatformDependent - -Dio.netty.noPreferDirect: false
2023-05-06 02:06:05.246 [main][2801] DEBUG io.netty.util.internal.PlatformDependent - org.jctools-core.MpscChunkedArrayQueue: available
2023-05-06 02:06:05.265 [main][2820] DEBUG io.netty.util.internal.InternalThreadLocalMap - -Dio.netty.threadLocalMap.stringBuilder.initialSize: 1024
2023-05-06 02:06:05.265 [main][2820] DEBUG io.netty.util.internal.InternalThreadLocalMap - -Dio.netty.threadLocalMap.stringBuilder.maxSize: 4096
2023-05-06 02:06:05.295 [main][2850] DEBUG io.netty.handler.ssl.JdkSslContext - Default protocols (JDK): [TLSv1.3, TLSv1.2] 
2023-05-06 02:06:05.295 [main][2850] DEBUG io.netty.handler.ssl.JdkSslContext - Default cipher suites (JDK): [TLS_ECDHE_ECDSA_WITH_AES_256_GCM_SHA384, TLS_ECDHE_ECDSA_WITH_AES_128_GCM_SHA256, TLS_ECDHE_RSA_WITH_AES_128_GCM_SHA256, TLS_ECDHE_RSA_WITH_AES_256_GCM_SHA384, TLS_ECDHE_RSA_WITH_AES_128_CBC_SHA, TLS_ECDHE_RSA_WITH_AES_256_CBC_SHA, TLS_RSA_WITH_AES_128_GCM_SHA256, TLS_RSA_WITH_AES_128_CBC_SHA, TLS_RSA_WITH_AES_256_CBC_SHA, TLS_AES_128_GCM_SHA256, TLS_AES_256_GCM_SHA384]
2023-05-06 02:06:05.311 [main][2866] DEBUG io.netty.util.concurrent.GlobalEventExecutor - -Dio.netty.globalEventExecutor.quietPeriodSeconds: 1
2023-05-06 02:06:05.326 [main][2881] DEBUG io.netty.channel.MultithreadEventLoopGroup - -Dio.netty.eventLoopThreads: 16
2023-05-06 02:06:05.349 [main][2904] DEBUG io.netty.channel.nio.NioEventLoop - -Dio.netty.noKeySetOptimization: false
2023-05-06 02:06:05.349 [main][2904] DEBUG io.netty.channel.nio.NioEventLoop - -Dio.netty.selectorAutoRebuildThreshold: 512
2023-05-06 02:06:05.394 [main][2949] DEBUG io.netty.buffer.PooledByteBufAllocator - -Dio.netty.allocator.numHeapArenas: 16
2023-05-06 02:06:05.394 [main][2949] DEBUG io.netty.buffer.PooledByteBufAllocator - -Dio.netty.allocator.numDirectArenas: 16
2023-05-06 02:06:05.395 [main][2950] DEBUG io.netty.buffer.PooledByteBufAllocator - -Dio.netty.allocator.pageSize: 8192
2023-05-06 02:06:05.395 [main][2950] DEBUG io.netty.buffer.PooledByteBufAllocator - -Dio.netty.allocator.maxOrder: 9
2023-05-06 02:06:05.395 [main][2950] DEBUG io.netty.buffer.PooledByteBufAllocator - -Dio.netty.allocator.chunkSize: 4194304
2023-05-06 02:06:05.395 [main][2950] DEBUG io.netty.buffer.PooledByteBufAllocator - -Dio.netty.allocator.smallCacheSize: 256
2023-05-06 02:06:05.395 [main][2950] DEBUG io.netty.buffer.PooledByteBufAllocator - -Dio.netty.allocator.normalCacheSize: 64
2023-05-06 02:06:05.395 [main][2950] DEBUG io.netty.buffer.PooledByteBufAllocator - -Dio.netty.allocator.maxCachedBufferCapacity: 32768
2023-05-06 02:06:05.395 [main][2950] DEBUG io.netty.buffer.PooledByteBufAllocator - -Dio.netty.allocator.cacheTrimInterval: 8192
2023-05-06 02:06:05.395 [main][2950] DEBUG io.netty.buffer.PooledByteBufAllocator - -Dio.netty.allocator.cacheTrimIntervalMillis: 0
2023-05-06 02:06:05.395 [main][2950] DEBUG io.netty.buffer.PooledByteBufAllocator - -Dio.netty.allocator.useCacheForAllThreads: false
2023-05-06 02:06:05.395 [main][2950] DEBUG io.netty.buffer.PooledByteBufAllocator - -Dio.netty.allocator.maxCachedByteBuffersPerChunk: 1023
2023-05-06 02:06:05.404 [main][2959] DEBUG io.netty.buffer.ByteBufUtil - -Dio.netty.allocator.type: pooled
2023-05-06 02:06:05.405 [main][2960] DEBUG io.netty.buffer.ByteBufUtil - -Dio.netty.threadLocalDirectBufferSize: 0
2023-05-06 02:06:05.405 [main][2960] DEBUG io.netty.buffer.ByteBufUtil - -Dio.netty.maxThreadLocalCharBufferSize: 16384
2023-05-06 02:06:05.688 [Forwarding newSession on session null to remote][3243] DEBUG io.netty.channel.DefaultChannelId - -Dio.netty.processId: 27140 (auto-detected)
2023-05-06 02:06:05.690 [Forwarding newSession on session null to remote][3245] DEBUG io.netty.util.NetUtil - -Djava.net.preferIPv4Stack: false
2023-05-06 02:06:05.691 [Forwarding newSession on session null to remote][3246] DEBUG io.netty.util.NetUtil - -Djava.net.preferIPv6Addresses: false
2023-05-06 02:06:05.838 [Forwarding newSession on session null to remote][3393] DEBUG io.netty.util.NetUtilInitializations - Loopback interface: lo (Software Loopback Interface 1, 127.0.0.1)
2023-05-06 02:06:05.839 [Forwarding newSession on session null to remote][3394] DEBUG io.netty.util.NetUtil - Failed to get SOMAXCONN from sysctl and file \proc\sys\net\core\somaxconn. Default: 200
2023-05-06 02:06:05.849 [Forwarding newSession on session null to remote][3404] DEBUG io.netty.channel.DefaultChannelId - -Dio.netty.machineId: 98:43:fa:ff:fe:25:70:e2 (auto-detected)
2023-05-06 02:06:05.894 [AsyncHttpClient-1-2][3449] DEBUG io.netty.buffer.AbstractByteBuf - -Dio.netty.buffer.checkAccessible: true
2023-05-06 02:06:05.895 [AsyncHttpClient-1-2][3450] DEBUG io.netty.buffer.AbstractByteBuf - -Dio.netty.buffer.checkBounds: true
2023-05-06 02:06:05.895 [AsyncHttpClient-1-2][3450] DEBUG io.netty.util.ResourceLeakDetectorFactory - Loaded default ResourceLeakDetector: io.netty.util.ResourceLeakDetector@490328ec
2023-05-06 02:06:05.923 [AsyncHttpClient-1-2][3478] DEBUG io.netty.util.Recycler - -Dio.netty.recycler.maxCapacityPerThread: 4096
2023-05-06 02:06:05.923 [AsyncHttpClient-1-2][3478] DEBUG io.netty.util.Recycler - -Dio.netty.recycler.ratio: 8
2023-05-06 02:06:05.923 [AsyncHttpClient-1-2][3478] DEBUG io.netty.util.Recycler - -Dio.netty.recycler.chunkSize: 32
2023-05-06 02:06:05.923 [AsyncHttpClient-1-2][3478] DEBUG io.netty.util.Recycler - -Dio.netty.recycler.blocking: false
2023-05-06 02:06:05.923 [AsyncHttpClient-1-2][3478] DEBUG io.netty.util.Recycler - -Dio.netty.recycler.batchFastThreadLocalOnly: true
2023-05-06 02:06:06.563 [AsyncHttpClient-1-2][4118] DEBUG io.netty.handler.codec.compression.Brotli - brotli4j not in the classpath; Brotli support will be unavailable.
2023-05-06 02:06:06.659 [main][4214] DEBUG io.netty.util.internal.ThreadLocalRandom - -Dio.netty.initialSeedUniquifier: 0xd0b7a6a61775ab7f
2023-05-06 02:06:07.494 [main][5049] INFO  step_definitions.LoginSteps - user is on the login page
2023-05-06 02:06:07.728 [main][5283] INFO  step_definitions.LoginSteps - User has entered credentials
2023-05-06 02:06:07.780 [main][5335] INFO  step_definitions.LoginSteps - User click on the login button
2023-05-06 02:06:07.821 [main][5376] INFO  step_definitions.LoginSteps - User is in Home Page
2023-05-06 02:06:09.957 [main][7512] INFO  step_definitions.LoginSteps - user is on the login page
2023-05-06 02:06:10.181 [main][7736] INFO  step_definitions.LoginSteps - User has entered credentials
2023-05-06 02:06:10.239 [main][7794] INFO  step_definitions.LoginSteps - User click on the login button
2023-05-06 02:06:10.268 [main][7823] INFO  step_definitions.LoginSteps - User is in Home Page
2023-05-06 02:06:12.210 [main][9765] INFO  step_definitions.LoginSteps - user is on the login page
2023-05-06 02:06:12.427 [main][9982] INFO  step_definitions.LoginSteps - User has entered credentials
2023-05-06 02:06:12.483 [main][10038] INFO  step_definitions.LoginSteps - User click on the login button
2023-05-06 02:06:12.514 [main][10069] INFO  step_definitions.LoginSteps - User is in Home Page
2023-05-06 02:06:14.228 [main][11783] INFO  step_definitions.LoginSteps - user is on the login page
2023-05-06 02:06:14.466 [main][12021] INFO  step_definitions.LoginSteps - User has entered credentials
2023-05-06 02:06:14.526 [main][12081] INFO  step_definitions.LoginSteps - User click on the login button
2023-05-06 02:06:14.559 [main][12114] INFO  step_definitions.LoginSteps - User is in Home Page
2023-05-06 02:06:16.398 [main][13953] INFO  step_definitions.LoginSteps - user is on the login page
2023-05-06 02:06:16.631 [main][14186] INFO  step_definitions.LoginSteps - User has entered credentials
2023-05-06 02:06:16.681 [main][14236] INFO  step_definitions.LoginSteps - User clicking on the login button
2023-05-06 02:06:16.713 [main][14268] INFO  step_definitions.LoginSteps - User is in Home Page
2023-05-06 02:06:18.265 [main][15820] INFO  step_definitions.LoginSteps - user is on the login page
2023-05-06 02:06:18.497 [main][16052] INFO  step_definitions.LoginSteps - User has entered credentials
2023-05-06 02:06:18.553 [main][16108] INFO  step_definitions.LoginSteps - User click on the login button
2023-05-06 02:06:18.588 [main][16143] INFO  step_definitions.LoginSteps - User is still in login page
