2023-05-05 12:37:19.570 [main][2153] DEBUG io.netty.util.internal.logging.InternalLoggerFactory - Using Log4J2 as the default logging framework
2023-05-05 12:37:19.585 [main][2168] DEBUG io.netty.util.ResourceLeakDetector - -Dio.netty.leakDetection.level: simple
2023-05-05 12:37:19.586 [main][2169] DEBUG io.netty.util.ResourceLeakDetector - -Dio.netty.leakDetection.targetRecords: 4
2023-05-05 12:37:19.590 [main][2173] DEBUG io.netty.util.ResourceLeakDetectorFactory - Loaded default ResourceLeakDetector: io.netty.util.ResourceLeakDetector@24361cfc
2023-05-05 12:37:19.608 [main][2191] DEBUG io.netty.util.internal.PlatformDependent0 - -Dio.netty.noUnsafe: false
2023-05-05 12:37:19.608 [main][2191] DEBUG io.netty.util.internal.PlatformDependent0 - Java version: 11
2023-05-05 12:37:19.610 [main][2193] DEBUG io.netty.util.internal.PlatformDependent0 - sun.misc.Unsafe.theUnsafe: available
2023-05-05 12:37:19.611 [main][2194] DEBUG io.netty.util.internal.PlatformDependent0 - sun.misc.Unsafe.copyMemory: available
2023-05-05 12:37:19.612 [main][2195] DEBUG io.netty.util.internal.PlatformDependent0 - sun.misc.Unsafe.storeFence: available
2023-05-05 12:37:19.612 [main][2195] DEBUG io.netty.util.internal.PlatformDependent0 - java.nio.Buffer.address: available
2023-05-05 12:37:19.612 [main][2195] DEBUG io.netty.util.internal.PlatformDependent0 - direct buffer constructor: unavailable: Reflective setAccessible(true) disabled
2023-05-05 12:37:19.613 [main][2196] DEBUG io.netty.util.internal.PlatformDependent0 - java.nio.Bits.unaligned: available, true
2023-05-05 12:37:19.614 [main][2197] DEBUG io.netty.util.internal.PlatformDependent0 - jdk.internal.misc.Unsafe.allocateUninitializedArray(int): unavailable: class io.netty.util.internal.PlatformDependent0$7 cannot access class jdk.internal.misc.Unsafe (in module java.base) because module java.base does not export jdk.internal.misc to unnamed module @59906517
2023-05-05 12:37:19.616 [main][2199] DEBUG io.netty.util.internal.PlatformDependent0 - java.nio.DirectByteBuffer.<init>(long, int): unavailable
2023-05-05 12:37:19.616 [main][2199] DEBUG io.netty.util.internal.PlatformDependent - sun.misc.Unsafe: available
2023-05-05 12:37:19.616 [main][2199] DEBUG io.netty.util.internal.PlatformDependent - maxDirectMemory: 4227858432 bytes (maybe)
2023-05-05 12:37:19.617 [main][2200] DEBUG io.netty.util.internal.PlatformDependent - -Dio.netty.tmpdir: C:\Users\riyad\AppData\Local\Temp (java.io.tmpdir)
2023-05-05 12:37:19.617 [main][2200] DEBUG io.netty.util.internal.PlatformDependent - -Dio.netty.bitMode: 64 (sun.arch.data.model)
2023-05-05 12:37:19.617 [main][2200] DEBUG io.netty.util.internal.PlatformDependent - Platform: Windows
2023-05-05 12:37:19.617 [main][2200] DEBUG io.netty.util.internal.PlatformDependent - -Dio.netty.maxDirectMemory: -1 bytes
2023-05-05 12:37:19.618 [main][2201] DEBUG io.netty.util.internal.PlatformDependent - -Dio.netty.uninitializedArrayAllocationThreshold: -1
2023-05-05 12:37:19.618 [main][2201] DEBUG io.netty.util.internal.CleanerJava9 - java.nio.ByteBuffer.cleaner(): available
2023-05-05 12:37:19.618 [main][2201] DEBUG io.netty.util.internal.PlatformDependent - -Dio.netty.noPreferDirect: false
2023-05-05 12:37:19.627 [main][2210] DEBUG io.netty.util.internal.PlatformDependent - org.jctools-core.MpscChunkedArrayQueue: available
2023-05-05 12:37:19.649 [main][2232] DEBUG io.netty.util.internal.InternalThreadLocalMap - -Dio.netty.threadLocalMap.stringBuilder.initialSize: 1024
2023-05-05 12:37:19.649 [main][2232] DEBUG io.netty.util.internal.InternalThreadLocalMap - -Dio.netty.threadLocalMap.stringBuilder.maxSize: 4096
2023-05-05 12:37:19.672 [main][2255] DEBUG io.netty.handler.ssl.JdkSslContext - Default protocols (JDK): [TLSv1.3, TLSv1.2] 
2023-05-05 12:37:19.672 [main][2255] DEBUG io.netty.handler.ssl.JdkSslContext - Default cipher suites (JDK): [TLS_ECDHE_ECDSA_WITH_AES_256_GCM_SHA384, TLS_ECDHE_ECDSA_WITH_AES_128_GCM_SHA256, TLS_ECDHE_RSA_WITH_AES_128_GCM_SHA256, TLS_ECDHE_RSA_WITH_AES_256_GCM_SHA384, TLS_ECDHE_RSA_WITH_AES_128_CBC_SHA, TLS_ECDHE_RSA_WITH_AES_256_CBC_SHA, TLS_RSA_WITH_AES_128_GCM_SHA256, TLS_RSA_WITH_AES_128_CBC_SHA, TLS_RSA_WITH_AES_256_CBC_SHA, TLS_AES_128_GCM_SHA256, TLS_AES_256_GCM_SHA384]
2023-05-05 12:37:19.683 [main][2266] DEBUG io.netty.util.concurrent.GlobalEventExecutor - -Dio.netty.globalEventExecutor.quietPeriodSeconds: 1
2023-05-05 12:37:19.697 [main][2280] DEBUG io.netty.channel.MultithreadEventLoopGroup - -Dio.netty.eventLoopThreads: 16
2023-05-05 12:37:19.706 [main][2289] DEBUG io.netty.channel.nio.NioEventLoop - -Dio.netty.noKeySetOptimization: false
2023-05-05 12:37:19.706 [main][2289] DEBUG io.netty.channel.nio.NioEventLoop - -Dio.netty.selectorAutoRebuildThreshold: 512
2023-05-05 12:37:19.741 [main][2324] DEBUG io.netty.buffer.PooledByteBufAllocator - -Dio.netty.allocator.numHeapArenas: 16
2023-05-05 12:37:19.741 [main][2324] DEBUG io.netty.buffer.PooledByteBufAllocator - -Dio.netty.allocator.numDirectArenas: 16
2023-05-05 12:37:19.741 [main][2324] DEBUG io.netty.buffer.PooledByteBufAllocator - -Dio.netty.allocator.pageSize: 8192
2023-05-05 12:37:19.741 [main][2324] DEBUG io.netty.buffer.PooledByteBufAllocator - -Dio.netty.allocator.maxOrder: 9
2023-05-05 12:37:19.742 [main][2325] DEBUG io.netty.buffer.PooledByteBufAllocator - -Dio.netty.allocator.chunkSize: 4194304
2023-05-05 12:37:19.742 [main][2325] DEBUG io.netty.buffer.PooledByteBufAllocator - -Dio.netty.allocator.smallCacheSize: 256
2023-05-05 12:37:19.742 [main][2325] DEBUG io.netty.buffer.PooledByteBufAllocator - -Dio.netty.allocator.normalCacheSize: 64
2023-05-05 12:37:19.742 [main][2325] DEBUG io.netty.buffer.PooledByteBufAllocator - -Dio.netty.allocator.maxCachedBufferCapacity: 32768
2023-05-05 12:37:19.742 [main][2325] DEBUG io.netty.buffer.PooledByteBufAllocator - -Dio.netty.allocator.cacheTrimInterval: 8192
2023-05-05 12:37:19.742 [main][2325] DEBUG io.netty.buffer.PooledByteBufAllocator - -Dio.netty.allocator.cacheTrimIntervalMillis: 0
2023-05-05 12:37:19.742 [main][2325] DEBUG io.netty.buffer.PooledByteBufAllocator - -Dio.netty.allocator.useCacheForAllThreads: false
2023-05-05 12:37:19.742 [main][2325] DEBUG io.netty.buffer.PooledByteBufAllocator - -Dio.netty.allocator.maxCachedByteBuffersPerChunk: 1023
2023-05-05 12:37:19.751 [main][2334] DEBUG io.netty.buffer.ByteBufUtil - -Dio.netty.allocator.type: pooled
2023-05-05 12:37:19.751 [main][2334] DEBUG io.netty.buffer.ByteBufUtil - -Dio.netty.threadLocalDirectBufferSize: 0
2023-05-05 12:37:19.751 [main][2334] DEBUG io.netty.buffer.ByteBufUtil - -Dio.netty.maxThreadLocalCharBufferSize: 16384
2023-05-05 12:37:20.003 [Forwarding newSession on session null to remote][2586] DEBUG io.netty.channel.DefaultChannelId - -Dio.netty.processId: 5188 (auto-detected)
2023-05-05 12:37:20.005 [Forwarding newSession on session null to remote][2588] DEBUG io.netty.util.NetUtil - -Djava.net.preferIPv4Stack: false
2023-05-05 12:37:20.006 [Forwarding newSession on session null to remote][2589] DEBUG io.netty.util.NetUtil - -Djava.net.preferIPv6Addresses: false
2023-05-05 12:37:20.133 [Forwarding newSession on session null to remote][2716] DEBUG io.netty.util.NetUtilInitializations - Loopback interface: lo (Software Loopback Interface 1, 127.0.0.1)
2023-05-05 12:37:20.134 [Forwarding newSession on session null to remote][2717] DEBUG io.netty.util.NetUtil - Failed to get SOMAXCONN from sysctl and file \proc\sys\net\core\somaxconn. Default: 200
2023-05-05 12:37:20.141 [Forwarding newSession on session null to remote][2724] DEBUG io.netty.channel.DefaultChannelId - -Dio.netty.machineId: 98:43:fa:ff:fe:25:70:e2 (auto-detected)
2023-05-05 12:37:20.188 [AsyncHttpClient-1-2][2771] DEBUG io.netty.buffer.AbstractByteBuf - -Dio.netty.buffer.checkAccessible: true
2023-05-05 12:37:20.188 [AsyncHttpClient-1-2][2771] DEBUG io.netty.buffer.AbstractByteBuf - -Dio.netty.buffer.checkBounds: true
2023-05-05 12:37:20.189 [AsyncHttpClient-1-2][2772] DEBUG io.netty.util.ResourceLeakDetectorFactory - Loaded default ResourceLeakDetector: io.netty.util.ResourceLeakDetector@38c402b9
2023-05-05 12:37:20.215 [AsyncHttpClient-1-2][2798] DEBUG io.netty.util.Recycler - -Dio.netty.recycler.maxCapacityPerThread: 4096
2023-05-05 12:37:20.215 [AsyncHttpClient-1-2][2798] DEBUG io.netty.util.Recycler - -Dio.netty.recycler.ratio: 8
2023-05-05 12:37:20.215 [AsyncHttpClient-1-2][2798] DEBUG io.netty.util.Recycler - -Dio.netty.recycler.chunkSize: 32
2023-05-05 12:37:20.215 [AsyncHttpClient-1-2][2798] DEBUG io.netty.util.Recycler - -Dio.netty.recycler.blocking: false
2023-05-05 12:37:20.216 [AsyncHttpClient-1-2][2799] DEBUG io.netty.util.Recycler - -Dio.netty.recycler.batchFastThreadLocalOnly: true
2023-05-05 12:37:20.902 [AsyncHttpClient-1-2][3485] DEBUG io.netty.handler.codec.compression.Brotli - brotli4j not in the classpath; Brotli support will be unavailable.
2023-05-05 12:37:21.002 [main][3585] DEBUG io.netty.util.internal.ThreadLocalRandom - -Dio.netty.initialSeedUniquifier: 0x651505a435709447
2023-05-05 12:37:21.964 [main][4547] INFO  step_definitions.LoginSteps - user is on the login page
2023-05-05 12:37:22.185 [main][4768] INFO  step_definitions.LoginSteps - User has entered credentials
2023-05-05 12:37:22.231 [main][4814] INFO  step_definitions.LoginSteps - User click on the login button
