2023-05-06 14:28:18.116 [main][2233] INFO  step_definitions.Hooks - --------Scenario: Check login is successful with valid credentials-------
2023-05-06 14:28:18.584 [main][2701] DEBUG io.netty.util.internal.logging.InternalLoggerFactory - Using Log4J2 as the default logging framework
2023-05-06 14:28:18.603 [main][2720] DEBUG io.netty.util.ResourceLeakDetector - -Dio.netty.leakDetection.level: simple
2023-05-06 14:28:18.604 [main][2721] DEBUG io.netty.util.ResourceLeakDetector - -Dio.netty.leakDetection.targetRecords: 4
2023-05-06 14:28:18.607 [main][2724] DEBUG io.netty.util.ResourceLeakDetectorFactory - Loaded default ResourceLeakDetector: io.netty.util.ResourceLeakDetector@30b131b2
2023-05-06 14:28:18.623 [main][2740] DEBUG io.netty.util.internal.PlatformDependent0 - -Dio.netty.noUnsafe: false
2023-05-06 14:28:18.624 [main][2741] DEBUG io.netty.util.internal.PlatformDependent0 - Java version: 11
2023-05-06 14:28:18.626 [main][2743] DEBUG io.netty.util.internal.PlatformDependent0 - sun.misc.Unsafe.theUnsafe: available
2023-05-06 14:28:18.626 [main][2743] DEBUG io.netty.util.internal.PlatformDependent0 - sun.misc.Unsafe.copyMemory: available
2023-05-06 14:28:18.626 [main][2743] DEBUG io.netty.util.internal.PlatformDependent0 - sun.misc.Unsafe.storeFence: available
2023-05-06 14:28:18.626 [main][2743] DEBUG io.netty.util.internal.PlatformDependent0 - java.nio.Buffer.address: available
2023-05-06 14:28:18.627 [main][2744] DEBUG io.netty.util.internal.PlatformDependent0 - direct buffer constructor: unavailable: Reflective setAccessible(true) disabled
2023-05-06 14:28:18.627 [main][2744] DEBUG io.netty.util.internal.PlatformDependent0 - java.nio.Bits.unaligned: available, true
2023-05-06 14:28:18.628 [main][2745] DEBUG io.netty.util.internal.PlatformDependent0 - jdk.internal.misc.Unsafe.allocateUninitializedArray(int): unavailable: class io.netty.util.internal.PlatformDependent0$7 cannot access class jdk.internal.misc.Unsafe (in module java.base) because module java.base does not export jdk.internal.misc to unnamed module @163370c2
2023-05-06 14:28:18.630 [main][2747] DEBUG io.netty.util.internal.PlatformDependent0 - java.nio.DirectByteBuffer.<init>(long, int): unavailable
2023-05-06 14:28:18.630 [main][2747] DEBUG io.netty.util.internal.PlatformDependent - sun.misc.Unsafe: available
2023-05-06 14:28:18.630 [main][2747] DEBUG io.netty.util.internal.PlatformDependent - maxDirectMemory: 4227858432 bytes (maybe)
2023-05-06 14:28:18.630 [main][2747] DEBUG io.netty.util.internal.PlatformDependent - -Dio.netty.tmpdir: C:\Users\riyad\AppData\Local\Temp (java.io.tmpdir)
2023-05-06 14:28:18.630 [main][2747] DEBUG io.netty.util.internal.PlatformDependent - -Dio.netty.bitMode: 64 (sun.arch.data.model)
2023-05-06 14:28:18.631 [main][2748] DEBUG io.netty.util.internal.PlatformDependent - Platform: Windows
2023-05-06 14:28:18.631 [main][2748] DEBUG io.netty.util.internal.PlatformDependent - -Dio.netty.maxDirectMemory: -1 bytes
2023-05-06 14:28:18.631 [main][2748] DEBUG io.netty.util.internal.PlatformDependent - -Dio.netty.uninitializedArrayAllocationThreshold: -1
2023-05-06 14:28:18.633 [main][2750] DEBUG io.netty.util.internal.CleanerJava9 - java.nio.ByteBuffer.cleaner(): available
2023-05-06 14:28:18.633 [main][2750] DEBUG io.netty.util.internal.PlatformDependent - -Dio.netty.noPreferDirect: false
2023-05-06 14:28:18.639 [main][2756] DEBUG io.netty.util.internal.PlatformDependent - org.jctools-core.MpscChunkedArrayQueue: available
2023-05-06 14:28:18.657 [main][2774] DEBUG io.netty.util.internal.InternalThreadLocalMap - -Dio.netty.threadLocalMap.stringBuilder.initialSize: 1024
2023-05-06 14:28:18.657 [main][2774] DEBUG io.netty.util.internal.InternalThreadLocalMap - -Dio.netty.threadLocalMap.stringBuilder.maxSize: 4096
2023-05-06 14:28:18.692 [main][2809] DEBUG io.netty.handler.ssl.JdkSslContext - Default protocols (JDK): [TLSv1.3, TLSv1.2] 
2023-05-06 14:28:18.692 [main][2809] DEBUG io.netty.handler.ssl.JdkSslContext - Default cipher suites (JDK): [TLS_ECDHE_ECDSA_WITH_AES_256_GCM_SHA384, TLS_ECDHE_ECDSA_WITH_AES_128_GCM_SHA256, TLS_ECDHE_RSA_WITH_AES_128_GCM_SHA256, TLS_ECDHE_RSA_WITH_AES_256_GCM_SHA384, TLS_ECDHE_RSA_WITH_AES_128_CBC_SHA, TLS_ECDHE_RSA_WITH_AES_256_CBC_SHA, TLS_RSA_WITH_AES_128_GCM_SHA256, TLS_RSA_WITH_AES_128_CBC_SHA, TLS_RSA_WITH_AES_256_CBC_SHA, TLS_AES_128_GCM_SHA256, TLS_AES_256_GCM_SHA384]
2023-05-06 14:28:18.710 [main][2827] DEBUG io.netty.util.concurrent.GlobalEventExecutor - -Dio.netty.globalEventExecutor.quietPeriodSeconds: 1
2023-05-06 14:28:18.730 [main][2847] DEBUG io.netty.channel.MultithreadEventLoopGroup - -Dio.netty.eventLoopThreads: 16
2023-05-06 14:28:18.745 [main][2862] DEBUG io.netty.channel.nio.NioEventLoop - -Dio.netty.noKeySetOptimization: false
2023-05-06 14:28:18.745 [main][2862] DEBUG io.netty.channel.nio.NioEventLoop - -Dio.netty.selectorAutoRebuildThreshold: 512
2023-05-06 14:28:18.785 [main][2902] DEBUG io.netty.buffer.PooledByteBufAllocator - -Dio.netty.allocator.numHeapArenas: 16
2023-05-06 14:28:18.785 [main][2902] DEBUG io.netty.buffer.PooledByteBufAllocator - -Dio.netty.allocator.numDirectArenas: 16
2023-05-06 14:28:18.785 [main][2902] DEBUG io.netty.buffer.PooledByteBufAllocator - -Dio.netty.allocator.pageSize: 8192
2023-05-06 14:28:18.785 [main][2902] DEBUG io.netty.buffer.PooledByteBufAllocator - -Dio.netty.allocator.maxOrder: 9
2023-05-06 14:28:18.785 [main][2902] DEBUG io.netty.buffer.PooledByteBufAllocator - -Dio.netty.allocator.chunkSize: 4194304
2023-05-06 14:28:18.785 [main][2902] DEBUG io.netty.buffer.PooledByteBufAllocator - -Dio.netty.allocator.smallCacheSize: 256
2023-05-06 14:28:18.785 [main][2902] DEBUG io.netty.buffer.PooledByteBufAllocator - -Dio.netty.allocator.normalCacheSize: 64
2023-05-06 14:28:18.785 [main][2902] DEBUG io.netty.buffer.PooledByteBufAllocator - -Dio.netty.allocator.maxCachedBufferCapacity: 32768
2023-05-06 14:28:18.785 [main][2902] DEBUG io.netty.buffer.PooledByteBufAllocator - -Dio.netty.allocator.cacheTrimInterval: 8192
2023-05-06 14:28:18.785 [main][2902] DEBUG io.netty.buffer.PooledByteBufAllocator - -Dio.netty.allocator.cacheTrimIntervalMillis: 0
2023-05-06 14:28:18.785 [main][2902] DEBUG io.netty.buffer.PooledByteBufAllocator - -Dio.netty.allocator.useCacheForAllThreads: false
2023-05-06 14:28:18.785 [main][2902] DEBUG io.netty.buffer.PooledByteBufAllocator - -Dio.netty.allocator.maxCachedByteBuffersPerChunk: 1023
2023-05-06 14:28:18.796 [main][2913] DEBUG io.netty.buffer.ByteBufUtil - -Dio.netty.allocator.type: pooled
2023-05-06 14:28:18.797 [main][2914] DEBUG io.netty.buffer.ByteBufUtil - -Dio.netty.threadLocalDirectBufferSize: 0
2023-05-06 14:28:18.797 [main][2914] DEBUG io.netty.buffer.ByteBufUtil - -Dio.netty.maxThreadLocalCharBufferSize: 16384
2023-05-06 14:28:19.081 [Forwarding newSession on session null to remote][3198] DEBUG io.netty.channel.DefaultChannelId - -Dio.netty.processId: 17328 (auto-detected)
2023-05-06 14:28:19.083 [Forwarding newSession on session null to remote][3200] DEBUG io.netty.util.NetUtil - -Djava.net.preferIPv4Stack: false
2023-05-06 14:28:19.083 [Forwarding newSession on session null to remote][3200] DEBUG io.netty.util.NetUtil - -Djava.net.preferIPv6Addresses: false
2023-05-06 14:28:19.235 [Forwarding newSession on session null to remote][3352] DEBUG io.netty.util.NetUtilInitializations - Loopback interface: lo (Software Loopback Interface 1, 127.0.0.1)
2023-05-06 14:28:19.237 [Forwarding newSession on session null to remote][3354] DEBUG io.netty.util.NetUtil - Failed to get SOMAXCONN from sysctl and file \proc\sys\net\core\somaxconn. Default: 200
2023-05-06 14:28:19.246 [Forwarding newSession on session null to remote][3363] DEBUG io.netty.channel.DefaultChannelId - -Dio.netty.machineId: 98:43:fa:ff:fe:25:70:e2 (auto-detected)
2023-05-06 14:28:19.290 [AsyncHttpClient-1-2][3407] DEBUG io.netty.buffer.AbstractByteBuf - -Dio.netty.buffer.checkAccessible: true
2023-05-06 14:28:19.290 [AsyncHttpClient-1-2][3407] DEBUG io.netty.buffer.AbstractByteBuf - -Dio.netty.buffer.checkBounds: true
2023-05-06 14:28:19.290 [AsyncHttpClient-1-2][3407] DEBUG io.netty.util.ResourceLeakDetectorFactory - Loaded default ResourceLeakDetector: io.netty.util.ResourceLeakDetector@78083d1a
2023-05-06 14:28:19.317 [AsyncHttpClient-1-2][3434] DEBUG io.netty.util.Recycler - -Dio.netty.recycler.maxCapacityPerThread: 4096
2023-05-06 14:28:19.319 [AsyncHttpClient-1-2][3436] DEBUG io.netty.util.Recycler - -Dio.netty.recycler.ratio: 8
2023-05-06 14:28:19.319 [AsyncHttpClient-1-2][3436] DEBUG io.netty.util.Recycler - -Dio.netty.recycler.chunkSize: 32
2023-05-06 14:28:19.319 [AsyncHttpClient-1-2][3436] DEBUG io.netty.util.Recycler - -Dio.netty.recycler.blocking: false
2023-05-06 14:28:19.319 [AsyncHttpClient-1-2][3436] DEBUG io.netty.util.Recycler - -Dio.netty.recycler.batchFastThreadLocalOnly: true
2023-05-06 14:28:19.941 [AsyncHttpClient-1-2][4058] DEBUG io.netty.handler.codec.compression.Brotli - brotli4j not in the classpath; Brotli support will be unavailable.
2023-05-06 14:28:20.087 [main][4204] DEBUG io.netty.util.internal.ThreadLocalRandom - -Dio.netty.initialSeedUniquifier: 0xce950723fbb88150
2023-05-06 14:28:21.322 [main][5439] INFO  step_definitions.LoginSteps - user is on the login page
2023-05-06 14:28:21.546 [main][5663] INFO  step_definitions.LoginSteps - User has entered credentials
2023-05-06 14:28:21.616 [main][5733] INFO  step_definitions.LoginSteps - User click on the login button
2023-05-06 14:28:21.659 [main][5776] INFO  step_definitions.LoginSteps - User is in Home Page
2023-05-06 14:28:21.896 [main][6013] INFO  step_definitions.Hooks - -------Scenario: Check login is successful with valid credentials------
2023-05-06 14:28:21.907 [main][6024] INFO  step_definitions.Hooks - --------Scenario: Check login is successful with valid credentials for multiple users-------
2023-05-06 14:28:23.708 [main][7825] INFO  step_definitions.LoginSteps - user is on the login page
2023-05-06 14:28:23.927 [main][8044] INFO  step_definitions.LoginSteps - User has entered credentials
2023-05-06 14:28:23.983 [main][8100] INFO  step_definitions.LoginSteps - User click on the login button
2023-05-06 14:28:24.013 [main][8130] INFO  step_definitions.LoginSteps - User is in Home Page
2023-05-06 14:28:24.206 [main][8323] INFO  step_definitions.Hooks - -------Scenario: Check login is successful with valid credentials for multiple users------
2023-05-06 14:28:24.212 [main][8329] INFO  step_definitions.Hooks - --------Scenario: Check login is successful with valid credentials for multiple users-------
2023-05-06 14:28:25.800 [main][9917] INFO  step_definitions.LoginSteps - user is on the login page
2023-05-06 14:28:26.029 [main][10146] INFO  step_definitions.LoginSteps - User has entered credentials
2023-05-06 14:28:26.087 [main][10204] INFO  step_definitions.LoginSteps - User click on the login button
2023-05-06 14:28:26.117 [main][10234] INFO  step_definitions.LoginSteps - User is in Home Page
2023-05-06 14:28:26.311 [main][10428] INFO  step_definitions.Hooks - -------Scenario: Check login is successful with valid credentials for multiple users------
2023-05-06 14:28:26.317 [main][10434] INFO  step_definitions.Hooks - --------Scenario: Check login is successful with valid credentials for multiple users-------
2023-05-06 14:28:27.896 [main][12013] INFO  step_definitions.LoginSteps - user is on the login page
2023-05-06 14:28:28.116 [main][12233] INFO  step_definitions.LoginSteps - User has entered credentials
2023-05-06 14:28:28.172 [main][12289] INFO  step_definitions.LoginSteps - User click on the login button
2023-05-06 14:28:28.200 [main][12317] INFO  step_definitions.LoginSteps - User is in Home Page
2023-05-06 14:28:28.412 [main][12529] INFO  step_definitions.Hooks - -------Scenario: Check login is successful with valid credentials for multiple users------
2023-05-06 14:28:28.420 [main][12537] INFO  step_definitions.Hooks - --------Scenario: Check login is successful with valid credentials-------
2023-05-06 14:28:29.977 [main][14094] INFO  step_definitions.LoginSteps - user is on the login page
2023-05-06 14:28:30.215 [main][14332] INFO  step_definitions.LoginSteps - User has entered credentials
2023-05-06 14:28:30.275 [main][14392] INFO  step_definitions.LoginSteps - User clicking on the login button
2023-05-06 14:28:30.308 [main][14425] INFO  step_definitions.LoginSteps - User is in Home Page
2023-05-06 14:28:30.523 [main][14640] INFO  step_definitions.Hooks - -------Scenario: Check login is successful with valid credentials------
2023-05-06 14:28:30.528 [main][14645] INFO  step_definitions.Hooks - --------Scenario: Check login is unsuccessful with invalid credentials-------
2023-05-06 14:28:32.169 [main][16286] INFO  step_definitions.LoginSteps - user is on the login page
2023-05-06 14:28:32.397 [main][16514] INFO  step_definitions.LoginSteps - User has entered credentials
2023-05-06 14:28:32.448 [main][16565] INFO  step_definitions.LoginSteps - User click on the login button
2023-05-06 14:28:32.483 [main][16600] INFO  step_definitions.LoginSteps - User is still in login page
2023-05-06 14:28:32.668 [main][16785] INFO  step_definitions.Hooks - -------Scenario: Check login is unsuccessful with invalid credentials------
