2023-05-07 00:15:28.332 [main][2502] INFO  step_definitions.Hooks - --------Scenario: Check login is successful with valid credentials-------
2023-05-07 00:15:28.672 [main][2842] DEBUG io.netty.util.internal.logging.InternalLoggerFactory - Using Log4J2 as the default logging framework
2023-05-07 00:15:28.686 [main][2856] DEBUG io.netty.util.ResourceLeakDetector - -Dio.netty.leakDetection.level: simple
2023-05-07 00:15:28.686 [main][2856] DEBUG io.netty.util.ResourceLeakDetector - -Dio.netty.leakDetection.targetRecords: 4
2023-05-07 00:15:28.691 [main][2861] DEBUG io.netty.util.ResourceLeakDetectorFactory - Loaded default ResourceLeakDetector: io.netty.util.ResourceLeakDetector@715b886f
2023-05-07 00:15:28.710 [main][2880] DEBUG io.netty.util.internal.PlatformDependent0 - -Dio.netty.noUnsafe: false
2023-05-07 00:15:28.710 [main][2880] DEBUG io.netty.util.internal.PlatformDependent0 - Java version: 11
2023-05-07 00:15:28.711 [main][2881] DEBUG io.netty.util.internal.PlatformDependent0 - sun.misc.Unsafe.theUnsafe: available
2023-05-07 00:15:28.712 [main][2882] DEBUG io.netty.util.internal.PlatformDependent0 - sun.misc.Unsafe.copyMemory: available
2023-05-07 00:15:28.712 [main][2882] DEBUG io.netty.util.internal.PlatformDependent0 - sun.misc.Unsafe.storeFence: available
2023-05-07 00:15:28.713 [main][2883] DEBUG io.netty.util.internal.PlatformDependent0 - java.nio.Buffer.address: available
2023-05-07 00:15:28.713 [main][2883] DEBUG io.netty.util.internal.PlatformDependent0 - direct buffer constructor: unavailable: Reflective setAccessible(true) disabled
2023-05-07 00:15:28.714 [main][2884] DEBUG io.netty.util.internal.PlatformDependent0 - java.nio.Bits.unaligned: available, true
2023-05-07 00:15:28.715 [main][2885] DEBUG io.netty.util.internal.PlatformDependent0 - jdk.internal.misc.Unsafe.allocateUninitializedArray(int): unavailable: class io.netty.util.internal.PlatformDependent0$7 cannot access class jdk.internal.misc.Unsafe (in module java.base) because module java.base does not export jdk.internal.misc to unnamed module @4dd6fd0a
2023-05-07 00:15:28.715 [main][2885] DEBUG io.netty.util.internal.PlatformDependent0 - java.nio.DirectByteBuffer.<init>(long, int): unavailable
2023-05-07 00:15:28.715 [main][2885] DEBUG io.netty.util.internal.PlatformDependent - sun.misc.Unsafe: available
2023-05-07 00:15:28.716 [main][2886] DEBUG io.netty.util.internal.PlatformDependent - maxDirectMemory: 4227858432 bytes (maybe)
2023-05-07 00:15:28.716 [main][2886] DEBUG io.netty.util.internal.PlatformDependent - -Dio.netty.tmpdir: C:\Users\riyad\AppData\Local\Temp (java.io.tmpdir)
2023-05-07 00:15:28.716 [main][2886] DEBUG io.netty.util.internal.PlatformDependent - -Dio.netty.bitMode: 64 (sun.arch.data.model)
2023-05-07 00:15:28.716 [main][2886] DEBUG io.netty.util.internal.PlatformDependent - Platform: Windows
2023-05-07 00:15:28.717 [main][2887] DEBUG io.netty.util.internal.PlatformDependent - -Dio.netty.maxDirectMemory: -1 bytes
2023-05-07 00:15:28.717 [main][2887] DEBUG io.netty.util.internal.PlatformDependent - -Dio.netty.uninitializedArrayAllocationThreshold: -1
2023-05-07 00:15:28.718 [main][2888] DEBUG io.netty.util.internal.CleanerJava9 - java.nio.ByteBuffer.cleaner(): available
2023-05-07 00:15:28.718 [main][2888] DEBUG io.netty.util.internal.PlatformDependent - -Dio.netty.noPreferDirect: false
2023-05-07 00:15:28.722 [main][2892] DEBUG io.netty.util.internal.PlatformDependent - org.jctools-core.MpscChunkedArrayQueue: available
2023-05-07 00:15:28.741 [main][2911] DEBUG io.netty.util.internal.InternalThreadLocalMap - -Dio.netty.threadLocalMap.stringBuilder.initialSize: 1024
2023-05-07 00:15:28.741 [main][2911] DEBUG io.netty.util.internal.InternalThreadLocalMap - -Dio.netty.threadLocalMap.stringBuilder.maxSize: 4096
2023-05-07 00:15:28.757 [main][2927] DEBUG io.netty.handler.ssl.JdkSslContext - Default protocols (JDK): [TLSv1.3, TLSv1.2] 
2023-05-07 00:15:28.757 [main][2927] DEBUG io.netty.handler.ssl.JdkSslContext - Default cipher suites (JDK): [TLS_ECDHE_ECDSA_WITH_AES_256_GCM_SHA384, TLS_ECDHE_ECDSA_WITH_AES_128_GCM_SHA256, TLS_ECDHE_RSA_WITH_AES_128_GCM_SHA256, TLS_ECDHE_RSA_WITH_AES_256_GCM_SHA384, TLS_ECDHE_RSA_WITH_AES_128_CBC_SHA, TLS_ECDHE_RSA_WITH_AES_256_CBC_SHA, TLS_RSA_WITH_AES_128_GCM_SHA256, TLS_RSA_WITH_AES_128_CBC_SHA, TLS_RSA_WITH_AES_256_CBC_SHA, TLS_AES_128_GCM_SHA256, TLS_AES_256_GCM_SHA384]
2023-05-07 00:15:28.765 [main][2935] DEBUG io.netty.util.concurrent.GlobalEventExecutor - -Dio.netty.globalEventExecutor.quietPeriodSeconds: 1
2023-05-07 00:15:28.774 [main][2944] DEBUG io.netty.channel.MultithreadEventLoopGroup - -Dio.netty.eventLoopThreads: 16
2023-05-07 00:15:28.780 [main][2950] DEBUG io.netty.channel.nio.NioEventLoop - -Dio.netty.noKeySetOptimization: false
2023-05-07 00:15:28.780 [main][2950] DEBUG io.netty.channel.nio.NioEventLoop - -Dio.netty.selectorAutoRebuildThreshold: 512
2023-05-07 00:15:28.846 [main][3016] DEBUG io.netty.buffer.PooledByteBufAllocator - -Dio.netty.allocator.numHeapArenas: 16
2023-05-07 00:15:28.847 [main][3017] DEBUG io.netty.buffer.PooledByteBufAllocator - -Dio.netty.allocator.numDirectArenas: 16
2023-05-07 00:15:28.847 [main][3017] DEBUG io.netty.buffer.PooledByteBufAllocator - -Dio.netty.allocator.pageSize: 8192
2023-05-07 00:15:28.847 [main][3017] DEBUG io.netty.buffer.PooledByteBufAllocator - -Dio.netty.allocator.maxOrder: 9
2023-05-07 00:15:28.847 [main][3017] DEBUG io.netty.buffer.PooledByteBufAllocator - -Dio.netty.allocator.chunkSize: 4194304
2023-05-07 00:15:28.847 [main][3017] DEBUG io.netty.buffer.PooledByteBufAllocator - -Dio.netty.allocator.smallCacheSize: 256
2023-05-07 00:15:28.847 [main][3017] DEBUG io.netty.buffer.PooledByteBufAllocator - -Dio.netty.allocator.normalCacheSize: 64
2023-05-07 00:15:28.847 [main][3017] DEBUG io.netty.buffer.PooledByteBufAllocator - -Dio.netty.allocator.maxCachedBufferCapacity: 32768
2023-05-07 00:15:28.847 [main][3017] DEBUG io.netty.buffer.PooledByteBufAllocator - -Dio.netty.allocator.cacheTrimInterval: 8192
2023-05-07 00:15:28.847 [main][3017] DEBUG io.netty.buffer.PooledByteBufAllocator - -Dio.netty.allocator.cacheTrimIntervalMillis: 0
2023-05-07 00:15:28.847 [main][3017] DEBUG io.netty.buffer.PooledByteBufAllocator - -Dio.netty.allocator.useCacheForAllThreads: false
2023-05-07 00:15:28.847 [main][3017] DEBUG io.netty.buffer.PooledByteBufAllocator - -Dio.netty.allocator.maxCachedByteBuffersPerChunk: 1023
2023-05-07 00:15:28.855 [main][3025] DEBUG io.netty.buffer.ByteBufUtil - -Dio.netty.allocator.type: pooled
2023-05-07 00:15:28.855 [main][3025] DEBUG io.netty.buffer.ByteBufUtil - -Dio.netty.threadLocalDirectBufferSize: 0
2023-05-07 00:15:28.855 [main][3025] DEBUG io.netty.buffer.ByteBufUtil - -Dio.netty.maxThreadLocalCharBufferSize: 16384
2023-05-07 00:15:29.122 [Forwarding newSession on session null to remote][3292] DEBUG io.netty.channel.DefaultChannelId - -Dio.netty.processId: 8764 (auto-detected)
2023-05-07 00:15:29.124 [Forwarding newSession on session null to remote][3294] DEBUG io.netty.util.NetUtil - -Djava.net.preferIPv4Stack: false
2023-05-07 00:15:29.124 [Forwarding newSession on session null to remote][3294] DEBUG io.netty.util.NetUtil - -Djava.net.preferIPv6Addresses: false
2023-05-07 00:15:29.251 [Forwarding newSession on session null to remote][3421] DEBUG io.netty.util.NetUtilInitializations - Loopback interface: lo (Software Loopback Interface 1, 127.0.0.1)
2023-05-07 00:15:29.252 [Forwarding newSession on session null to remote][3422] DEBUG io.netty.util.NetUtil - Failed to get SOMAXCONN from sysctl and file \proc\sys\net\core\somaxconn. Default: 200
2023-05-07 00:15:29.260 [Forwarding newSession on session null to remote][3430] DEBUG io.netty.channel.DefaultChannelId - -Dio.netty.machineId: 98:43:fa:ff:fe:25:70:e2 (auto-detected)
2023-05-07 00:15:29.307 [AsyncHttpClient-1-2][3477] DEBUG io.netty.buffer.AbstractByteBuf - -Dio.netty.buffer.checkAccessible: true
2023-05-07 00:15:29.307 [AsyncHttpClient-1-2][3477] DEBUG io.netty.buffer.AbstractByteBuf - -Dio.netty.buffer.checkBounds: true
2023-05-07 00:15:29.307 [AsyncHttpClient-1-2][3477] DEBUG io.netty.util.ResourceLeakDetectorFactory - Loaded default ResourceLeakDetector: io.netty.util.ResourceLeakDetector@71e256ab
2023-05-07 00:15:29.338 [AsyncHttpClient-1-2][3508] DEBUG io.netty.util.Recycler - -Dio.netty.recycler.maxCapacityPerThread: 4096
2023-05-07 00:15:29.338 [AsyncHttpClient-1-2][3508] DEBUG io.netty.util.Recycler - -Dio.netty.recycler.ratio: 8
2023-05-07 00:15:29.338 [AsyncHttpClient-1-2][3508] DEBUG io.netty.util.Recycler - -Dio.netty.recycler.chunkSize: 32
2023-05-07 00:15:29.338 [AsyncHttpClient-1-2][3508] DEBUG io.netty.util.Recycler - -Dio.netty.recycler.blocking: false
2023-05-07 00:15:29.338 [AsyncHttpClient-1-2][3508] DEBUG io.netty.util.Recycler - -Dio.netty.recycler.batchFastThreadLocalOnly: true
2023-05-07 00:15:29.893 [AsyncHttpClient-1-2][4063] DEBUG io.netty.handler.codec.compression.Brotli - brotli4j not in the classpath; Brotli support will be unavailable.
2023-05-07 00:15:30.037 [main][4207] DEBUG io.netty.util.internal.ThreadLocalRandom - -Dio.netty.initialSeedUniquifier: 0x07697439eb26700a
2023-05-07 00:15:31.088 [main][5258] INFO  step_definitions.LoginSteps - user is on the login page
2023-05-07 00:15:31.299 [main][5469] INFO  step_definitions.LoginSteps - User has entered credentials
2023-05-07 00:15:31.351 [main][5521] INFO  step_definitions.LoginSteps - User click on the login button
2023-05-07 00:15:31.386 [main][5556] INFO  step_definitions.LoginSteps - User is in Home Page
2023-05-07 00:15:31.632 [main][5802] INFO  step_definitions.Hooks - -------Scenario: Check login is successful with valid credentials------
2023-05-07 00:15:31.639 [main][5809] INFO  step_definitions.Hooks - --------Scenario: Check login is successful with valid credentials for multiple users-------
2023-05-07 00:15:33.237 [main][7407] INFO  step_definitions.LoginSteps - user is on the login page
2023-05-07 00:15:33.430 [main][7600] INFO  step_definitions.LoginSteps - User has entered credentials
2023-05-07 00:15:33.481 [main][7651] INFO  step_definitions.LoginSteps - User click on the login button
2023-05-07 00:15:33.507 [main][7677] INFO  step_definitions.LoginSteps - User is in Home Page
2023-05-07 00:15:33.705 [main][7875] INFO  step_definitions.Hooks - -------Scenario: Check login is successful with valid credentials for multiple users------
2023-05-07 00:15:33.708 [main][7878] INFO  step_definitions.Hooks - --------Scenario: Check login is successful with valid credentials for multiple users-------
2023-05-07 00:15:35.268 [main][9438] INFO  step_definitions.LoginSteps - user is on the login page
2023-05-07 00:15:35.470 [main][9640] INFO  step_definitions.LoginSteps - User has entered credentials
2023-05-07 00:15:35.517 [main][9687] INFO  step_definitions.LoginSteps - User click on the login button
2023-05-07 00:15:35.543 [main][9713] INFO  step_definitions.LoginSteps - User is in Home Page
2023-05-07 00:15:35.780 [main][9950] INFO  step_definitions.Hooks - -------Scenario: Check login is successful with valid credentials for multiple users------
2023-05-07 00:15:35.783 [main][9953] INFO  step_definitions.Hooks - --------Scenario: Check login is successful with valid credentials for multiple users-------
2023-05-07 00:15:37.261 [main][11431] INFO  step_definitions.LoginSteps - user is on the login page
2023-05-07 00:15:37.474 [main][11644] INFO  step_definitions.LoginSteps - User has entered credentials
2023-05-07 00:15:37.519 [main][11689] INFO  step_definitions.LoginSteps - User click on the login button
2023-05-07 00:15:37.547 [main][11717] INFO  step_definitions.LoginSteps - User is in Home Page
2023-05-07 00:15:37.785 [main][11955] INFO  step_definitions.Hooks - -------Scenario: Check login is successful with valid credentials for multiple users------
2023-05-07 00:15:37.790 [main][11960] INFO  step_definitions.Hooks - --------Scenario: Check login is successful with valid credentials-------
2023-05-07 00:15:39.276 [main][13446] INFO  step_definitions.LoginSteps - user is on the login page
2023-05-07 00:15:39.474 [main][13644] INFO  step_definitions.LoginSteps - User has entered credentials
2023-05-07 00:15:39.521 [main][13691] INFO  step_definitions.LoginSteps - User clicking on the login button
2023-05-07 00:15:39.551 [main][13721] INFO  step_definitions.LoginSteps - User is in Home Page
2023-05-07 00:15:39.776 [main][13946] INFO  step_definitions.Hooks - -------Scenario: Check login is successful with valid credentials------
2023-05-07 00:15:39.779 [main][13949] INFO  step_definitions.Hooks - --------Scenario: Check login is unsuccessful with invalid credentials-------
2023-05-07 00:15:41.016 [main][15186] INFO  step_definitions.LoginSteps - user is on the login page
2023-05-07 00:15:41.241 [main][15411] INFO  step_definitions.LoginSteps - User has entered credentials
2023-05-07 00:15:41.300 [main][15470] INFO  step_definitions.LoginSteps - User click on the login button
2023-05-07 00:15:41.336 [main][15506] INFO  step_definitions.LoginSteps - User is still in login page
2023-05-07 00:15:41.621 [main][15791] INFO  step_definitions.Hooks - -------Scenario: Check login is unsuccessful with invalid credentials------
