2023-05-04 21:12:34.868 [main][3915] DEBUG io.netty.util.internal.logging.InternalLoggerFactory - Using Log4J2 as the default logging framework
2023-05-04 21:12:34.886 [main][3933] DEBUG io.netty.util.ResourceLeakDetector - -Dio.netty.leakDetection.level: simple
2023-05-04 21:12:34.886 [main][3933] DEBUG io.netty.util.ResourceLeakDetector - -Dio.netty.leakDetection.targetRecords: 4
2023-05-04 21:12:34.892 [main][3939] DEBUG io.netty.util.ResourceLeakDetectorFactory - Loaded default ResourceLeakDetector: io.netty.util.ResourceLeakDetector@c017175
2023-05-04 21:12:34.921 [main][3968] DEBUG io.netty.util.internal.PlatformDependent0 - -Dio.netty.noUnsafe: false
2023-05-04 21:12:34.921 [main][3968] DEBUG io.netty.util.internal.PlatformDependent0 - Java version: 11
2023-05-04 21:12:34.923 [main][3970] DEBUG io.netty.util.internal.PlatformDependent0 - sun.misc.Unsafe.theUnsafe: available
2023-05-04 21:12:34.924 [main][3971] DEBUG io.netty.util.internal.PlatformDependent0 - sun.misc.Unsafe.copyMemory: available
2023-05-04 21:12:34.924 [main][3971] DEBUG io.netty.util.internal.PlatformDependent0 - sun.misc.Unsafe.storeFence: available
2023-05-04 21:12:34.925 [main][3972] DEBUG io.netty.util.internal.PlatformDependent0 - java.nio.Buffer.address: available
2023-05-04 21:12:34.926 [main][3973] DEBUG io.netty.util.internal.PlatformDependent0 - direct buffer constructor: unavailable: Reflective setAccessible(true) disabled
2023-05-04 21:12:34.927 [main][3974] DEBUG io.netty.util.internal.PlatformDependent0 - java.nio.Bits.unaligned: available, true
2023-05-04 21:12:34.929 [main][3976] DEBUG io.netty.util.internal.PlatformDependent0 - jdk.internal.misc.Unsafe.allocateUninitializedArray(int): unavailable: class io.netty.util.internal.PlatformDependent0$7 cannot access class jdk.internal.misc.Unsafe (in module java.base) because module java.base does not export jdk.internal.misc to unnamed module @3cce57c7
2023-05-04 21:12:34.931 [main][3978] DEBUG io.netty.util.internal.PlatformDependent0 - java.nio.DirectByteBuffer.<init>(long, int): unavailable
2023-05-04 21:12:34.931 [main][3978] DEBUG io.netty.util.internal.PlatformDependent - sun.misc.Unsafe: available
2023-05-04 21:12:34.931 [main][3978] DEBUG io.netty.util.internal.PlatformDependent - maxDirectMemory: 4227858432 bytes (maybe)
2023-05-04 21:12:34.932 [main][3979] DEBUG io.netty.util.internal.PlatformDependent - -Dio.netty.tmpdir: C:\Users\riyad\AppData\Local\Temp (java.io.tmpdir)
2023-05-04 21:12:34.932 [main][3979] DEBUG io.netty.util.internal.PlatformDependent - -Dio.netty.bitMode: 64 (sun.arch.data.model)
2023-05-04 21:12:34.932 [main][3979] DEBUG io.netty.util.internal.PlatformDependent - Platform: Windows
2023-05-04 21:12:34.933 [main][3980] DEBUG io.netty.util.internal.PlatformDependent - -Dio.netty.maxDirectMemory: -1 bytes
2023-05-04 21:12:34.934 [main][3981] DEBUG io.netty.util.internal.PlatformDependent - -Dio.netty.uninitializedArrayAllocationThreshold: -1
2023-05-04 21:12:34.936 [main][3983] DEBUG io.netty.util.internal.CleanerJava9 - java.nio.ByteBuffer.cleaner(): available
2023-05-04 21:12:34.936 [main][3983] DEBUG io.netty.util.internal.PlatformDependent - -Dio.netty.noPreferDirect: false
2023-05-04 21:12:34.944 [main][3991] DEBUG io.netty.util.internal.PlatformDependent - org.jctools-core.MpscChunkedArrayQueue: available
2023-05-04 21:12:34.974 [main][4021] DEBUG io.netty.util.internal.InternalThreadLocalMap - -Dio.netty.threadLocalMap.stringBuilder.initialSize: 1024
2023-05-04 21:12:34.974 [main][4021] DEBUG io.netty.util.internal.InternalThreadLocalMap - -Dio.netty.threadLocalMap.stringBuilder.maxSize: 4096
2023-05-04 21:12:35.009 [main][4056] DEBUG io.netty.handler.ssl.JdkSslContext - Default protocols (JDK): [TLSv1.3, TLSv1.2] 
2023-05-04 21:12:35.009 [main][4056] DEBUG io.netty.handler.ssl.JdkSslContext - Default cipher suites (JDK): [TLS_ECDHE_ECDSA_WITH_AES_256_GCM_SHA384, TLS_ECDHE_ECDSA_WITH_AES_128_GCM_SHA256, TLS_ECDHE_RSA_WITH_AES_128_GCM_SHA256, TLS_ECDHE_RSA_WITH_AES_256_GCM_SHA384, TLS_ECDHE_RSA_WITH_AES_128_CBC_SHA, TLS_ECDHE_RSA_WITH_AES_256_CBC_SHA, TLS_RSA_WITH_AES_128_GCM_SHA256, TLS_RSA_WITH_AES_128_CBC_SHA, TLS_RSA_WITH_AES_256_CBC_SHA, TLS_AES_128_GCM_SHA256, TLS_AES_256_GCM_SHA384]
2023-05-04 21:12:35.028 [main][4075] DEBUG io.netty.util.concurrent.GlobalEventExecutor - -Dio.netty.globalEventExecutor.quietPeriodSeconds: 1
2023-05-04 21:12:35.047 [main][4094] DEBUG io.netty.channel.MultithreadEventLoopGroup - -Dio.netty.eventLoopThreads: 16
2023-05-04 21:12:35.059 [main][4106] DEBUG io.netty.channel.nio.NioEventLoop - -Dio.netty.noKeySetOptimization: false
2023-05-04 21:12:35.059 [main][4106] DEBUG io.netty.channel.nio.NioEventLoop - -Dio.netty.selectorAutoRebuildThreshold: 512
2023-05-04 21:12:35.123 [main][4170] DEBUG io.netty.buffer.PooledByteBufAllocator - -Dio.netty.allocator.numHeapArenas: 16
2023-05-04 21:12:35.123 [main][4170] DEBUG io.netty.buffer.PooledByteBufAllocator - -Dio.netty.allocator.numDirectArenas: 16
2023-05-04 21:12:35.123 [main][4170] DEBUG io.netty.buffer.PooledByteBufAllocator - -Dio.netty.allocator.pageSize: 8192
2023-05-04 21:12:35.123 [main][4170] DEBUG io.netty.buffer.PooledByteBufAllocator - -Dio.netty.allocator.maxOrder: 9
2023-05-04 21:12:35.124 [main][4171] DEBUG io.netty.buffer.PooledByteBufAllocator - -Dio.netty.allocator.chunkSize: 4194304
2023-05-04 21:12:35.124 [main][4171] DEBUG io.netty.buffer.PooledByteBufAllocator - -Dio.netty.allocator.smallCacheSize: 256
2023-05-04 21:12:35.124 [main][4171] DEBUG io.netty.buffer.PooledByteBufAllocator - -Dio.netty.allocator.normalCacheSize: 64
2023-05-04 21:12:35.124 [main][4171] DEBUG io.netty.buffer.PooledByteBufAllocator - -Dio.netty.allocator.maxCachedBufferCapacity: 32768
2023-05-04 21:12:35.124 [main][4171] DEBUG io.netty.buffer.PooledByteBufAllocator - -Dio.netty.allocator.cacheTrimInterval: 8192
2023-05-04 21:12:35.124 [main][4171] DEBUG io.netty.buffer.PooledByteBufAllocator - -Dio.netty.allocator.cacheTrimIntervalMillis: 0
2023-05-04 21:12:35.124 [main][4171] DEBUG io.netty.buffer.PooledByteBufAllocator - -Dio.netty.allocator.useCacheForAllThreads: false
2023-05-04 21:12:35.124 [main][4171] DEBUG io.netty.buffer.PooledByteBufAllocator - -Dio.netty.allocator.maxCachedByteBuffersPerChunk: 1023
2023-05-04 21:12:35.139 [main][4186] DEBUG io.netty.buffer.ByteBufUtil - -Dio.netty.allocator.type: pooled
2023-05-04 21:12:35.139 [main][4186] DEBUG io.netty.buffer.ByteBufUtil - -Dio.netty.threadLocalDirectBufferSize: 0
2023-05-04 21:12:35.139 [main][4186] DEBUG io.netty.buffer.ByteBufUtil - -Dio.netty.maxThreadLocalCharBufferSize: 16384
2023-05-04 21:12:36.147 [Forwarding newSession on session null to remote][5194] DEBUG io.netty.channel.DefaultChannelId - -Dio.netty.processId: 15328 (auto-detected)
2023-05-04 21:12:36.151 [Forwarding newSession on session null to remote][5198] DEBUG io.netty.util.NetUtil - -Djava.net.preferIPv4Stack: false
2023-05-04 21:12:36.151 [Forwarding newSession on session null to remote][5198] DEBUG io.netty.util.NetUtil - -Djava.net.preferIPv6Addresses: false
2023-05-04 21:12:36.315 [Forwarding newSession on session null to remote][5362] DEBUG io.netty.util.NetUtilInitializations - Loopback interface: lo (Software Loopback Interface 1, 127.0.0.1)
2023-05-04 21:12:36.326 [Forwarding newSession on session null to remote][5373] DEBUG io.netty.util.NetUtil - Failed to get SOMAXCONN from sysctl and file \proc\sys\net\core\somaxconn. Default: 200
2023-05-04 21:12:36.339 [Forwarding newSession on session null to remote][5386] DEBUG io.netty.channel.DefaultChannelId - -Dio.netty.machineId: 98:43:fa:ff:fe:25:70:e2 (auto-detected)
2023-05-04 21:12:36.402 [AsyncHttpClient-1-2][5449] DEBUG io.netty.buffer.AbstractByteBuf - -Dio.netty.buffer.checkAccessible: true
2023-05-04 21:12:36.403 [AsyncHttpClient-1-2][5450] DEBUG io.netty.buffer.AbstractByteBuf - -Dio.netty.buffer.checkBounds: true
2023-05-04 21:12:36.403 [AsyncHttpClient-1-2][5450] DEBUG io.netty.util.ResourceLeakDetectorFactory - Loaded default ResourceLeakDetector: io.netty.util.ResourceLeakDetector@760d1c9f
2023-05-04 21:12:36.439 [AsyncHttpClient-1-2][5486] DEBUG io.netty.util.Recycler - -Dio.netty.recycler.maxCapacityPerThread: 4096
2023-05-04 21:12:36.440 [AsyncHttpClient-1-2][5487] DEBUG io.netty.util.Recycler - -Dio.netty.recycler.ratio: 8
2023-05-04 21:12:36.440 [AsyncHttpClient-1-2][5487] DEBUG io.netty.util.Recycler - -Dio.netty.recycler.chunkSize: 32
2023-05-04 21:12:36.440 [AsyncHttpClient-1-2][5487] DEBUG io.netty.util.Recycler - -Dio.netty.recycler.blocking: false
2023-05-04 21:12:36.440 [AsyncHttpClient-1-2][5487] DEBUG io.netty.util.Recycler - -Dio.netty.recycler.batchFastThreadLocalOnly: true
2023-05-04 21:12:37.176 [AsyncHttpClient-1-2][6223] DEBUG io.netty.handler.codec.compression.Brotli - brotli4j not in the classpath; Brotli support will be unavailable.
2023-05-04 21:12:37.367 [main][6414] DEBUG io.netty.util.internal.ThreadLocalRandom - -Dio.netty.initialSeedUniquifier: 0x151feb5179391aa2
