2023-05-06 14:23:28.758 [main][2793] DEBUG io.netty.util.internal.logging.InternalLoggerFactory - Using Log4J2 as the default logging framework
2023-05-06 14:23:28.782 [main][2817] DEBUG io.netty.util.ResourceLeakDetector - -Dio.netty.leakDetection.level: simple
2023-05-06 14:23:28.783 [main][2818] DEBUG io.netty.util.ResourceLeakDetector - -Dio.netty.leakDetection.targetRecords: 4
2023-05-06 14:23:28.788 [main][2823] DEBUG io.netty.util.ResourceLeakDetectorFactory - Loaded default ResourceLeakDetector: io.netty.util.ResourceLeakDetector@5a6fa56e
2023-05-06 14:23:28.804 [main][2839] DEBUG io.netty.util.internal.PlatformDependent0 - -Dio.netty.noUnsafe: false
2023-05-06 14:23:28.804 [main][2839] DEBUG io.netty.util.internal.PlatformDependent0 - Java version: 11
2023-05-06 14:23:28.805 [main][2840] DEBUG io.netty.util.internal.PlatformDependent0 - sun.misc.Unsafe.theUnsafe: available
2023-05-06 14:23:28.806 [main][2841] DEBUG io.netty.util.internal.PlatformDependent0 - sun.misc.Unsafe.copyMemory: available
2023-05-06 14:23:28.806 [main][2841] DEBUG io.netty.util.internal.PlatformDependent0 - sun.misc.Unsafe.storeFence: available
2023-05-06 14:23:28.806 [main][2841] DEBUG io.netty.util.internal.PlatformDependent0 - java.nio.Buffer.address: available
2023-05-06 14:23:28.807 [main][2842] DEBUG io.netty.util.internal.PlatformDependent0 - direct buffer constructor: unavailable: Reflective setAccessible(true) disabled
2023-05-06 14:23:28.807 [main][2842] DEBUG io.netty.util.internal.PlatformDependent0 - java.nio.Bits.unaligned: available, true
2023-05-06 14:23:28.808 [main][2843] DEBUG io.netty.util.internal.PlatformDependent0 - jdk.internal.misc.Unsafe.allocateUninitializedArray(int): unavailable: class io.netty.util.internal.PlatformDependent0$7 cannot access class jdk.internal.misc.Unsafe (in module java.base) because module java.base does not export jdk.internal.misc to unnamed module @163370c2
2023-05-06 14:23:28.811 [main][2846] DEBUG io.netty.util.internal.PlatformDependent0 - java.nio.DirectByteBuffer.<init>(long, int): unavailable
2023-05-06 14:23:28.811 [main][2846] DEBUG io.netty.util.internal.PlatformDependent - sun.misc.Unsafe: available
2023-05-06 14:23:28.811 [main][2846] DEBUG io.netty.util.internal.PlatformDependent - maxDirectMemory: 4227858432 bytes (maybe)
2023-05-06 14:23:28.812 [main][2847] DEBUG io.netty.util.internal.PlatformDependent - -Dio.netty.tmpdir: C:\Users\riyad\AppData\Local\Temp (java.io.tmpdir)
2023-05-06 14:23:28.812 [main][2847] DEBUG io.netty.util.internal.PlatformDependent - -Dio.netty.bitMode: 64 (sun.arch.data.model)
2023-05-06 14:23:28.812 [main][2847] DEBUG io.netty.util.internal.PlatformDependent - Platform: Windows
2023-05-06 14:23:28.813 [main][2848] DEBUG io.netty.util.internal.PlatformDependent - -Dio.netty.maxDirectMemory: -1 bytes
2023-05-06 14:23:28.813 [main][2848] DEBUG io.netty.util.internal.PlatformDependent - -Dio.netty.uninitializedArrayAllocationThreshold: -1
2023-05-06 14:23:28.814 [main][2849] DEBUG io.netty.util.internal.CleanerJava9 - java.nio.ByteBuffer.cleaner(): available
2023-05-06 14:23:28.815 [main][2850] DEBUG io.netty.util.internal.PlatformDependent - -Dio.netty.noPreferDirect: false
2023-05-06 14:23:28.822 [main][2857] DEBUG io.netty.util.internal.PlatformDependent - org.jctools-core.MpscChunkedArrayQueue: available
2023-05-06 14:23:28.842 [main][2877] DEBUG io.netty.util.internal.InternalThreadLocalMap - -Dio.netty.threadLocalMap.stringBuilder.initialSize: 1024
2023-05-06 14:23:28.844 [main][2879] DEBUG io.netty.util.internal.InternalThreadLocalMap - -Dio.netty.threadLocalMap.stringBuilder.maxSize: 4096
2023-05-06 14:23:28.869 [main][2904] DEBUG io.netty.handler.ssl.JdkSslContext - Default protocols (JDK): [TLSv1.3, TLSv1.2] 
2023-05-06 14:23:28.869 [main][2904] DEBUG io.netty.handler.ssl.JdkSslContext - Default cipher suites (JDK): [TLS_ECDHE_ECDSA_WITH_AES_256_GCM_SHA384, TLS_ECDHE_ECDSA_WITH_AES_128_GCM_SHA256, TLS_ECDHE_RSA_WITH_AES_128_GCM_SHA256, TLS_ECDHE_RSA_WITH_AES_256_GCM_SHA384, TLS_ECDHE_RSA_WITH_AES_128_CBC_SHA, TLS_ECDHE_RSA_WITH_AES_256_CBC_SHA, TLS_RSA_WITH_AES_128_GCM_SHA256, TLS_RSA_WITH_AES_128_CBC_SHA, TLS_RSA_WITH_AES_256_CBC_SHA, TLS_AES_128_GCM_SHA256, TLS_AES_256_GCM_SHA384]
2023-05-06 14:23:28.883 [main][2918] DEBUG io.netty.util.concurrent.GlobalEventExecutor - -Dio.netty.globalEventExecutor.quietPeriodSeconds: 1
2023-05-06 14:23:28.908 [main][2943] DEBUG io.netty.channel.MultithreadEventLoopGroup - -Dio.netty.eventLoopThreads: 16
2023-05-06 14:23:28.919 [main][2954] DEBUG io.netty.channel.nio.NioEventLoop - -Dio.netty.noKeySetOptimization: false
2023-05-06 14:23:28.919 [main][2954] DEBUG io.netty.channel.nio.NioEventLoop - -Dio.netty.selectorAutoRebuildThreshold: 512
2023-05-06 14:23:28.970 [main][3005] DEBUG io.netty.buffer.PooledByteBufAllocator - -Dio.netty.allocator.numHeapArenas: 16
2023-05-06 14:23:28.971 [main][3006] DEBUG io.netty.buffer.PooledByteBufAllocator - -Dio.netty.allocator.numDirectArenas: 16
2023-05-06 14:23:28.971 [main][3006] DEBUG io.netty.buffer.PooledByteBufAllocator - -Dio.netty.allocator.pageSize: 8192
2023-05-06 14:23:28.971 [main][3006] DEBUG io.netty.buffer.PooledByteBufAllocator - -Dio.netty.allocator.maxOrder: 9
2023-05-06 14:23:28.971 [main][3006] DEBUG io.netty.buffer.PooledByteBufAllocator - -Dio.netty.allocator.chunkSize: 4194304
2023-05-06 14:23:28.971 [main][3006] DEBUG io.netty.buffer.PooledByteBufAllocator - -Dio.netty.allocator.smallCacheSize: 256
2023-05-06 14:23:28.971 [main][3006] DEBUG io.netty.buffer.PooledByteBufAllocator - -Dio.netty.allocator.normalCacheSize: 64
2023-05-06 14:23:28.971 [main][3006] DEBUG io.netty.buffer.PooledByteBufAllocator - -Dio.netty.allocator.maxCachedBufferCapacity: 32768
2023-05-06 14:23:28.971 [main][3006] DEBUG io.netty.buffer.PooledByteBufAllocator - -Dio.netty.allocator.cacheTrimInterval: 8192
2023-05-06 14:23:28.971 [main][3006] DEBUG io.netty.buffer.PooledByteBufAllocator - -Dio.netty.allocator.cacheTrimIntervalMillis: 0
2023-05-06 14:23:28.971 [main][3006] DEBUG io.netty.buffer.PooledByteBufAllocator - -Dio.netty.allocator.useCacheForAllThreads: false
2023-05-06 14:23:28.971 [main][3006] DEBUG io.netty.buffer.PooledByteBufAllocator - -Dio.netty.allocator.maxCachedByteBuffersPerChunk: 1023
2023-05-06 14:23:28.984 [main][3019] DEBUG io.netty.buffer.ByteBufUtil - -Dio.netty.allocator.type: pooled
2023-05-06 14:23:28.984 [main][3019] DEBUG io.netty.buffer.ByteBufUtil - -Dio.netty.threadLocalDirectBufferSize: 0
2023-05-06 14:23:28.984 [main][3019] DEBUG io.netty.buffer.ByteBufUtil - -Dio.netty.maxThreadLocalCharBufferSize: 16384
2023-05-06 14:23:29.277 [Forwarding newSession on session null to remote][3312] DEBUG io.netty.channel.DefaultChannelId - -Dio.netty.processId: 15244 (auto-detected)
2023-05-06 14:23:29.281 [Forwarding newSession on session null to remote][3316] DEBUG io.netty.util.NetUtil - -Djava.net.preferIPv4Stack: false
2023-05-06 14:23:29.281 [Forwarding newSession on session null to remote][3316] DEBUG io.netty.util.NetUtil - -Djava.net.preferIPv6Addresses: false
2023-05-06 14:23:29.427 [Forwarding newSession on session null to remote][3462] DEBUG io.netty.util.NetUtilInitializations - Loopback interface: lo (Software Loopback Interface 1, 127.0.0.1)
2023-05-06 14:23:29.428 [Forwarding newSession on session null to remote][3463] DEBUG io.netty.util.NetUtil - Failed to get SOMAXCONN from sysctl and file \proc\sys\net\core\somaxconn. Default: 200
2023-05-06 14:23:29.438 [Forwarding newSession on session null to remote][3473] DEBUG io.netty.channel.DefaultChannelId - -Dio.netty.machineId: 98:43:fa:ff:fe:25:70:e2 (auto-detected)
2023-05-06 14:23:29.483 [AsyncHttpClient-1-2][3518] DEBUG io.netty.buffer.AbstractByteBuf - -Dio.netty.buffer.checkAccessible: true
2023-05-06 14:23:29.483 [AsyncHttpClient-1-2][3518] DEBUG io.netty.buffer.AbstractByteBuf - -Dio.netty.buffer.checkBounds: true
2023-05-06 14:23:29.484 [AsyncHttpClient-1-2][3519] DEBUG io.netty.util.ResourceLeakDetectorFactory - Loaded default ResourceLeakDetector: io.netty.util.ResourceLeakDetector@4c28c2ff
2023-05-06 14:23:29.511 [AsyncHttpClient-1-2][3546] DEBUG io.netty.util.Recycler - -Dio.netty.recycler.maxCapacityPerThread: 4096
2023-05-06 14:23:29.511 [AsyncHttpClient-1-2][3546] DEBUG io.netty.util.Recycler - -Dio.netty.recycler.ratio: 8
2023-05-06 14:23:29.511 [AsyncHttpClient-1-2][3546] DEBUG io.netty.util.Recycler - -Dio.netty.recycler.chunkSize: 32
2023-05-06 14:23:29.511 [AsyncHttpClient-1-2][3546] DEBUG io.netty.util.Recycler - -Dio.netty.recycler.blocking: false
2023-05-06 14:23:29.511 [AsyncHttpClient-1-2][3546] DEBUG io.netty.util.Recycler - -Dio.netty.recycler.batchFastThreadLocalOnly: true
2023-05-06 14:23:30.071 [AsyncHttpClient-1-2][4106] DEBUG io.netty.handler.codec.compression.Brotli - brotli4j not in the classpath; Brotli support will be unavailable.
2023-05-06 14:23:30.190 [main][4225] DEBUG io.netty.util.internal.ThreadLocalRandom - -Dio.netty.initialSeedUniquifier: 0xa6f67a39b1a14354
