2023-05-05 02:31:53.630 [main][3207] DEBUG io.netty.util.internal.logging.InternalLoggerFactory - Using Log4J2 as the default logging framework
2023-05-05 02:31:53.645 [main][3222] DEBUG io.netty.util.ResourceLeakDetector - -Dio.netty.leakDetection.level: simple
2023-05-05 02:31:53.645 [main][3222] DEBUG io.netty.util.ResourceLeakDetector - -Dio.netty.leakDetection.targetRecords: 4
2023-05-05 02:31:53.649 [main][3226] DEBUG io.netty.util.ResourceLeakDetectorFactory - Loaded default ResourceLeakDetector: io.netty.util.ResourceLeakDetector@4667c4c1
2023-05-05 02:31:53.678 [main][3255] DEBUG io.netty.util.internal.PlatformDependent0 - -Dio.netty.noUnsafe: false
2023-05-05 02:31:53.679 [main][3256] DEBUG io.netty.util.internal.PlatformDependent0 - Java version: 11
2023-05-05 02:31:53.681 [main][3258] DEBUG io.netty.util.internal.PlatformDependent0 - sun.misc.Unsafe.theUnsafe: available
2023-05-05 02:31:53.682 [main][3259] DEBUG io.netty.util.internal.PlatformDependent0 - sun.misc.Unsafe.copyMemory: available
2023-05-05 02:31:53.682 [main][3259] DEBUG io.netty.util.internal.PlatformDependent0 - sun.misc.Unsafe.storeFence: available
2023-05-05 02:31:53.683 [main][3260] DEBUG io.netty.util.internal.PlatformDependent0 - java.nio.Buffer.address: available
2023-05-05 02:31:53.683 [main][3260] DEBUG io.netty.util.internal.PlatformDependent0 - direct buffer constructor: unavailable: Reflective setAccessible(true) disabled
2023-05-05 02:31:53.684 [main][3261] DEBUG io.netty.util.internal.PlatformDependent0 - java.nio.Bits.unaligned: available, true
2023-05-05 02:31:53.685 [main][3262] DEBUG io.netty.util.internal.PlatformDependent0 - jdk.internal.misc.Unsafe.allocateUninitializedArray(int): unavailable: class io.netty.util.internal.PlatformDependent0$7 cannot access class jdk.internal.misc.Unsafe (in module java.base) because module java.base does not export jdk.internal.misc to unnamed module @264f218
2023-05-05 02:31:53.686 [main][3263] DEBUG io.netty.util.internal.PlatformDependent0 - java.nio.DirectByteBuffer.<init>(long, int): unavailable
2023-05-05 02:31:53.687 [main][3264] DEBUG io.netty.util.internal.PlatformDependent - sun.misc.Unsafe: available
2023-05-05 02:31:53.687 [main][3264] DEBUG io.netty.util.internal.PlatformDependent - maxDirectMemory: 4227858432 bytes (maybe)
2023-05-05 02:31:53.688 [main][3265] DEBUG io.netty.util.internal.PlatformDependent - -Dio.netty.tmpdir: C:\Users\riyad\AppData\Local\Temp (java.io.tmpdir)
2023-05-05 02:31:53.688 [main][3265] DEBUG io.netty.util.internal.PlatformDependent - -Dio.netty.bitMode: 64 (sun.arch.data.model)
2023-05-05 02:31:53.688 [main][3265] DEBUG io.netty.util.internal.PlatformDependent - Platform: Windows
2023-05-05 02:31:53.690 [main][3267] DEBUG io.netty.util.internal.PlatformDependent - -Dio.netty.maxDirectMemory: -1 bytes
2023-05-05 02:31:53.690 [main][3267] DEBUG io.netty.util.internal.PlatformDependent - -Dio.netty.uninitializedArrayAllocationThreshold: -1
2023-05-05 02:31:53.691 [main][3268] DEBUG io.netty.util.internal.CleanerJava9 - java.nio.ByteBuffer.cleaner(): available
2023-05-05 02:31:53.691 [main][3268] DEBUG io.netty.util.internal.PlatformDependent - -Dio.netty.noPreferDirect: false
2023-05-05 02:31:53.700 [main][3277] DEBUG io.netty.util.internal.PlatformDependent - org.jctools-core.MpscChunkedArrayQueue: available
2023-05-05 02:31:53.721 [main][3298] DEBUG io.netty.util.internal.InternalThreadLocalMap - -Dio.netty.threadLocalMap.stringBuilder.initialSize: 1024
2023-05-05 02:31:53.721 [main][3298] DEBUG io.netty.util.internal.InternalThreadLocalMap - -Dio.netty.threadLocalMap.stringBuilder.maxSize: 4096
2023-05-05 02:31:53.739 [main][3316] DEBUG io.netty.handler.ssl.JdkSslContext - Default protocols (JDK): [TLSv1.3, TLSv1.2] 
2023-05-05 02:31:53.739 [main][3316] DEBUG io.netty.handler.ssl.JdkSslContext - Default cipher suites (JDK): [TLS_ECDHE_ECDSA_WITH_AES_256_GCM_SHA384, TLS_ECDHE_ECDSA_WITH_AES_128_GCM_SHA256, TLS_ECDHE_RSA_WITH_AES_128_GCM_SHA256, TLS_ECDHE_RSA_WITH_AES_256_GCM_SHA384, TLS_ECDHE_RSA_WITH_AES_128_CBC_SHA, TLS_ECDHE_RSA_WITH_AES_256_CBC_SHA, TLS_RSA_WITH_AES_128_GCM_SHA256, TLS_RSA_WITH_AES_128_CBC_SHA, TLS_RSA_WITH_AES_256_CBC_SHA, TLS_AES_128_GCM_SHA256, TLS_AES_256_GCM_SHA384]
2023-05-05 02:31:53.756 [main][3333] DEBUG io.netty.util.concurrent.GlobalEventExecutor - -Dio.netty.globalEventExecutor.quietPeriodSeconds: 1
2023-05-05 02:31:53.775 [main][3352] DEBUG io.netty.channel.MultithreadEventLoopGroup - -Dio.netty.eventLoopThreads: 16
2023-05-05 02:31:53.785 [main][3362] DEBUG io.netty.channel.nio.NioEventLoop - -Dio.netty.noKeySetOptimization: false
2023-05-05 02:31:53.785 [main][3362] DEBUG io.netty.channel.nio.NioEventLoop - -Dio.netty.selectorAutoRebuildThreshold: 512
2023-05-05 02:31:53.838 [main][3415] DEBUG io.netty.buffer.PooledByteBufAllocator - -Dio.netty.allocator.numHeapArenas: 16
2023-05-05 02:31:53.838 [main][3415] DEBUG io.netty.buffer.PooledByteBufAllocator - -Dio.netty.allocator.numDirectArenas: 16
2023-05-05 02:31:53.838 [main][3415] DEBUG io.netty.buffer.PooledByteBufAllocator - -Dio.netty.allocator.pageSize: 8192
2023-05-05 02:31:53.838 [main][3415] DEBUG io.netty.buffer.PooledByteBufAllocator - -Dio.netty.allocator.maxOrder: 9
2023-05-05 02:31:53.838 [main][3415] DEBUG io.netty.buffer.PooledByteBufAllocator - -Dio.netty.allocator.chunkSize: 4194304
2023-05-05 02:31:53.838 [main][3415] DEBUG io.netty.buffer.PooledByteBufAllocator - -Dio.netty.allocator.smallCacheSize: 256
2023-05-05 02:31:53.838 [main][3415] DEBUG io.netty.buffer.PooledByteBufAllocator - -Dio.netty.allocator.normalCacheSize: 64
2023-05-05 02:31:53.838 [main][3415] DEBUG io.netty.buffer.PooledByteBufAllocator - -Dio.netty.allocator.maxCachedBufferCapacity: 32768
2023-05-05 02:31:53.839 [main][3416] DEBUG io.netty.buffer.PooledByteBufAllocator - -Dio.netty.allocator.cacheTrimInterval: 8192
2023-05-05 02:31:53.839 [main][3416] DEBUG io.netty.buffer.PooledByteBufAllocator - -Dio.netty.allocator.cacheTrimIntervalMillis: 0
2023-05-05 02:31:53.839 [main][3416] DEBUG io.netty.buffer.PooledByteBufAllocator - -Dio.netty.allocator.useCacheForAllThreads: false
2023-05-05 02:31:53.839 [main][3416] DEBUG io.netty.buffer.PooledByteBufAllocator - -Dio.netty.allocator.maxCachedByteBuffersPerChunk: 1023
2023-05-05 02:31:53.851 [main][3428] DEBUG io.netty.buffer.ByteBufUtil - -Dio.netty.allocator.type: pooled
2023-05-05 02:31:53.851 [main][3428] DEBUG io.netty.buffer.ByteBufUtil - -Dio.netty.threadLocalDirectBufferSize: 0
2023-05-05 02:31:53.851 [main][3428] DEBUG io.netty.buffer.ByteBufUtil - -Dio.netty.maxThreadLocalCharBufferSize: 16384
2023-05-05 02:31:54.129 [Forwarding newSession on session null to remote][3706] DEBUG io.netty.channel.DefaultChannelId - -Dio.netty.processId: 25240 (auto-detected)
2023-05-05 02:31:54.130 [Forwarding newSession on session null to remote][3707] DEBUG io.netty.util.NetUtil - -Djava.net.preferIPv4Stack: false
2023-05-05 02:31:54.130 [Forwarding newSession on session null to remote][3707] DEBUG io.netty.util.NetUtil - -Djava.net.preferIPv6Addresses: false
2023-05-05 02:31:54.264 [Forwarding newSession on session null to remote][3841] DEBUG io.netty.util.NetUtilInitializations - Loopback interface: lo (Software Loopback Interface 1, 127.0.0.1)
2023-05-05 02:31:54.265 [Forwarding newSession on session null to remote][3842] DEBUG io.netty.util.NetUtil - Failed to get SOMAXCONN from sysctl and file \proc\sys\net\core\somaxconn. Default: 200
2023-05-05 02:31:54.274 [Forwarding newSession on session null to remote][3851] DEBUG io.netty.channel.DefaultChannelId - -Dio.netty.machineId: 98:43:fa:ff:fe:25:70:e2 (auto-detected)
2023-05-05 02:31:54.318 [AsyncHttpClient-1-2][3895] DEBUG io.netty.buffer.AbstractByteBuf - -Dio.netty.buffer.checkAccessible: true
2023-05-05 02:31:54.318 [AsyncHttpClient-1-2][3895] DEBUG io.netty.buffer.AbstractByteBuf - -Dio.netty.buffer.checkBounds: true
2023-05-05 02:31:54.318 [AsyncHttpClient-1-2][3895] DEBUG io.netty.util.ResourceLeakDetectorFactory - Loaded default ResourceLeakDetector: io.netty.util.ResourceLeakDetector@7ca19834
2023-05-05 02:31:54.346 [AsyncHttpClient-1-2][3923] DEBUG io.netty.util.Recycler - -Dio.netty.recycler.maxCapacityPerThread: 4096
2023-05-05 02:31:54.346 [AsyncHttpClient-1-2][3923] DEBUG io.netty.util.Recycler - -Dio.netty.recycler.ratio: 8
2023-05-05 02:31:54.346 [AsyncHttpClient-1-2][3923] DEBUG io.netty.util.Recycler - -Dio.netty.recycler.chunkSize: 32
2023-05-05 02:31:54.346 [AsyncHttpClient-1-2][3923] DEBUG io.netty.util.Recycler - -Dio.netty.recycler.blocking: false
2023-05-05 02:31:54.346 [AsyncHttpClient-1-2][3923] DEBUG io.netty.util.Recycler - -Dio.netty.recycler.batchFastThreadLocalOnly: true
2023-05-05 02:31:54.919 [AsyncHttpClient-1-2][4496] DEBUG io.netty.handler.codec.compression.Brotli - brotli4j not in the classpath; Brotli support will be unavailable.
2023-05-05 02:31:55.060 [main][4637] DEBUG io.netty.util.internal.ThreadLocalRandom - -Dio.netty.initialSeedUniquifier: 0x457ae840d75317d3
2023-05-05 02:31:56.057 [main][5634] INFO  step_definitions.LoginSteps - user is on the login page
2023-05-05 02:31:56.280 [main][5857] INFO  step_definitions.LoginSteps - User has entered credentials
2023-05-05 02:31:56.332 [main][5909] INFO  step_definitions.LoginSteps - User click on the login button
2023-05-05 02:31:56.371 [main][5948] INFO  step_definitions.LoginSteps - User is in Home Page
2023-05-05 02:31:58.528 [main][8105] INFO  step_definitions.LoginSteps - user is on the login page
2023-05-05 02:31:58.739 [main][8316] INFO  step_definitions.LoginSteps - User has entered credentials
2023-05-05 02:31:58.794 [main][8371] INFO  step_definitions.LoginSteps - User click on the login button
2023-05-05 02:31:58.823 [main][8400] INFO  step_definitions.LoginSteps - User is in Home Page
2023-05-05 02:32:00.719 [main][10296] INFO  step_definitions.LoginSteps - user is on the login page
2023-05-05 02:32:00.946 [main][10523] INFO  step_definitions.LoginSteps - User has entered credentials
2023-05-05 02:32:00.999 [main][10576] INFO  step_definitions.LoginSteps - User click on the login button
2023-05-05 02:32:01.028 [main][10605] INFO  step_definitions.LoginSteps - User is in Home Page
2023-05-05 02:32:02.775 [main][12352] INFO  step_definitions.LoginSteps - user is on the login page
2023-05-05 02:32:03.001 [main][12578] INFO  step_definitions.LoginSteps - User has entered credentials
2023-05-05 02:32:03.055 [main][12632] INFO  step_definitions.LoginSteps - User click on the login button
2023-05-05 02:32:03.083 [main][12660] INFO  step_definitions.LoginSteps - User is in Home Page
2023-05-05 02:32:04.934 [main][14511] INFO  step_definitions.LoginSteps - user is on the login page
