2023-05-09 12:28:16.215 [main][3576] INFO  step_definitions.Hooks - --------Scenario: Calculator Real APR Rate-------
2023-05-09 12:28:18.033 [main][5394] DEBUG io.netty.util.internal.logging.InternalLoggerFactory - Using Log4J2 as the default logging framework
2023-05-09 12:28:18.052 [main][5413] DEBUG io.netty.util.ResourceLeakDetector - -Dio.netty.leakDetection.level: simple
2023-05-09 12:28:18.052 [main][5413] DEBUG io.netty.util.ResourceLeakDetector - -Dio.netty.leakDetection.targetRecords: 4
2023-05-09 12:28:18.060 [main][5421] DEBUG io.netty.util.ResourceLeakDetectorFactory - Loaded default ResourceLeakDetector: io.netty.util.ResourceLeakDetector@e9dc4d0
2023-05-09 12:28:18.097 [main][5458] DEBUG io.netty.util.internal.PlatformDependent0 - -Dio.netty.noUnsafe: false
2023-05-09 12:28:18.097 [main][5458] DEBUG io.netty.util.internal.PlatformDependent0 - Java version: 11
2023-05-09 12:28:18.099 [main][5460] DEBUG io.netty.util.internal.PlatformDependent0 - sun.misc.Unsafe.theUnsafe: available
2023-05-09 12:28:18.100 [main][5461] DEBUG io.netty.util.internal.PlatformDependent0 - sun.misc.Unsafe.copyMemory: available
2023-05-09 12:28:18.101 [main][5462] DEBUG io.netty.util.internal.PlatformDependent0 - sun.misc.Unsafe.storeFence: available
2023-05-09 12:28:18.102 [main][5463] DEBUG io.netty.util.internal.PlatformDependent0 - java.nio.Buffer.address: available
2023-05-09 12:28:18.104 [main][5465] DEBUG io.netty.util.internal.PlatformDependent0 - direct buffer constructor: unavailable: Reflective setAccessible(true) disabled
2023-05-09 12:28:18.105 [main][5466] DEBUG io.netty.util.internal.PlatformDependent0 - java.nio.Bits.unaligned: available, true
2023-05-09 12:28:18.107 [main][5468] DEBUG io.netty.util.internal.PlatformDependent0 - jdk.internal.misc.Unsafe.allocateUninitializedArray(int): unavailable: class io.netty.util.internal.PlatformDependent0$7 cannot access class jdk.internal.misc.Unsafe (in module java.base) because module java.base does not export jdk.internal.misc to unnamed module @6a1aab78
2023-05-09 12:28:18.108 [main][5469] DEBUG io.netty.util.internal.PlatformDependent0 - java.nio.DirectByteBuffer.<init>(long, int): unavailable
2023-05-09 12:28:18.109 [main][5470] DEBUG io.netty.util.internal.PlatformDependent - sun.misc.Unsafe: available
2023-05-09 12:28:18.109 [main][5470] DEBUG io.netty.util.internal.PlatformDependent - maxDirectMemory: 4227858432 bytes (maybe)
2023-05-09 12:28:18.110 [main][5471] DEBUG io.netty.util.internal.PlatformDependent - -Dio.netty.tmpdir: C:\Users\riyad\AppData\Local\Temp (java.io.tmpdir)
2023-05-09 12:28:18.110 [main][5471] DEBUG io.netty.util.internal.PlatformDependent - -Dio.netty.bitMode: 64 (sun.arch.data.model)
2023-05-09 12:28:18.111 [main][5472] DEBUG io.netty.util.internal.PlatformDependent - Platform: Windows
2023-05-09 12:28:18.113 [main][5474] DEBUG io.netty.util.internal.PlatformDependent - -Dio.netty.maxDirectMemory: -1 bytes
2023-05-09 12:28:18.113 [main][5474] DEBUG io.netty.util.internal.PlatformDependent - -Dio.netty.uninitializedArrayAllocationThreshold: -1
2023-05-09 12:28:18.116 [main][5477] DEBUG io.netty.util.internal.CleanerJava9 - java.nio.ByteBuffer.cleaner(): available
2023-05-09 12:28:18.116 [main][5477] DEBUG io.netty.util.internal.PlatformDependent - -Dio.netty.noPreferDirect: false
2023-05-09 12:28:18.129 [main][5490] DEBUG io.netty.util.internal.PlatformDependent - org.jctools-core.MpscChunkedArrayQueue: available
2023-05-09 12:28:18.175 [main][5536] DEBUG io.netty.util.internal.InternalThreadLocalMap - -Dio.netty.threadLocalMap.stringBuilder.initialSize: 1024
2023-05-09 12:28:18.176 [main][5537] DEBUG io.netty.util.internal.InternalThreadLocalMap - -Dio.netty.threadLocalMap.stringBuilder.maxSize: 4096
2023-05-09 12:28:18.203 [main][5564] DEBUG io.netty.handler.ssl.JdkSslContext - Default protocols (JDK): [TLSv1.3, TLSv1.2] 
2023-05-09 12:28:18.204 [main][5565] DEBUG io.netty.handler.ssl.JdkSslContext - Default cipher suites (JDK): [TLS_ECDHE_ECDSA_WITH_AES_256_GCM_SHA384, TLS_ECDHE_ECDSA_WITH_AES_128_GCM_SHA256, TLS_ECDHE_RSA_WITH_AES_128_GCM_SHA256, TLS_ECDHE_RSA_WITH_AES_256_GCM_SHA384, TLS_ECDHE_RSA_WITH_AES_128_CBC_SHA, TLS_ECDHE_RSA_WITH_AES_256_CBC_SHA, TLS_RSA_WITH_AES_128_GCM_SHA256, TLS_RSA_WITH_AES_128_CBC_SHA, TLS_RSA_WITH_AES_256_CBC_SHA, TLS_AES_128_GCM_SHA256, TLS_AES_256_GCM_SHA384]
2023-05-09 12:28:18.230 [main][5591] DEBUG io.netty.util.concurrent.GlobalEventExecutor - -Dio.netty.globalEventExecutor.quietPeriodSeconds: 1
2023-05-09 12:28:18.252 [main][5613] DEBUG io.netty.channel.MultithreadEventLoopGroup - -Dio.netty.eventLoopThreads: 16
2023-05-09 12:28:18.266 [main][5627] DEBUG io.netty.channel.nio.NioEventLoop - -Dio.netty.noKeySetOptimization: false
2023-05-09 12:28:18.266 [main][5627] DEBUG io.netty.channel.nio.NioEventLoop - -Dio.netty.selectorAutoRebuildThreshold: 512
2023-05-09 12:28:18.334 [main][5695] DEBUG io.netty.buffer.PooledByteBufAllocator - -Dio.netty.allocator.numHeapArenas: 16
2023-05-09 12:28:18.334 [main][5695] DEBUG io.netty.buffer.PooledByteBufAllocator - -Dio.netty.allocator.numDirectArenas: 16
2023-05-09 12:28:18.334 [main][5695] DEBUG io.netty.buffer.PooledByteBufAllocator - -Dio.netty.allocator.pageSize: 8192
2023-05-09 12:28:18.334 [main][5695] DEBUG io.netty.buffer.PooledByteBufAllocator - -Dio.netty.allocator.maxOrder: 9
2023-05-09 12:28:18.335 [main][5696] DEBUG io.netty.buffer.PooledByteBufAllocator - -Dio.netty.allocator.chunkSize: 4194304
2023-05-09 12:28:18.335 [main][5696] DEBUG io.netty.buffer.PooledByteBufAllocator - -Dio.netty.allocator.smallCacheSize: 256
2023-05-09 12:28:18.335 [main][5696] DEBUG io.netty.buffer.PooledByteBufAllocator - -Dio.netty.allocator.normalCacheSize: 64
2023-05-09 12:28:18.335 [main][5696] DEBUG io.netty.buffer.PooledByteBufAllocator - -Dio.netty.allocator.maxCachedBufferCapacity: 32768
2023-05-09 12:28:18.335 [main][5696] DEBUG io.netty.buffer.PooledByteBufAllocator - -Dio.netty.allocator.cacheTrimInterval: 8192
2023-05-09 12:28:18.335 [main][5696] DEBUG io.netty.buffer.PooledByteBufAllocator - -Dio.netty.allocator.cacheTrimIntervalMillis: 0
2023-05-09 12:28:18.335 [main][5696] DEBUG io.netty.buffer.PooledByteBufAllocator - -Dio.netty.allocator.useCacheForAllThreads: false
2023-05-09 12:28:18.335 [main][5696] DEBUG io.netty.buffer.PooledByteBufAllocator - -Dio.netty.allocator.maxCachedByteBuffersPerChunk: 1023
2023-05-09 12:28:18.354 [main][5715] DEBUG io.netty.buffer.ByteBufUtil - -Dio.netty.allocator.type: pooled
2023-05-09 12:28:18.355 [main][5716] DEBUG io.netty.buffer.ByteBufUtil - -Dio.netty.threadLocalDirectBufferSize: 0
2023-05-09 12:28:18.355 [main][5716] DEBUG io.netty.buffer.ByteBufUtil - -Dio.netty.maxThreadLocalCharBufferSize: 16384
2023-05-09 12:28:19.453 [Forwarding newSession on session null to remote][6814] DEBUG io.netty.channel.DefaultChannelId - -Dio.netty.processId: 27436 (auto-detected)
2023-05-09 12:28:19.457 [Forwarding newSession on session null to remote][6818] DEBUG io.netty.util.NetUtil - -Djava.net.preferIPv4Stack: false
2023-05-09 12:28:19.457 [Forwarding newSession on session null to remote][6818] DEBUG io.netty.util.NetUtil - -Djava.net.preferIPv6Addresses: false
2023-05-09 12:28:19.624 [Forwarding newSession on session null to remote][6985] DEBUG io.netty.util.NetUtilInitializations - Loopback interface: lo (Software Loopback Interface 1, 127.0.0.1)
2023-05-09 12:28:19.637 [Forwarding newSession on session null to remote][6998] DEBUG io.netty.util.NetUtil - Failed to get SOMAXCONN from sysctl and file \proc\sys\net\core\somaxconn. Default: 200
2023-05-09 12:28:19.649 [Forwarding newSession on session null to remote][7010] DEBUG io.netty.channel.DefaultChannelId - -Dio.netty.machineId: 98:43:fa:ff:fe:25:70:e2 (auto-detected)
2023-05-09 12:28:19.726 [AsyncHttpClient-1-2][7087] DEBUG io.netty.buffer.AbstractByteBuf - -Dio.netty.buffer.checkAccessible: true
2023-05-09 12:28:19.726 [AsyncHttpClient-1-2][7087] DEBUG io.netty.buffer.AbstractByteBuf - -Dio.netty.buffer.checkBounds: true
2023-05-09 12:28:19.727 [AsyncHttpClient-1-2][7088] DEBUG io.netty.util.ResourceLeakDetectorFactory - Loaded default ResourceLeakDetector: io.netty.util.ResourceLeakDetector@3e54fbba
2023-05-09 12:28:19.774 [AsyncHttpClient-1-2][7135] DEBUG io.netty.util.Recycler - -Dio.netty.recycler.maxCapacityPerThread: 4096
2023-05-09 12:28:19.774 [AsyncHttpClient-1-2][7135] DEBUG io.netty.util.Recycler - -Dio.netty.recycler.ratio: 8
2023-05-09 12:28:19.774 [AsyncHttpClient-1-2][7135] DEBUG io.netty.util.Recycler - -Dio.netty.recycler.chunkSize: 32
2023-05-09 12:28:19.774 [AsyncHttpClient-1-2][7135] DEBUG io.netty.util.Recycler - -Dio.netty.recycler.blocking: false
2023-05-09 12:28:19.774 [AsyncHttpClient-1-2][7135] DEBUG io.netty.util.Recycler - -Dio.netty.recycler.batchFastThreadLocalOnly: true
2023-05-09 12:28:20.788 [AsyncHttpClient-1-2][8149] DEBUG io.netty.handler.codec.compression.Brotli - brotli4j not in the classpath; Brotli support will be unavailable.
2023-05-09 12:28:21.006 [main][8367] DEBUG io.netty.util.internal.ThreadLocalRandom - -Dio.netty.initialSeedUniquifier: 0x03e414789e0af7d7
2023-05-09 12:28:22.826 [main][10187] INFO  step_definitions.MortgageSteps - User is in the Mortgage Calculator Home page
2023-05-09 12:28:22.838 [main][10199] DEBUG page_object.NavigationBar - mouse hover to the rates link
2023-05-09 12:28:23.052 [main][10413] DEBUG page_object.NavigationBar - Clicking on the Real APR link
2023-05-09 12:28:24.197 [main][11558] DEBUG page_object.RealApr - Waiting for the page to load
2023-05-09 12:28:24.593 [main][11954] INFO  step_definitions.MortgageSteps - Navigate to Real Apr page
2023-05-09 12:28:24.598 [main][11959] DEBUG page_object.RealApr - Typing the Home Price Value:200000
2023-05-09 12:28:24.978 [main][12339] DEBUG page_object.RealApr - Typing the down payment value:15000
2023-05-09 12:28:25.424 [main][12785] DEBUG page_object.RealApr - Typing the InterestRate Value:3
2023-05-09 12:28:25.755 [main][13116] DEBUG page_object.RealApr - Clicking on calculate button
2023-05-09 12:28:26.979 [main][14340] INFO  step_definitions.MortgageSteps - Real APR rate is calculated upon entering the data
2023-05-09 12:28:26.982 [main][14343] DEBUG page_object.RealApr - Validate the real APR rate is:3.139%
2023-05-09 12:28:27.250 [main][14611] INFO  step_definitions.MortgageSteps - Real APR rate: 3.139% is validated
2023-05-09 12:28:27.563 [main][14924] INFO  step_definitions.Hooks - -------Scenario: Calculator Real APR Rate------
