2023-05-05 11:50:11.787 [main][2739] DEBUG io.netty.util.internal.logging.InternalLoggerFactory - Using Log4J2 as the default logging framework
2023-05-05 11:50:11.810 [main][2762] DEBUG io.netty.util.ResourceLeakDetector - -Dio.netty.leakDetection.level: simple
2023-05-05 11:50:11.810 [main][2762] DEBUG io.netty.util.ResourceLeakDetector - -Dio.netty.leakDetection.targetRecords: 4
2023-05-05 11:50:11.827 [main][2779] DEBUG io.netty.util.ResourceLeakDetectorFactory - Loaded default ResourceLeakDetector: io.netty.util.ResourceLeakDetector@2f1d0bbc
2023-05-05 11:50:11.844 [main][2796] DEBUG io.netty.util.internal.PlatformDependent0 - -Dio.netty.noUnsafe: false
2023-05-05 11:50:11.844 [main][2796] DEBUG io.netty.util.internal.PlatformDependent0 - Java version: 11
2023-05-05 11:50:11.846 [main][2798] DEBUG io.netty.util.internal.PlatformDependent0 - sun.misc.Unsafe.theUnsafe: available
2023-05-05 11:50:11.847 [main][2799] DEBUG io.netty.util.internal.PlatformDependent0 - sun.misc.Unsafe.copyMemory: available
2023-05-05 11:50:11.847 [main][2799] DEBUG io.netty.util.internal.PlatformDependent0 - sun.misc.Unsafe.storeFence: available
2023-05-05 11:50:11.847 [main][2799] DEBUG io.netty.util.internal.PlatformDependent0 - java.nio.Buffer.address: available
2023-05-05 11:50:11.849 [main][2801] DEBUG io.netty.util.internal.PlatformDependent0 - direct buffer constructor: unavailable: Reflective setAccessible(true) disabled
2023-05-05 11:50:11.849 [main][2801] DEBUG io.netty.util.internal.PlatformDependent0 - java.nio.Bits.unaligned: available, true
2023-05-05 11:50:11.850 [main][2802] DEBUG io.netty.util.internal.PlatformDependent0 - jdk.internal.misc.Unsafe.allocateUninitializedArray(int): unavailable: class io.netty.util.internal.PlatformDependent0$7 cannot access class jdk.internal.misc.Unsafe (in module java.base) because module java.base does not export jdk.internal.misc to unnamed module @3cce57c7
2023-05-05 11:50:11.852 [main][2804] DEBUG io.netty.util.internal.PlatformDependent0 - java.nio.DirectByteBuffer.<init>(long, int): unavailable
2023-05-05 11:50:11.852 [main][2804] DEBUG io.netty.util.internal.PlatformDependent - sun.misc.Unsafe: available
2023-05-05 11:50:11.852 [main][2804] DEBUG io.netty.util.internal.PlatformDependent - maxDirectMemory: 4227858432 bytes (maybe)
2023-05-05 11:50:11.852 [main][2804] DEBUG io.netty.util.internal.PlatformDependent - -Dio.netty.tmpdir: C:\Users\riyad\AppData\Local\Temp (java.io.tmpdir)
2023-05-05 11:50:11.852 [main][2804] DEBUG io.netty.util.internal.PlatformDependent - -Dio.netty.bitMode: 64 (sun.arch.data.model)
2023-05-05 11:50:11.852 [main][2804] DEBUG io.netty.util.internal.PlatformDependent - Platform: Windows
2023-05-05 11:50:11.853 [main][2805] DEBUG io.netty.util.internal.PlatformDependent - -Dio.netty.maxDirectMemory: -1 bytes
2023-05-05 11:50:11.853 [main][2805] DEBUG io.netty.util.internal.PlatformDependent - -Dio.netty.uninitializedArrayAllocationThreshold: -1
2023-05-05 11:50:11.854 [main][2806] DEBUG io.netty.util.internal.CleanerJava9 - java.nio.ByteBuffer.cleaner(): available
2023-05-05 11:50:11.854 [main][2806] DEBUG io.netty.util.internal.PlatformDependent - -Dio.netty.noPreferDirect: false
2023-05-05 11:50:11.862 [main][2814] DEBUG io.netty.util.internal.PlatformDependent - org.jctools-core.MpscChunkedArrayQueue: available
2023-05-05 11:50:11.880 [main][2832] DEBUG io.netty.util.internal.InternalThreadLocalMap - -Dio.netty.threadLocalMap.stringBuilder.initialSize: 1024
2023-05-05 11:50:11.880 [main][2832] DEBUG io.netty.util.internal.InternalThreadLocalMap - -Dio.netty.threadLocalMap.stringBuilder.maxSize: 4096
2023-05-05 11:50:11.913 [main][2865] DEBUG io.netty.handler.ssl.JdkSslContext - Default protocols (JDK): [TLSv1.3, TLSv1.2] 
2023-05-05 11:50:11.913 [main][2865] DEBUG io.netty.handler.ssl.JdkSslContext - Default cipher suites (JDK): [TLS_ECDHE_ECDSA_WITH_AES_256_GCM_SHA384, TLS_ECDHE_ECDSA_WITH_AES_128_GCM_SHA256, TLS_ECDHE_RSA_WITH_AES_128_GCM_SHA256, TLS_ECDHE_RSA_WITH_AES_256_GCM_SHA384, TLS_ECDHE_RSA_WITH_AES_128_CBC_SHA, TLS_ECDHE_RSA_WITH_AES_256_CBC_SHA, TLS_RSA_WITH_AES_128_GCM_SHA256, TLS_RSA_WITH_AES_128_CBC_SHA, TLS_RSA_WITH_AES_256_CBC_SHA, TLS_AES_128_GCM_SHA256, TLS_AES_256_GCM_SHA384]
2023-05-05 11:50:11.928 [main][2880] DEBUG io.netty.util.concurrent.GlobalEventExecutor - -Dio.netty.globalEventExecutor.quietPeriodSeconds: 1
2023-05-05 11:50:11.943 [main][2895] DEBUG io.netty.channel.MultithreadEventLoopGroup - -Dio.netty.eventLoopThreads: 16
2023-05-05 11:50:11.953 [main][2905] DEBUG io.netty.channel.nio.NioEventLoop - -Dio.netty.noKeySetOptimization: false
2023-05-05 11:50:11.953 [main][2905] DEBUG io.netty.channel.nio.NioEventLoop - -Dio.netty.selectorAutoRebuildThreshold: 512
2023-05-05 11:50:12.004 [main][2956] DEBUG io.netty.buffer.PooledByteBufAllocator - -Dio.netty.allocator.numHeapArenas: 16
2023-05-05 11:50:12.004 [main][2956] DEBUG io.netty.buffer.PooledByteBufAllocator - -Dio.netty.allocator.numDirectArenas: 16
2023-05-05 11:50:12.004 [main][2956] DEBUG io.netty.buffer.PooledByteBufAllocator - -Dio.netty.allocator.pageSize: 8192
2023-05-05 11:50:12.004 [main][2956] DEBUG io.netty.buffer.PooledByteBufAllocator - -Dio.netty.allocator.maxOrder: 9
2023-05-05 11:50:12.004 [main][2956] DEBUG io.netty.buffer.PooledByteBufAllocator - -Dio.netty.allocator.chunkSize: 4194304
2023-05-05 11:50:12.005 [main][2957] DEBUG io.netty.buffer.PooledByteBufAllocator - -Dio.netty.allocator.smallCacheSize: 256
2023-05-05 11:50:12.005 [main][2957] DEBUG io.netty.buffer.PooledByteBufAllocator - -Dio.netty.allocator.normalCacheSize: 64
2023-05-05 11:50:12.005 [main][2957] DEBUG io.netty.buffer.PooledByteBufAllocator - -Dio.netty.allocator.maxCachedBufferCapacity: 32768
2023-05-05 11:50:12.005 [main][2957] DEBUG io.netty.buffer.PooledByteBufAllocator - -Dio.netty.allocator.cacheTrimInterval: 8192
2023-05-05 11:50:12.005 [main][2957] DEBUG io.netty.buffer.PooledByteBufAllocator - -Dio.netty.allocator.cacheTrimIntervalMillis: 0
2023-05-05 11:50:12.005 [main][2957] DEBUG io.netty.buffer.PooledByteBufAllocator - -Dio.netty.allocator.useCacheForAllThreads: false
2023-05-05 11:50:12.005 [main][2957] DEBUG io.netty.buffer.PooledByteBufAllocator - -Dio.netty.allocator.maxCachedByteBuffersPerChunk: 1023
2023-05-05 11:50:12.016 [main][2968] DEBUG io.netty.buffer.ByteBufUtil - -Dio.netty.allocator.type: pooled
2023-05-05 11:50:12.016 [main][2968] DEBUG io.netty.buffer.ByteBufUtil - -Dio.netty.threadLocalDirectBufferSize: 0
2023-05-05 11:50:12.016 [main][2968] DEBUG io.netty.buffer.ByteBufUtil - -Dio.netty.maxThreadLocalCharBufferSize: 16384
2023-05-05 11:50:12.299 [Forwarding newSession on session null to remote][3251] DEBUG io.netty.channel.DefaultChannelId - -Dio.netty.processId: 19108 (auto-detected)
2023-05-05 11:50:12.302 [Forwarding newSession on session null to remote][3254] DEBUG io.netty.util.NetUtil - -Djava.net.preferIPv4Stack: false
2023-05-05 11:50:12.302 [Forwarding newSession on session null to remote][3254] DEBUG io.netty.util.NetUtil - -Djava.net.preferIPv6Addresses: false
2023-05-05 11:50:12.456 [Forwarding newSession on session null to remote][3408] DEBUG io.netty.util.NetUtilInitializations - Loopback interface: lo (Software Loopback Interface 1, 127.0.0.1)
2023-05-05 11:50:12.457 [Forwarding newSession on session null to remote][3409] DEBUG io.netty.util.NetUtil - Failed to get SOMAXCONN from sysctl and file \proc\sys\net\core\somaxconn. Default: 200
2023-05-05 11:50:12.468 [Forwarding newSession on session null to remote][3420] DEBUG io.netty.channel.DefaultChannelId - -Dio.netty.machineId: 98:43:fa:ff:fe:25:70:e2 (auto-detected)
2023-05-05 11:50:12.519 [AsyncHttpClient-1-2][3471] DEBUG io.netty.buffer.AbstractByteBuf - -Dio.netty.buffer.checkAccessible: true
2023-05-05 11:50:12.519 [AsyncHttpClient-1-2][3471] DEBUG io.netty.buffer.AbstractByteBuf - -Dio.netty.buffer.checkBounds: true
2023-05-05 11:50:12.520 [AsyncHttpClient-1-2][3472] DEBUG io.netty.util.ResourceLeakDetectorFactory - Loaded default ResourceLeakDetector: io.netty.util.ResourceLeakDetector@137548f4
2023-05-05 11:50:12.553 [AsyncHttpClient-1-2][3505] DEBUG io.netty.util.Recycler - -Dio.netty.recycler.maxCapacityPerThread: 4096
2023-05-05 11:50:12.553 [AsyncHttpClient-1-2][3505] DEBUG io.netty.util.Recycler - -Dio.netty.recycler.ratio: 8
2023-05-05 11:50:12.553 [AsyncHttpClient-1-2][3505] DEBUG io.netty.util.Recycler - -Dio.netty.recycler.chunkSize: 32
2023-05-05 11:50:12.553 [AsyncHttpClient-1-2][3505] DEBUG io.netty.util.Recycler - -Dio.netty.recycler.blocking: false
2023-05-05 11:50:12.553 [AsyncHttpClient-1-2][3505] DEBUG io.netty.util.Recycler - -Dio.netty.recycler.batchFastThreadLocalOnly: true
2023-05-05 11:50:13.117 [AsyncHttpClient-1-2][4069] DEBUG io.netty.handler.codec.compression.Brotli - brotli4j not in the classpath; Brotli support will be unavailable.
2023-05-05 11:50:13.249 [main][4201] DEBUG io.netty.util.internal.ThreadLocalRandom - -Dio.netty.initialSeedUniquifier: 0x7c68b1e39b37ba93
2023-05-05 11:50:14.091 [main][5043] INFO  step_definitions.LoginSteps - user is on the login page
2023-05-05 11:50:14.326 [main][5278] INFO  step_definitions.LoginSteps - User has entered credentials
2023-05-05 11:50:14.381 [main][5333] INFO  step_definitions.LoginSteps - User click on the login button
2023-05-05 11:50:14.422 [main][5374] INFO  step_definitions.LoginSteps - User is in Home Page
2023-05-05 11:50:16.519 [main][7471] INFO  step_definitions.LoginSteps - user is on the login page
2023-05-05 11:50:16.737 [main][7689] INFO  step_definitions.LoginSteps - User has entered credentials
2023-05-05 11:50:16.788 [main][7740] INFO  step_definitions.LoginSteps - User click on the login button
2023-05-05 11:50:16.820 [main][7772] INFO  step_definitions.LoginSteps - User is in Home Page
2023-05-05 11:50:18.697 [main][9649] INFO  step_definitions.LoginSteps - user is on the login page
2023-05-05 11:50:18.911 [main][9863] INFO  step_definitions.LoginSteps - User has entered credentials
2023-05-05 11:50:18.964 [main][9916] INFO  step_definitions.LoginSteps - User click on the login button
2023-05-05 11:50:18.994 [main][9946] INFO  step_definitions.LoginSteps - User is in Home Page
2023-05-05 11:50:20.753 [main][11705] INFO  step_definitions.LoginSteps - user is on the login page
2023-05-05 11:50:20.975 [main][11927] INFO  step_definitions.LoginSteps - User has entered credentials
2023-05-05 11:50:21.033 [main][11985] INFO  step_definitions.LoginSteps - User click on the login button
2023-05-05 11:50:21.061 [main][12013] INFO  step_definitions.LoginSteps - User is in Home Page
2023-05-05 11:50:22.714 [main][13666] INFO  step_definitions.LoginSteps - user is on the login page
2023-05-05 11:50:22.942 [main][13894] INFO  step_definitions.LoginSteps - User has entered credentials
2023-05-05 11:50:22.993 [main][13945] INFO  step_definitions.LoginSteps - User clicking on the login button
2023-05-05 11:50:23.024 [main][13976] INFO  step_definitions.LoginSteps - User is in Home Page
