2023-05-10 11:50:24.929 [main][2231] INFO  step_definitions.Hooks - --------Scenario: -------
2023-05-10 11:50:25.818 [main][3120] DEBUG io.netty.util.internal.logging.InternalLoggerFactory - Using Log4J2 as the default logging framework
2023-05-10 11:50:25.828 [main][3130] DEBUG io.netty.util.ResourceLeakDetector - -Dio.netty.leakDetection.level: simple
2023-05-10 11:50:25.828 [main][3130] DEBUG io.netty.util.ResourceLeakDetector - -Dio.netty.leakDetection.targetRecords: 4
2023-05-10 11:50:25.832 [main][3134] DEBUG io.netty.util.ResourceLeakDetectorFactory - Loaded default ResourceLeakDetector: io.netty.util.ResourceLeakDetector@149debbb
2023-05-10 11:50:25.849 [main][3151] DEBUG io.netty.util.internal.PlatformDependent0 - -Dio.netty.noUnsafe: false
2023-05-10 11:50:25.849 [main][3151] DEBUG io.netty.util.internal.PlatformDependent0 - Java version: 11
2023-05-10 11:50:25.850 [main][3152] DEBUG io.netty.util.internal.PlatformDependent0 - sun.misc.Unsafe.theUnsafe: available
2023-05-10 11:50:25.851 [main][3153] DEBUG io.netty.util.internal.PlatformDependent0 - sun.misc.Unsafe.copyMemory: available
2023-05-10 11:50:25.852 [main][3154] DEBUG io.netty.util.internal.PlatformDependent0 - sun.misc.Unsafe.storeFence: available
2023-05-10 11:50:25.852 [main][3154] DEBUG io.netty.util.internal.PlatformDependent0 - java.nio.Buffer.address: available
2023-05-10 11:50:25.852 [main][3154] DEBUG io.netty.util.internal.PlatformDependent0 - direct buffer constructor: unavailable: Reflective setAccessible(true) disabled
2023-05-10 11:50:25.853 [main][3155] DEBUG io.netty.util.internal.PlatformDependent0 - java.nio.Bits.unaligned: available, true
2023-05-10 11:50:25.855 [main][3157] DEBUG io.netty.util.internal.PlatformDependent0 - jdk.internal.misc.Unsafe.allocateUninitializedArray(int): unavailable: class io.netty.util.internal.PlatformDependent0$7 cannot access class jdk.internal.misc.Unsafe (in module java.base) because module java.base does not export jdk.internal.misc to unnamed module @6a1aab78
2023-05-10 11:50:25.856 [main][3158] DEBUG io.netty.util.internal.PlatformDependent0 - java.nio.DirectByteBuffer.<init>(long, int): unavailable
2023-05-10 11:50:25.856 [main][3158] DEBUG io.netty.util.internal.PlatformDependent - sun.misc.Unsafe: available
2023-05-10 11:50:25.856 [main][3158] DEBUG io.netty.util.internal.PlatformDependent - maxDirectMemory: 4227858432 bytes (maybe)
2023-05-10 11:50:25.857 [main][3159] DEBUG io.netty.util.internal.PlatformDependent - -Dio.netty.tmpdir: C:\Users\riyad\AppData\Local\Temp (java.io.tmpdir)
2023-05-10 11:50:25.857 [main][3159] DEBUG io.netty.util.internal.PlatformDependent - -Dio.netty.bitMode: 64 (sun.arch.data.model)
2023-05-10 11:50:25.857 [main][3159] DEBUG io.netty.util.internal.PlatformDependent - Platform: Windows
2023-05-10 11:50:25.857 [main][3159] DEBUG io.netty.util.internal.PlatformDependent - -Dio.netty.maxDirectMemory: -1 bytes
2023-05-10 11:50:25.858 [main][3160] DEBUG io.netty.util.internal.PlatformDependent - -Dio.netty.uninitializedArrayAllocationThreshold: -1
2023-05-10 11:50:25.858 [main][3160] DEBUG io.netty.util.internal.CleanerJava9 - java.nio.ByteBuffer.cleaner(): available
2023-05-10 11:50:25.859 [main][3161] DEBUG io.netty.util.internal.PlatformDependent - -Dio.netty.noPreferDirect: false
2023-05-10 11:50:25.864 [main][3166] DEBUG io.netty.util.internal.PlatformDependent - org.jctools-core.MpscChunkedArrayQueue: available
2023-05-10 11:50:25.886 [main][3188] DEBUG io.netty.util.internal.InternalThreadLocalMap - -Dio.netty.threadLocalMap.stringBuilder.initialSize: 1024
2023-05-10 11:50:25.886 [main][3188] DEBUG io.netty.util.internal.InternalThreadLocalMap - -Dio.netty.threadLocalMap.stringBuilder.maxSize: 4096
2023-05-10 11:50:25.902 [main][3204] DEBUG io.netty.handler.ssl.JdkSslContext - Default protocols (JDK): [TLSv1.3, TLSv1.2] 
2023-05-10 11:50:25.903 [main][3205] DEBUG io.netty.handler.ssl.JdkSslContext - Default cipher suites (JDK): [TLS_ECDHE_ECDSA_WITH_AES_256_GCM_SHA384, TLS_ECDHE_ECDSA_WITH_AES_128_GCM_SHA256, TLS_ECDHE_RSA_WITH_AES_128_GCM_SHA256, TLS_ECDHE_RSA_WITH_AES_256_GCM_SHA384, TLS_ECDHE_RSA_WITH_AES_128_CBC_SHA, TLS_ECDHE_RSA_WITH_AES_256_CBC_SHA, TLS_RSA_WITH_AES_128_GCM_SHA256, TLS_RSA_WITH_AES_128_CBC_SHA, TLS_RSA_WITH_AES_256_CBC_SHA, TLS_AES_128_GCM_SHA256, TLS_AES_256_GCM_SHA384]
2023-05-10 11:50:25.919 [main][3221] DEBUG io.netty.util.concurrent.GlobalEventExecutor - -Dio.netty.globalEventExecutor.quietPeriodSeconds: 1
2023-05-10 11:50:25.941 [main][3243] DEBUG io.netty.channel.MultithreadEventLoopGroup - -Dio.netty.eventLoopThreads: 16
2023-05-10 11:50:25.950 [main][3252] DEBUG io.netty.channel.nio.NioEventLoop - -Dio.netty.noKeySetOptimization: false
2023-05-10 11:50:25.950 [main][3252] DEBUG io.netty.channel.nio.NioEventLoop - -Dio.netty.selectorAutoRebuildThreshold: 512
2023-05-10 11:50:25.991 [main][3293] DEBUG io.netty.buffer.PooledByteBufAllocator - -Dio.netty.allocator.numHeapArenas: 16
2023-05-10 11:50:25.991 [main][3293] DEBUG io.netty.buffer.PooledByteBufAllocator - -Dio.netty.allocator.numDirectArenas: 16
2023-05-10 11:50:25.991 [main][3293] DEBUG io.netty.buffer.PooledByteBufAllocator - -Dio.netty.allocator.pageSize: 8192
2023-05-10 11:50:25.991 [main][3293] DEBUG io.netty.buffer.PooledByteBufAllocator - -Dio.netty.allocator.maxOrder: 9
2023-05-10 11:50:25.991 [main][3293] DEBUG io.netty.buffer.PooledByteBufAllocator - -Dio.netty.allocator.chunkSize: 4194304
2023-05-10 11:50:25.992 [main][3294] DEBUG io.netty.buffer.PooledByteBufAllocator - -Dio.netty.allocator.smallCacheSize: 256
2023-05-10 11:50:25.992 [main][3294] DEBUG io.netty.buffer.PooledByteBufAllocator - -Dio.netty.allocator.normalCacheSize: 64
2023-05-10 11:50:25.992 [main][3294] DEBUG io.netty.buffer.PooledByteBufAllocator - -Dio.netty.allocator.maxCachedBufferCapacity: 32768
2023-05-10 11:50:25.992 [main][3294] DEBUG io.netty.buffer.PooledByteBufAllocator - -Dio.netty.allocator.cacheTrimInterval: 8192
2023-05-10 11:50:25.992 [main][3294] DEBUG io.netty.buffer.PooledByteBufAllocator - -Dio.netty.allocator.cacheTrimIntervalMillis: 0
2023-05-10 11:50:25.992 [main][3294] DEBUG io.netty.buffer.PooledByteBufAllocator - -Dio.netty.allocator.useCacheForAllThreads: false
2023-05-10 11:50:25.992 [main][3294] DEBUG io.netty.buffer.PooledByteBufAllocator - -Dio.netty.allocator.maxCachedByteBuffersPerChunk: 1023
2023-05-10 11:50:26.002 [main][3304] DEBUG io.netty.buffer.ByteBufUtil - -Dio.netty.allocator.type: pooled
2023-05-10 11:50:26.002 [main][3304] DEBUG io.netty.buffer.ByteBufUtil - -Dio.netty.threadLocalDirectBufferSize: 0
2023-05-10 11:50:26.003 [main][3305] DEBUG io.netty.buffer.ByteBufUtil - -Dio.netty.maxThreadLocalCharBufferSize: 16384
2023-05-10 11:50:26.283 [Forwarding newSession on session null to remote][3585] DEBUG io.netty.channel.DefaultChannelId - -Dio.netty.processId: 10828 (auto-detected)
2023-05-10 11:50:26.285 [Forwarding newSession on session null to remote][3587] DEBUG io.netty.util.NetUtil - -Djava.net.preferIPv4Stack: false
2023-05-10 11:50:26.285 [Forwarding newSession on session null to remote][3587] DEBUG io.netty.util.NetUtil - -Djava.net.preferIPv6Addresses: false
2023-05-10 11:50:26.418 [Forwarding newSession on session null to remote][3720] DEBUG io.netty.util.NetUtilInitializations - Loopback interface: lo (Software Loopback Interface 1, 127.0.0.1)
2023-05-10 11:50:26.429 [Forwarding newSession on session null to remote][3731] DEBUG io.netty.util.NetUtil - Failed to get SOMAXCONN from sysctl and file \proc\sys\net\core\somaxconn. Default: 200
2023-05-10 11:50:26.439 [Forwarding newSession on session null to remote][3741] DEBUG io.netty.channel.DefaultChannelId - -Dio.netty.machineId: 98:43:fa:ff:fe:25:70:e2 (auto-detected)
2023-05-10 11:50:26.487 [AsyncHttpClient-1-2][3789] DEBUG io.netty.buffer.AbstractByteBuf - -Dio.netty.buffer.checkAccessible: true
2023-05-10 11:50:26.488 [AsyncHttpClient-1-2][3790] DEBUG io.netty.buffer.AbstractByteBuf - -Dio.netty.buffer.checkBounds: true
2023-05-10 11:50:26.488 [AsyncHttpClient-1-2][3790] DEBUG io.netty.util.ResourceLeakDetectorFactory - Loaded default ResourceLeakDetector: io.netty.util.ResourceLeakDetector@34acb2e5
2023-05-10 11:50:26.520 [AsyncHttpClient-1-2][3822] DEBUG io.netty.util.Recycler - -Dio.netty.recycler.maxCapacityPerThread: 4096
2023-05-10 11:50:26.521 [AsyncHttpClient-1-2][3823] DEBUG io.netty.util.Recycler - -Dio.netty.recycler.ratio: 8
2023-05-10 11:50:26.521 [AsyncHttpClient-1-2][3823] DEBUG io.netty.util.Recycler - -Dio.netty.recycler.chunkSize: 32
2023-05-10 11:50:26.521 [AsyncHttpClient-1-2][3823] DEBUG io.netty.util.Recycler - -Dio.netty.recycler.blocking: false
2023-05-10 11:50:26.521 [AsyncHttpClient-1-2][3823] DEBUG io.netty.util.Recycler - -Dio.netty.recycler.batchFastThreadLocalOnly: true
2023-05-10 11:50:27.373 [AsyncHttpClient-1-2][4675] DEBUG io.netty.handler.codec.compression.Brotli - brotli4j not in the classpath; Brotli support will be unavailable.
2023-05-10 11:50:27.480 [main][4782] DEBUG io.netty.util.internal.ThreadLocalRandom - -Dio.netty.initialSeedUniquifier: 0x4477e015fc570e94
2023-05-10 11:50:29.401 [main][6703] INFO  step_definitions.MortgageSteps - User is in the Mortgage Calculator Home page
2023-05-10 11:50:29.405 [main][6707] DEBUG page_object.Home - Typing the Home Price Value:300000
2023-05-10 11:50:29.539 [main][6841] DEBUG page_object.Home - Typing the DownPayment Value:60000
2023-05-10 11:50:29.638 [main][6940] DEBUG page_object.Home - Typing the Loan Amount Value:240000
2023-05-10 11:50:29.733 [main][7035] DEBUG page_object.Home - Typing the InterestRate Value:3
2023-05-10 11:50:29.830 [main][7132] DEBUG page_object.Home - Typing the loan start year value: 30
2023-05-10 11:50:29.935 [main][7237] DEBUG page_object.Home - Typing the property tax: 5000
2023-05-10 11:50:30.048 [main][7350] DEBUG page_object.Home - Typing the PMI:0.5
2023-05-10 11:50:30.141 [main][7443] DEBUG page_object.Home - Typing the HOI:1000
2023-05-10 11:50:30.227 [main][7529] DEBUG page_object.Home - Typing the Monthly HOA:100
2023-05-10 11:50:30.315 [main][7617] DEBUG page_object.Home - Select the loan type:FHA
2023-05-10 11:50:30.415 [main][7717] DEBUG page_object.Home - Clicking on calculate button
2023-05-10 11:50:32.216 [main][9518] INFO  step_definitions.MortgageSteps - Total Monthly payment is calculated upon entering the data
2023-05-10 11:50:32.219 [main][9521] DEBUG page_object.Home - Validating the total monthly payment is :$1611.85
2023-05-10 11:50:47.652 [main][24954] INFO  step_definitions.Hooks - -------Scenario: ------
