2023-05-04 21:14:22.979 [main][3230] DEBUG io.netty.util.internal.logging.InternalLoggerFactory - Using Log4J2 as the default logging framework
2023-05-04 21:14:23.006 [main][3257] DEBUG io.netty.util.ResourceLeakDetector - -Dio.netty.leakDetection.level: simple
2023-05-04 21:14:23.006 [main][3257] DEBUG io.netty.util.ResourceLeakDetector - -Dio.netty.leakDetection.targetRecords: 4
2023-05-04 21:14:23.011 [main][3262] DEBUG io.netty.util.ResourceLeakDetectorFactory - Loaded default ResourceLeakDetector: io.netty.util.ResourceLeakDetector@12fcc71f
2023-05-04 21:14:23.034 [main][3285] DEBUG io.netty.util.internal.PlatformDependent0 - -Dio.netty.noUnsafe: false
2023-05-04 21:14:23.034 [main][3285] DEBUG io.netty.util.internal.PlatformDependent0 - Java version: 11
2023-05-04 21:14:23.038 [main][3289] DEBUG io.netty.util.internal.PlatformDependent0 - sun.misc.Unsafe.theUnsafe: available
2023-05-04 21:14:23.038 [main][3289] DEBUG io.netty.util.internal.PlatformDependent0 - sun.misc.Unsafe.copyMemory: available
2023-05-04 21:14:23.039 [main][3290] DEBUG io.netty.util.internal.PlatformDependent0 - sun.misc.Unsafe.storeFence: available
2023-05-04 21:14:23.039 [main][3290] DEBUG io.netty.util.internal.PlatformDependent0 - java.nio.Buffer.address: available
2023-05-04 21:14:23.039 [main][3290] DEBUG io.netty.util.internal.PlatformDependent0 - direct buffer constructor: unavailable: Reflective setAccessible(true) disabled
2023-05-04 21:14:23.040 [main][3291] DEBUG io.netty.util.internal.PlatformDependent0 - java.nio.Bits.unaligned: available, true
2023-05-04 21:14:23.041 [main][3292] DEBUG io.netty.util.internal.PlatformDependent0 - jdk.internal.misc.Unsafe.allocateUninitializedArray(int): unavailable: class io.netty.util.internal.PlatformDependent0$7 cannot access class jdk.internal.misc.Unsafe (in module java.base) because module java.base does not export jdk.internal.misc to unnamed module @3cce57c7
2023-05-04 21:14:23.043 [main][3294] DEBUG io.netty.util.internal.PlatformDependent0 - java.nio.DirectByteBuffer.<init>(long, int): unavailable
2023-05-04 21:14:23.043 [main][3294] DEBUG io.netty.util.internal.PlatformDependent - sun.misc.Unsafe: available
2023-05-04 21:14:23.044 [main][3295] DEBUG io.netty.util.internal.PlatformDependent - maxDirectMemory: 4227858432 bytes (maybe)
2023-05-04 21:14:23.044 [main][3295] DEBUG io.netty.util.internal.PlatformDependent - -Dio.netty.tmpdir: C:\Users\riyad\AppData\Local\Temp (java.io.tmpdir)
2023-05-04 21:14:23.044 [main][3295] DEBUG io.netty.util.internal.PlatformDependent - -Dio.netty.bitMode: 64 (sun.arch.data.model)
2023-05-04 21:14:23.044 [main][3295] DEBUG io.netty.util.internal.PlatformDependent - Platform: Windows
2023-05-04 21:14:23.045 [main][3296] DEBUG io.netty.util.internal.PlatformDependent - -Dio.netty.maxDirectMemory: -1 bytes
2023-05-04 21:14:23.045 [main][3296] DEBUG io.netty.util.internal.PlatformDependent - -Dio.netty.uninitializedArrayAllocationThreshold: -1
2023-05-04 21:14:23.046 [main][3297] DEBUG io.netty.util.internal.CleanerJava9 - java.nio.ByteBuffer.cleaner(): available
2023-05-04 21:14:23.046 [main][3297] DEBUG io.netty.util.internal.PlatformDependent - -Dio.netty.noPreferDirect: false
2023-05-04 21:14:23.056 [main][3307] DEBUG io.netty.util.internal.PlatformDependent - org.jctools-core.MpscChunkedArrayQueue: available
2023-05-04 21:14:23.073 [main][3324] DEBUG io.netty.util.internal.InternalThreadLocalMap - -Dio.netty.threadLocalMap.stringBuilder.initialSize: 1024
2023-05-04 21:14:23.073 [main][3324] DEBUG io.netty.util.internal.InternalThreadLocalMap - -Dio.netty.threadLocalMap.stringBuilder.maxSize: 4096
2023-05-04 21:14:23.114 [main][3365] DEBUG io.netty.handler.ssl.JdkSslContext - Default protocols (JDK): [TLSv1.3, TLSv1.2] 
2023-05-04 21:14:23.114 [main][3365] DEBUG io.netty.handler.ssl.JdkSslContext - Default cipher suites (JDK): [TLS_ECDHE_ECDSA_WITH_AES_256_GCM_SHA384, TLS_ECDHE_ECDSA_WITH_AES_128_GCM_SHA256, TLS_ECDHE_RSA_WITH_AES_128_GCM_SHA256, TLS_ECDHE_RSA_WITH_AES_256_GCM_SHA384, TLS_ECDHE_RSA_WITH_AES_128_CBC_SHA, TLS_ECDHE_RSA_WITH_AES_256_CBC_SHA, TLS_RSA_WITH_AES_128_GCM_SHA256, TLS_RSA_WITH_AES_128_CBC_SHA, TLS_RSA_WITH_AES_256_CBC_SHA, TLS_AES_128_GCM_SHA256, TLS_AES_256_GCM_SHA384]
2023-05-04 21:14:23.128 [main][3379] DEBUG io.netty.util.concurrent.GlobalEventExecutor - -Dio.netty.globalEventExecutor.quietPeriodSeconds: 1
2023-05-04 21:14:23.145 [main][3396] DEBUG io.netty.channel.MultithreadEventLoopGroup - -Dio.netty.eventLoopThreads: 16
2023-05-04 21:14:23.162 [main][3413] DEBUG io.netty.channel.nio.NioEventLoop - -Dio.netty.noKeySetOptimization: false
2023-05-04 21:14:23.162 [main][3413] DEBUG io.netty.channel.nio.NioEventLoop - -Dio.netty.selectorAutoRebuildThreshold: 512
2023-05-04 21:14:23.227 [main][3478] DEBUG io.netty.buffer.PooledByteBufAllocator - -Dio.netty.allocator.numHeapArenas: 16
2023-05-04 21:14:23.227 [main][3478] DEBUG io.netty.buffer.PooledByteBufAllocator - -Dio.netty.allocator.numDirectArenas: 16
2023-05-04 21:14:23.227 [main][3478] DEBUG io.netty.buffer.PooledByteBufAllocator - -Dio.netty.allocator.pageSize: 8192
2023-05-04 21:14:23.229 [main][3480] DEBUG io.netty.buffer.PooledByteBufAllocator - -Dio.netty.allocator.maxOrder: 9
2023-05-04 21:14:23.229 [main][3480] DEBUG io.netty.buffer.PooledByteBufAllocator - -Dio.netty.allocator.chunkSize: 4194304
2023-05-04 21:14:23.229 [main][3480] DEBUG io.netty.buffer.PooledByteBufAllocator - -Dio.netty.allocator.smallCacheSize: 256
2023-05-04 21:14:23.229 [main][3480] DEBUG io.netty.buffer.PooledByteBufAllocator - -Dio.netty.allocator.normalCacheSize: 64
2023-05-04 21:14:23.229 [main][3480] DEBUG io.netty.buffer.PooledByteBufAllocator - -Dio.netty.allocator.maxCachedBufferCapacity: 32768
2023-05-04 21:14:23.229 [main][3480] DEBUG io.netty.buffer.PooledByteBufAllocator - -Dio.netty.allocator.cacheTrimInterval: 8192
2023-05-04 21:14:23.229 [main][3480] DEBUG io.netty.buffer.PooledByteBufAllocator - -Dio.netty.allocator.cacheTrimIntervalMillis: 0
2023-05-04 21:14:23.229 [main][3480] DEBUG io.netty.buffer.PooledByteBufAllocator - -Dio.netty.allocator.useCacheForAllThreads: false
2023-05-04 21:14:23.229 [main][3480] DEBUG io.netty.buffer.PooledByteBufAllocator - -Dio.netty.allocator.maxCachedByteBuffersPerChunk: 1023
2023-05-04 21:14:23.239 [main][3490] DEBUG io.netty.buffer.ByteBufUtil - -Dio.netty.allocator.type: pooled
2023-05-04 21:14:23.239 [main][3490] DEBUG io.netty.buffer.ByteBufUtil - -Dio.netty.threadLocalDirectBufferSize: 0
2023-05-04 21:14:23.239 [main][3490] DEBUG io.netty.buffer.ByteBufUtil - -Dio.netty.maxThreadLocalCharBufferSize: 16384
2023-05-04 21:14:23.574 [Forwarding newSession on session null to remote][3825] DEBUG io.netty.channel.DefaultChannelId - -Dio.netty.processId: 15684 (auto-detected)
2023-05-04 21:14:23.575 [Forwarding newSession on session null to remote][3826] DEBUG io.netty.util.NetUtil - -Djava.net.preferIPv4Stack: false
2023-05-04 21:14:23.575 [Forwarding newSession on session null to remote][3826] DEBUG io.netty.util.NetUtil - -Djava.net.preferIPv6Addresses: false
2023-05-04 21:14:23.738 [Forwarding newSession on session null to remote][3989] DEBUG io.netty.util.NetUtilInitializations - Loopback interface: lo (Software Loopback Interface 1, 127.0.0.1)
2023-05-04 21:14:23.739 [Forwarding newSession on session null to remote][3990] DEBUG io.netty.util.NetUtil - Failed to get SOMAXCONN from sysctl and file \proc\sys\net\core\somaxconn. Default: 200
2023-05-04 21:14:23.752 [Forwarding newSession on session null to remote][4003] DEBUG io.netty.channel.DefaultChannelId - -Dio.netty.machineId: 98:43:fa:ff:fe:25:70:e2 (auto-detected)
2023-05-04 21:14:23.818 [AsyncHttpClient-1-2][4069] DEBUG io.netty.buffer.AbstractByteBuf - -Dio.netty.buffer.checkAccessible: true
2023-05-04 21:14:23.818 [AsyncHttpClient-1-2][4069] DEBUG io.netty.buffer.AbstractByteBuf - -Dio.netty.buffer.checkBounds: true
2023-05-04 21:14:23.819 [AsyncHttpClient-1-2][4070] DEBUG io.netty.util.ResourceLeakDetectorFactory - Loaded default ResourceLeakDetector: io.netty.util.ResourceLeakDetector@627d96d5
2023-05-04 21:14:23.860 [AsyncHttpClient-1-2][4111] DEBUG io.netty.util.Recycler - -Dio.netty.recycler.maxCapacityPerThread: 4096
2023-05-04 21:14:23.861 [AsyncHttpClient-1-2][4112] DEBUG io.netty.util.Recycler - -Dio.netty.recycler.ratio: 8
2023-05-04 21:14:23.861 [AsyncHttpClient-1-2][4112] DEBUG io.netty.util.Recycler - -Dio.netty.recycler.chunkSize: 32
2023-05-04 21:14:23.861 [AsyncHttpClient-1-2][4112] DEBUG io.netty.util.Recycler - -Dio.netty.recycler.blocking: false
2023-05-04 21:14:23.861 [AsyncHttpClient-1-2][4112] DEBUG io.netty.util.Recycler - -Dio.netty.recycler.batchFastThreadLocalOnly: true
2023-05-04 21:14:24.549 [AsyncHttpClient-1-2][4800] DEBUG io.netty.handler.codec.compression.Brotli - brotli4j not in the classpath; Brotli support will be unavailable.
2023-05-04 21:14:24.750 [main][5001] DEBUG io.netty.util.internal.ThreadLocalRandom - -Dio.netty.initialSeedUniquifier: 0xb17beea31a014b2d
2023-05-04 21:14:25.873 [main][6124] INFO  step_definitions.LoginSteps - user is on the login page
2023-05-04 21:14:26.187 [main][6438] INFO  step_definitions.LoginSteps - User has entered credentials
2023-05-04 21:14:26.255 [main][6506] INFO  step_definitions.LoginSteps - User click on the login button
2023-05-04 21:14:26.299 [main][6550] INFO  step_definitions.LoginSteps - User is in Home Page
2023-05-04 21:14:29.187 [main][9438] INFO  step_definitions.LoginSteps - user is on the login page
2023-05-04 21:14:29.461 [main][9712] INFO  step_definitions.LoginSteps - User has entered credentials
2023-05-04 21:14:29.539 [main][9790] INFO  step_definitions.LoginSteps - User click on the login button
2023-05-04 21:14:29.577 [main][9828] INFO  step_definitions.LoginSteps - User is in Home Page
2023-05-04 21:14:31.831 [main][12082] INFO  step_definitions.LoginSteps - user is on the login page
2023-05-04 21:14:32.128 [main][12379] INFO  step_definitions.LoginSteps - User has entered credentials
2023-05-04 21:14:32.191 [main][12442] INFO  step_definitions.LoginSteps - User click on the login button
2023-05-04 21:14:32.228 [main][12479] INFO  step_definitions.LoginSteps - User is in Home Page
2023-05-04 21:14:34.397 [main][14648] INFO  step_definitions.LoginSteps - user is on the login page
2023-05-04 21:14:34.665 [main][14916] INFO  step_definitions.LoginSteps - User has entered credentials
2023-05-04 21:14:34.729 [main][14980] INFO  step_definitions.LoginSteps - User click on the login button
2023-05-04 21:14:34.765 [main][15016] INFO  step_definitions.LoginSteps - User is in Home Page
2023-05-04 21:14:37.320 [main][17571] INFO  step_definitions.LoginSteps - user is on the login page
