2023-05-19 12:39:35.377 [main][4126] INFO  step_definitions.Hooks - --------Scenario: Calculate Monthly Mortgage-------
2023-05-19 12:39:35.821 [main][4570] DEBUG io.netty.util.internal.logging.InternalLoggerFactory - Using Log4J2 as the default logging framework
2023-05-19 12:39:35.832 [main][4581] DEBUG io.netty.util.ResourceLeakDetector - -Dio.netty.leakDetection.level: simple
2023-05-19 12:39:35.832 [main][4581] DEBUG io.netty.util.ResourceLeakDetector - -Dio.netty.leakDetection.targetRecords: 4
2023-05-19 12:39:35.837 [main][4586] DEBUG io.netty.util.ResourceLeakDetectorFactory - Loaded default ResourceLeakDetector: io.netty.util.ResourceLeakDetector@bc4d5e1
2023-05-19 12:39:35.857 [main][4606] DEBUG io.netty.util.internal.PlatformDependent0 - -Dio.netty.noUnsafe: false
2023-05-19 12:39:35.857 [main][4606] DEBUG io.netty.util.internal.PlatformDependent0 - Java version: 11
2023-05-19 12:39:35.859 [main][4608] DEBUG io.netty.util.internal.PlatformDependent0 - sun.misc.Unsafe.theUnsafe: available
2023-05-19 12:39:35.859 [main][4608] DEBUG io.netty.util.internal.PlatformDependent0 - sun.misc.Unsafe.copyMemory: available
2023-05-19 12:39:35.861 [main][4610] DEBUG io.netty.util.internal.PlatformDependent0 - sun.misc.Unsafe.storeFence: available
2023-05-19 12:39:35.861 [main][4610] DEBUG io.netty.util.internal.PlatformDependent0 - java.nio.Buffer.address: available
2023-05-19 12:39:35.862 [main][4611] DEBUG io.netty.util.internal.PlatformDependent0 - direct buffer constructor: unavailable: Reflective setAccessible(true) disabled
2023-05-19 12:39:35.862 [main][4611] DEBUG io.netty.util.internal.PlatformDependent0 - java.nio.Bits.unaligned: available, true
2023-05-19 12:39:35.863 [main][4612] DEBUG io.netty.util.internal.PlatformDependent0 - jdk.internal.misc.Unsafe.allocateUninitializedArray(int): unavailable: class io.netty.util.internal.PlatformDependent0$7 cannot access class jdk.internal.misc.Unsafe (in module java.base) because module java.base does not export jdk.internal.misc to unnamed module @46daef40
2023-05-19 12:39:35.865 [main][4614] DEBUG io.netty.util.internal.PlatformDependent0 - java.nio.DirectByteBuffer.<init>(long, int): unavailable
2023-05-19 12:39:35.865 [main][4614] DEBUG io.netty.util.internal.PlatformDependent - sun.misc.Unsafe: available
2023-05-19 12:39:35.866 [main][4615] DEBUG io.netty.util.internal.PlatformDependent - maxDirectMemory: 4227858432 bytes (maybe)
2023-05-19 12:39:35.866 [main][4615] DEBUG io.netty.util.internal.PlatformDependent - -Dio.netty.tmpdir: C:\Users\riyad\AppData\Local\Temp (java.io.tmpdir)
2023-05-19 12:39:35.866 [main][4615] DEBUG io.netty.util.internal.PlatformDependent - -Dio.netty.bitMode: 64 (sun.arch.data.model)
2023-05-19 12:39:35.866 [main][4615] DEBUG io.netty.util.internal.PlatformDependent - Platform: Windows
2023-05-19 12:39:35.867 [main][4616] DEBUG io.netty.util.internal.PlatformDependent - -Dio.netty.maxDirectMemory: -1 bytes
2023-05-19 12:39:35.867 [main][4616] DEBUG io.netty.util.internal.PlatformDependent - -Dio.netty.uninitializedArrayAllocationThreshold: -1
2023-05-19 12:39:35.868 [main][4617] DEBUG io.netty.util.internal.CleanerJava9 - java.nio.ByteBuffer.cleaner(): available
2023-05-19 12:39:35.869 [main][4618] DEBUG io.netty.util.internal.PlatformDependent - -Dio.netty.noPreferDirect: false
2023-05-19 12:39:35.877 [main][4626] DEBUG io.netty.util.internal.PlatformDependent - org.jctools-core.MpscChunkedArrayQueue: available
2023-05-19 12:39:35.902 [main][4651] DEBUG io.netty.util.internal.InternalThreadLocalMap - -Dio.netty.threadLocalMap.stringBuilder.initialSize: 1024
2023-05-19 12:39:35.903 [main][4652] DEBUG io.netty.util.internal.InternalThreadLocalMap - -Dio.netty.threadLocalMap.stringBuilder.maxSize: 4096
2023-05-19 12:39:35.931 [main][4680] DEBUG io.netty.handler.ssl.JdkSslContext - Default protocols (JDK): [TLSv1.3, TLSv1.2] 
2023-05-19 12:39:35.931 [main][4680] DEBUG io.netty.handler.ssl.JdkSslContext - Default cipher suites (JDK): [TLS_ECDHE_ECDSA_WITH_AES_256_GCM_SHA384, TLS_ECDHE_ECDSA_WITH_AES_128_GCM_SHA256, TLS_ECDHE_RSA_WITH_AES_128_GCM_SHA256, TLS_ECDHE_RSA_WITH_AES_256_GCM_SHA384, TLS_ECDHE_RSA_WITH_AES_128_CBC_SHA, TLS_ECDHE_RSA_WITH_AES_256_CBC_SHA, TLS_RSA_WITH_AES_128_GCM_SHA256, TLS_RSA_WITH_AES_128_CBC_SHA, TLS_RSA_WITH_AES_256_CBC_SHA, TLS_AES_128_GCM_SHA256, TLS_AES_256_GCM_SHA384]
2023-05-19 12:39:35.949 [main][4698] DEBUG io.netty.util.concurrent.GlobalEventExecutor - -Dio.netty.globalEventExecutor.quietPeriodSeconds: 1
2023-05-19 12:39:35.965 [main][4714] DEBUG io.netty.channel.MultithreadEventLoopGroup - -Dio.netty.eventLoopThreads: 16
2023-05-19 12:39:35.978 [main][4727] DEBUG io.netty.channel.nio.NioEventLoop - -Dio.netty.noKeySetOptimization: false
2023-05-19 12:39:35.979 [main][4728] DEBUG io.netty.channel.nio.NioEventLoop - -Dio.netty.selectorAutoRebuildThreshold: 512
2023-05-19 12:39:36.025 [main][4774] DEBUG io.netty.buffer.PooledByteBufAllocator - -Dio.netty.allocator.numHeapArenas: 16
2023-05-19 12:39:36.025 [main][4774] DEBUG io.netty.buffer.PooledByteBufAllocator - -Dio.netty.allocator.numDirectArenas: 16
2023-05-19 12:39:36.025 [main][4774] DEBUG io.netty.buffer.PooledByteBufAllocator - -Dio.netty.allocator.pageSize: 8192
2023-05-19 12:39:36.026 [main][4775] DEBUG io.netty.buffer.PooledByteBufAllocator - -Dio.netty.allocator.maxOrder: 9
2023-05-19 12:39:36.026 [main][4775] DEBUG io.netty.buffer.PooledByteBufAllocator - -Dio.netty.allocator.chunkSize: 4194304
2023-05-19 12:39:36.026 [main][4775] DEBUG io.netty.buffer.PooledByteBufAllocator - -Dio.netty.allocator.smallCacheSize: 256
2023-05-19 12:39:36.026 [main][4775] DEBUG io.netty.buffer.PooledByteBufAllocator - -Dio.netty.allocator.normalCacheSize: 64
2023-05-19 12:39:36.026 [main][4775] DEBUG io.netty.buffer.PooledByteBufAllocator - -Dio.netty.allocator.maxCachedBufferCapacity: 32768
2023-05-19 12:39:36.026 [main][4775] DEBUG io.netty.buffer.PooledByteBufAllocator - -Dio.netty.allocator.cacheTrimInterval: 8192
2023-05-19 12:39:36.026 [main][4775] DEBUG io.netty.buffer.PooledByteBufAllocator - -Dio.netty.allocator.cacheTrimIntervalMillis: 0
2023-05-19 12:39:36.026 [main][4775] DEBUG io.netty.buffer.PooledByteBufAllocator - -Dio.netty.allocator.useCacheForAllThreads: false
2023-05-19 12:39:36.026 [main][4775] DEBUG io.netty.buffer.PooledByteBufAllocator - -Dio.netty.allocator.maxCachedByteBuffersPerChunk: 1023
2023-05-19 12:39:36.037 [main][4786] DEBUG io.netty.buffer.ByteBufUtil - -Dio.netty.allocator.type: pooled
2023-05-19 12:39:36.037 [main][4786] DEBUG io.netty.buffer.ByteBufUtil - -Dio.netty.threadLocalDirectBufferSize: 0
2023-05-19 12:39:36.038 [main][4787] DEBUG io.netty.buffer.ByteBufUtil - -Dio.netty.maxThreadLocalCharBufferSize: 16384
2023-05-19 12:39:36.310 [Forwarding newSession on session null to remote][5059] DEBUG io.netty.channel.DefaultChannelId - -Dio.netty.processId: 25876 (auto-detected)
2023-05-19 12:39:36.311 [Forwarding newSession on session null to remote][5060] DEBUG io.netty.util.NetUtil - -Djava.net.preferIPv4Stack: false
2023-05-19 12:39:36.313 [Forwarding newSession on session null to remote][5062] DEBUG io.netty.util.NetUtil - -Djava.net.preferIPv6Addresses: false
2023-05-19 12:39:36.466 [Forwarding newSession on session null to remote][5215] DEBUG io.netty.util.NetUtilInitializations - Loopback interface: lo (Software Loopback Interface 1, 127.0.0.1)
2023-05-19 12:39:36.467 [Forwarding newSession on session null to remote][5216] DEBUG io.netty.util.NetUtil - Failed to get SOMAXCONN from sysctl and file \proc\sys\net\core\somaxconn. Default: 200
2023-05-19 12:39:36.476 [Forwarding newSession on session null to remote][5225] DEBUG io.netty.channel.DefaultChannelId - -Dio.netty.machineId: 98:43:fa:ff:fe:25:70:e2 (auto-detected)
2023-05-19 12:39:36.520 [AsyncHttpClient-1-2][5269] DEBUG io.netty.buffer.AbstractByteBuf - -Dio.netty.buffer.checkAccessible: true
2023-05-19 12:39:36.521 [AsyncHttpClient-1-2][5270] DEBUG io.netty.buffer.AbstractByteBuf - -Dio.netty.buffer.checkBounds: true
2023-05-19 12:39:36.521 [AsyncHttpClient-1-2][5270] DEBUG io.netty.util.ResourceLeakDetectorFactory - Loaded default ResourceLeakDetector: io.netty.util.ResourceLeakDetector@7eb5988c
2023-05-19 12:39:36.543 [AsyncHttpClient-1-2][5292] DEBUG io.netty.util.Recycler - -Dio.netty.recycler.maxCapacityPerThread: 4096
2023-05-19 12:39:36.543 [AsyncHttpClient-1-2][5292] DEBUG io.netty.util.Recycler - -Dio.netty.recycler.ratio: 8
2023-05-19 12:39:36.543 [AsyncHttpClient-1-2][5292] DEBUG io.netty.util.Recycler - -Dio.netty.recycler.chunkSize: 32
2023-05-19 12:39:36.543 [AsyncHttpClient-1-2][5292] DEBUG io.netty.util.Recycler - -Dio.netty.recycler.blocking: false
2023-05-19 12:39:36.543 [AsyncHttpClient-1-2][5292] DEBUG io.netty.util.Recycler - -Dio.netty.recycler.batchFastThreadLocalOnly: true
2023-05-19 12:39:37.120 [AsyncHttpClient-1-2][5869] DEBUG io.netty.handler.codec.compression.Brotli - brotli4j not in the classpath; Brotli support will be unavailable.
2023-05-19 12:39:37.236 [main][5985] DEBUG io.netty.util.internal.ThreadLocalRandom - -Dio.netty.initialSeedUniquifier: 0x2d8a79fce9578f95
2023-05-19 12:39:38.649 [main][7398] INFO  step_definitions.MortgageSteps - User is in the Mortgage Calculator Home page
2023-05-19 12:39:38.656 [main][7405] DEBUG page_object.Home - Typing the Home Price Value:300000
2023-05-19 12:39:38.820 [main][7569] DEBUG page_object.Home - Typing the DownPayment Value:60000
2023-05-19 12:39:38.936 [main][7685] DEBUG page_object.Home - Typing the Loan Amount Value:240000
2023-05-19 12:39:39.053 [main][7802] DEBUG page_object.Home - Typing the InterestRate Value:3
2023-05-19 12:39:39.154 [main][7903] DEBUG page_object.Home - Typing the loan start year value: 30
2023-05-19 12:39:39.248 [main][7997] DEBUG page_object.Home - Typing the property tax: 5000
2023-05-19 12:39:39.350 [main][8099] DEBUG page_object.Home - Typing the PMI:0.5
2023-05-19 12:39:39.451 [main][8200] DEBUG page_object.Home - Typing the HOI:1000
2023-05-19 12:39:39.550 [main][8299] DEBUG page_object.Home - Typing the Monthly HOA:100
2023-05-19 12:39:39.648 [main][8397] DEBUG page_object.Home - Select the loan type:FHA
2023-05-19 12:39:39.753 [main][8502] DEBUG page_object.Home - Clicking on calculate button
2023-05-19 12:39:40.444 [main][9193] INFO  step_definitions.MortgageSteps - Total Monthly payment is calculated upon entering the data
2023-05-19 12:39:40.446 [main][9195] DEBUG page_object.Home - Validating the total monthly payment is :$1611.85
2023-05-19 12:39:55.718 [main][24467] INFO  step_definitions.Hooks - -------Scenario: Calculate Monthly Mortgage------
