2023-05-12 03:54:14.697 [main][2923] INFO  step_definitions.Hooks - --------Scenario: Check login is successful with valid credentials-------
2023-05-12 03:54:15.146 [main][3372] DEBUG io.netty.util.internal.logging.InternalLoggerFactory - Using Log4J2 as the default logging framework
2023-05-12 03:54:15.155 [main][3381] DEBUG io.netty.util.ResourceLeakDetector - -Dio.netty.leakDetection.level: simple
2023-05-12 03:54:15.155 [main][3381] DEBUG io.netty.util.ResourceLeakDetector - -Dio.netty.leakDetection.targetRecords: 4
2023-05-12 03:54:15.159 [main][3385] DEBUG io.netty.util.ResourceLeakDetectorFactory - Loaded default ResourceLeakDetector: io.netty.util.ResourceLeakDetector@25aeb5ac
2023-05-12 03:54:15.174 [main][3400] DEBUG io.netty.util.internal.PlatformDependent0 - -Dio.netty.noUnsafe: false
2023-05-12 03:54:15.174 [main][3400] DEBUG io.netty.util.internal.PlatformDependent0 - Java version: 11
2023-05-12 03:54:15.176 [main][3402] DEBUG io.netty.util.internal.PlatformDependent0 - sun.misc.Unsafe.theUnsafe: available
2023-05-12 03:54:15.176 [main][3402] DEBUG io.netty.util.internal.PlatformDependent0 - sun.misc.Unsafe.copyMemory: available
2023-05-12 03:54:15.177 [main][3403] DEBUG io.netty.util.internal.PlatformDependent0 - sun.misc.Unsafe.storeFence: available
2023-05-12 03:54:15.177 [main][3403] DEBUG io.netty.util.internal.PlatformDependent0 - java.nio.Buffer.address: available
2023-05-12 03:54:15.178 [main][3404] DEBUG io.netty.util.internal.PlatformDependent0 - direct buffer constructor: unavailable: Reflective setAccessible(true) disabled
2023-05-12 03:54:15.178 [main][3404] DEBUG io.netty.util.internal.PlatformDependent0 - java.nio.Bits.unaligned: available, true
2023-05-12 03:54:15.179 [main][3405] DEBUG io.netty.util.internal.PlatformDependent0 - jdk.internal.misc.Unsafe.allocateUninitializedArray(int): unavailable: class io.netty.util.internal.PlatformDependent0$7 cannot access class jdk.internal.misc.Unsafe (in module java.base) because module java.base does not export jdk.internal.misc to unnamed module @4c012563
2023-05-12 03:54:15.180 [main][3406] DEBUG io.netty.util.internal.PlatformDependent0 - java.nio.DirectByteBuffer.<init>(long, int): unavailable
2023-05-12 03:54:15.180 [main][3406] DEBUG io.netty.util.internal.PlatformDependent - sun.misc.Unsafe: available
2023-05-12 03:54:15.180 [main][3406] DEBUG io.netty.util.internal.PlatformDependent - maxDirectMemory: 4227858432 bytes (maybe)
2023-05-12 03:54:15.180 [main][3406] DEBUG io.netty.util.internal.PlatformDependent - -Dio.netty.tmpdir: C:\Users\riyad\AppData\Local\Temp (java.io.tmpdir)
2023-05-12 03:54:15.181 [main][3407] DEBUG io.netty.util.internal.PlatformDependent - -Dio.netty.bitMode: 64 (sun.arch.data.model)
2023-05-12 03:54:15.181 [main][3407] DEBUG io.netty.util.internal.PlatformDependent - Platform: Windows
2023-05-12 03:54:15.181 [main][3407] DEBUG io.netty.util.internal.PlatformDependent - -Dio.netty.maxDirectMemory: -1 bytes
2023-05-12 03:54:15.182 [main][3408] DEBUG io.netty.util.internal.PlatformDependent - -Dio.netty.uninitializedArrayAllocationThreshold: -1
2023-05-12 03:54:15.182 [main][3408] DEBUG io.netty.util.internal.CleanerJava9 - java.nio.ByteBuffer.cleaner(): available
2023-05-12 03:54:15.182 [main][3408] DEBUG io.netty.util.internal.PlatformDependent - -Dio.netty.noPreferDirect: false
2023-05-12 03:54:15.188 [main][3414] DEBUG io.netty.util.internal.PlatformDependent - org.jctools-core.MpscChunkedArrayQueue: available
2023-05-12 03:54:15.218 [main][3444] DEBUG io.netty.util.internal.InternalThreadLocalMap - -Dio.netty.threadLocalMap.stringBuilder.initialSize: 1024
2023-05-12 03:54:15.218 [main][3444] DEBUG io.netty.util.internal.InternalThreadLocalMap - -Dio.netty.threadLocalMap.stringBuilder.maxSize: 4096
2023-05-12 03:54:15.236 [main][3462] DEBUG io.netty.handler.ssl.JdkSslContext - Default protocols (JDK): [TLSv1.3, TLSv1.2] 
2023-05-12 03:54:15.236 [main][3462] DEBUG io.netty.handler.ssl.JdkSslContext - Default cipher suites (JDK): [TLS_ECDHE_ECDSA_WITH_AES_256_GCM_SHA384, TLS_ECDHE_ECDSA_WITH_AES_128_GCM_SHA256, TLS_ECDHE_RSA_WITH_AES_128_GCM_SHA256, TLS_ECDHE_RSA_WITH_AES_256_GCM_SHA384, TLS_ECDHE_RSA_WITH_AES_128_CBC_SHA, TLS_ECDHE_RSA_WITH_AES_256_CBC_SHA, TLS_RSA_WITH_AES_128_GCM_SHA256, TLS_RSA_WITH_AES_128_CBC_SHA, TLS_RSA_WITH_AES_256_CBC_SHA, TLS_AES_128_GCM_SHA256, TLS_AES_256_GCM_SHA384]
2023-05-12 03:54:15.246 [main][3472] DEBUG io.netty.util.concurrent.GlobalEventExecutor - -Dio.netty.globalEventExecutor.quietPeriodSeconds: 1
2023-05-12 03:54:15.255 [main][3481] DEBUG io.netty.channel.MultithreadEventLoopGroup - -Dio.netty.eventLoopThreads: 16
2023-05-12 03:54:15.262 [main][3488] DEBUG io.netty.channel.nio.NioEventLoop - -Dio.netty.noKeySetOptimization: false
2023-05-12 03:54:15.262 [main][3488] DEBUG io.netty.channel.nio.NioEventLoop - -Dio.netty.selectorAutoRebuildThreshold: 512
2023-05-12 03:54:15.317 [main][3543] DEBUG io.netty.buffer.PooledByteBufAllocator - -Dio.netty.allocator.numHeapArenas: 16
2023-05-12 03:54:15.317 [main][3543] DEBUG io.netty.buffer.PooledByteBufAllocator - -Dio.netty.allocator.numDirectArenas: 16
2023-05-12 03:54:15.317 [main][3543] DEBUG io.netty.buffer.PooledByteBufAllocator - -Dio.netty.allocator.pageSize: 8192
2023-05-12 03:54:15.317 [main][3543] DEBUG io.netty.buffer.PooledByteBufAllocator - -Dio.netty.allocator.maxOrder: 9
2023-05-12 03:54:15.318 [main][3544] DEBUG io.netty.buffer.PooledByteBufAllocator - -Dio.netty.allocator.chunkSize: 4194304
2023-05-12 03:54:15.318 [main][3544] DEBUG io.netty.buffer.PooledByteBufAllocator - -Dio.netty.allocator.smallCacheSize: 256
2023-05-12 03:54:15.318 [main][3544] DEBUG io.netty.buffer.PooledByteBufAllocator - -Dio.netty.allocator.normalCacheSize: 64
2023-05-12 03:54:15.318 [main][3544] DEBUG io.netty.buffer.PooledByteBufAllocator - -Dio.netty.allocator.maxCachedBufferCapacity: 32768
2023-05-12 03:54:15.318 [main][3544] DEBUG io.netty.buffer.PooledByteBufAllocator - -Dio.netty.allocator.cacheTrimInterval: 8192
2023-05-12 03:54:15.318 [main][3544] DEBUG io.netty.buffer.PooledByteBufAllocator - -Dio.netty.allocator.cacheTrimIntervalMillis: 0
2023-05-12 03:54:15.318 [main][3544] DEBUG io.netty.buffer.PooledByteBufAllocator - -Dio.netty.allocator.useCacheForAllThreads: false
2023-05-12 03:54:15.318 [main][3544] DEBUG io.netty.buffer.PooledByteBufAllocator - -Dio.netty.allocator.maxCachedByteBuffersPerChunk: 1023
2023-05-12 03:54:15.329 [main][3555] DEBUG io.netty.buffer.ByteBufUtil - -Dio.netty.allocator.type: pooled
2023-05-12 03:54:15.329 [main][3555] DEBUG io.netty.buffer.ByteBufUtil - -Dio.netty.threadLocalDirectBufferSize: 0
2023-05-12 03:54:15.329 [main][3555] DEBUG io.netty.buffer.ByteBufUtil - -Dio.netty.maxThreadLocalCharBufferSize: 16384
2023-05-12 03:54:15.669 [Forwarding newSession on session null to remote][3895] DEBUG io.netty.channel.DefaultChannelId - -Dio.netty.processId: 23180 (auto-detected)
2023-05-12 03:54:15.674 [Forwarding newSession on session null to remote][3900] DEBUG io.netty.util.NetUtil - -Djava.net.preferIPv4Stack: false
2023-05-12 03:54:15.674 [Forwarding newSession on session null to remote][3900] DEBUG io.netty.util.NetUtil - -Djava.net.preferIPv6Addresses: false
2023-05-12 03:54:15.877 [Forwarding newSession on session null to remote][4103] DEBUG io.netty.util.NetUtilInitializations - Loopback interface: lo (Software Loopback Interface 1, 127.0.0.1)
2023-05-12 03:54:15.879 [Forwarding newSession on session null to remote][4105] DEBUG io.netty.util.NetUtil - Failed to get SOMAXCONN from sysctl and file \proc\sys\net\core\somaxconn. Default: 200
2023-05-12 03:54:15.891 [Forwarding newSession on session null to remote][4117] DEBUG io.netty.channel.DefaultChannelId - -Dio.netty.machineId: 98:43:fa:ff:fe:25:70:e2 (auto-detected)
2023-05-12 03:54:15.947 [AsyncHttpClient-1-2][4173] DEBUG io.netty.buffer.AbstractByteBuf - -Dio.netty.buffer.checkAccessible: true
2023-05-12 03:54:15.948 [AsyncHttpClient-1-2][4174] DEBUG io.netty.buffer.AbstractByteBuf - -Dio.netty.buffer.checkBounds: true
2023-05-12 03:54:15.948 [AsyncHttpClient-1-2][4174] DEBUG io.netty.util.ResourceLeakDetectorFactory - Loaded default ResourceLeakDetector: io.netty.util.ResourceLeakDetector@478f9280
2023-05-12 03:54:15.984 [AsyncHttpClient-1-2][4210] DEBUG io.netty.util.Recycler - -Dio.netty.recycler.maxCapacityPerThread: 4096
2023-05-12 03:54:15.984 [AsyncHttpClient-1-2][4210] DEBUG io.netty.util.Recycler - -Dio.netty.recycler.ratio: 8
2023-05-12 03:54:15.984 [AsyncHttpClient-1-2][4210] DEBUG io.netty.util.Recycler - -Dio.netty.recycler.chunkSize: 32
2023-05-12 03:54:15.984 [AsyncHttpClient-1-2][4210] DEBUG io.netty.util.Recycler - -Dio.netty.recycler.blocking: false
2023-05-12 03:54:15.984 [AsyncHttpClient-1-2][4210] DEBUG io.netty.util.Recycler - -Dio.netty.recycler.batchFastThreadLocalOnly: true
2023-05-12 03:54:16.649 [AsyncHttpClient-1-2][4875] DEBUG io.netty.handler.codec.compression.Brotli - brotli4j not in the classpath; Brotli support will be unavailable.
2023-05-12 03:54:16.774 [main][5000] DEBUG io.netty.util.internal.ThreadLocalRandom - -Dio.netty.initialSeedUniquifier: 0x8610fcb3de13c6d4
2023-05-12 03:54:18.170 [main][6396] INFO  step_definitions.LoginSteps - user is in the login page
2023-05-12 03:54:18.498 [main][6724] INFO  step_definitions.LoginSteps - User has entered credentials
2023-05-12 03:54:18.576 [main][6802] INFO  step_definitions.LoginSteps - User click on the login button
2023-05-12 03:54:18.628 [main][6854] INFO  step_definitions.LoginSteps - User is in Home Page
2023-05-12 03:54:18.879 [main][7105] INFO  step_definitions.Hooks - -------Scenario: Check login is successful with valid credentials------
2023-05-12 03:54:18.888 [main][7114] INFO  step_definitions.Hooks - --------Scenario: Check login is successful with valid credentials for multiple users-------
2023-05-12 03:54:21.144 [main][9370] INFO  step_definitions.LoginSteps - user is in the login page
2023-05-12 03:54:21.461 [main][9687] INFO  step_definitions.LoginSteps - User has entered credentials
2023-05-12 03:54:21.538 [main][9764] INFO  step_definitions.LoginSteps - User click on the login button
2023-05-12 03:54:21.582 [main][9808] INFO  step_definitions.LoginSteps - User is in Home Page
2023-05-12 03:54:21.783 [main][10009] INFO  step_definitions.Hooks - -------Scenario: Check login is successful with valid credentials for multiple users------
2023-05-12 03:54:21.794 [main][10020] INFO  step_definitions.Hooks - --------Scenario: Check login is successful with valid credentials for multiple users-------
2023-05-12 03:54:23.769 [main][11995] INFO  step_definitions.LoginSteps - user is in the login page
2023-05-12 03:54:24.088 [main][12314] INFO  step_definitions.LoginSteps - User has entered credentials
2023-05-12 03:54:24.176 [main][12402] INFO  step_definitions.LoginSteps - User click on the login button
2023-05-12 03:54:24.218 [main][12444] INFO  step_definitions.LoginSteps - User is in Home Page
2023-05-12 03:54:24.465 [main][12691] INFO  step_definitions.Hooks - -------Scenario: Check login is successful with valid credentials for multiple users------
2023-05-12 03:54:24.471 [main][12697] INFO  step_definitions.Hooks - --------Scenario: Check login is successful with valid credentials for multiple users-------
2023-05-12 03:54:26.320 [main][14546] INFO  step_definitions.LoginSteps - user is in the login page
2023-05-12 03:54:26.642 [main][14868] INFO  step_definitions.LoginSteps - User has entered credentials
2023-05-12 03:54:26.715 [main][14941] INFO  step_definitions.LoginSteps - User click on the login button
2023-05-12 03:54:26.756 [main][14982] INFO  step_definitions.LoginSteps - User is in Home Page
2023-05-12 03:54:26.962 [main][15188] INFO  step_definitions.Hooks - -------Scenario: Check login is successful with valid credentials for multiple users------
2023-05-12 03:54:26.973 [main][15199] INFO  step_definitions.Hooks - --------Scenario: Check login is successful with valid credentials-------
2023-05-12 03:54:28.820 [main][17046] INFO  step_definitions.LoginSteps - user is in the login page
2023-05-12 03:54:29.126 [main][17352] INFO  step_definitions.LoginSteps - User has entered credentials
2023-05-12 03:54:29.196 [main][17422] INFO  step_definitions.LoginSteps - User clicking on the login button
2023-05-12 03:54:29.244 [main][17470] INFO  step_definitions.LoginSteps - User is in Home Page
2023-05-12 03:54:29.478 [main][17704] INFO  step_definitions.Hooks - -------Scenario: Check login is successful with valid credentials------
2023-05-12 03:54:29.483 [main][17709] INFO  step_definitions.Hooks - --------Scenario: Check login is unsuccessful with invalid credentials-------
2023-05-12 03:54:31.369 [main][19595] INFO  step_definitions.LoginSteps - user is in the login page
2023-05-12 03:54:31.696 [main][19922] INFO  step_definitions.LoginSteps - User has entered credentials
2023-05-12 03:54:31.767 [main][19993] INFO  step_definitions.LoginSteps - User click on the login button
2023-05-12 03:54:31.847 [main][20073] INFO  step_definitions.LoginSteps - User is still in login page
2023-05-12 03:54:32.088 [main][20314] INFO  step_definitions.Hooks - -------Scenario: Check login is unsuccessful with invalid credentials------
2023-05-12 03:54:32.107 [main][20333] INFO  step_definitions.Hooks - --------Scenario: Calculator Real APR Rate-------
2023-05-12 03:54:34.757 [main][22983] INFO  step_definitions.MortgageSteps - User is in the Mortgage Calculator Home page
2023-05-12 03:54:34.763 [main][22989] DEBUG page_object.NavigationBar - mouse hover to the rates link
2023-05-12 03:54:34.978 [main][23204] DEBUG page_object.NavigationBar - Clicking on the Real APR link
2023-05-12 03:54:36.046 [main][24272] DEBUG page_object.RealApr - Waiting for the page to load
2023-05-12 03:54:36.312 [main][24538] INFO  step_definitions.MortgageSteps - Navigate to Real Apr page
2023-05-12 03:54:36.313 [main][24539] DEBUG page_object.RealApr - Typing the Home Price Value:200000
2023-05-12 03:54:36.977 [main][25203] DEBUG page_object.RealApr - Typing the down payment value:15000
2023-05-12 03:54:37.441 [main][25667] DEBUG page_object.RealApr - Typing the InterestRate Value:3
2023-05-12 03:54:37.882 [main][26108] DEBUG page_object.RealApr - Clicking on calculate button
2023-05-12 03:54:39.065 [main][27291] INFO  step_definitions.MortgageSteps - Real APR rate is calculated upon entering the data
2023-05-12 03:54:39.067 [main][27293] DEBUG page_object.RealApr - Validate the real APR rate is:3.139%
2023-05-12 03:54:39.377 [main][27603] INFO  step_definitions.MortgageSteps - Real APR rate: 3.139% is validated
2023-05-12 03:54:39.633 [main][27859] INFO  step_definitions.Hooks - -------Scenario: Calculator Real APR Rate------
2023-05-12 03:54:39.637 [main][27863] INFO  step_definitions.Hooks - --------Scenario: Calculate Monthly Payment Mortgage-------
2023-05-12 03:54:42.469 [main][30695] INFO  step_definitions.MortgageSteps - User is in the Mortgage Calculator Home page
2023-05-12 03:54:42.470 [main][30696] DEBUG page_object.Home - Typing the Home Price Value:300000
2023-05-12 03:54:42.793 [main][31019] DEBUG page_object.Home - Typing the DownPayment Value:60000
2023-05-12 03:54:42.935 [main][31161] DEBUG page_object.Home - Typing the Loan Amount Value:240000
2023-05-12 03:54:43.082 [main][31308] DEBUG page_object.Home - Typing the InterestRate Value:3
2023-05-12 03:54:43.225 [main][31451] DEBUG page_object.Home - Typing the loan start year value: 30
2023-05-12 03:54:43.349 [main][31575] DEBUG page_object.Home - Typing the property tax: 5000
2023-05-12 03:54:43.478 [main][31704] DEBUG page_object.Home - Typing the PMI:0.5
2023-05-12 03:54:43.636 [main][31862] DEBUG page_object.Home - Typing the HOI:1000
2023-05-12 03:54:43.777 [main][32003] DEBUG page_object.Home - Typing the Monthly HOA:100
2023-05-12 03:54:43.943 [main][32169] DEBUG page_object.Home - Select the loan type:FHA
2023-05-12 03:54:44.073 [main][32299] DEBUG page_object.Home - Clicking on calculate button
2023-05-12 03:54:45.046 [main][33272] INFO  step_definitions.MortgageSteps - Total Monthly payment is calculated upon entering the data
2023-05-12 03:54:45.049 [main][33275] DEBUG page_object.Home - Validating the total monthly payment is :$1611.85
2023-05-12 03:55:00.528 [main][48754] INFO  step_definitions.Hooks - -------Scenario: Calculate Monthly Payment Mortgage------
