2023-05-10 13:15:51.230 [main][46110] INFO  step_definitions.Hooks - --------Scenario: -------
2023-05-10 13:15:55.872 [main][50752] DEBUG io.netty.util.internal.logging.InternalLoggerFactory - Using Log4J2 as the default logging framework
2023-05-10 13:15:55.940 [main][50820] DEBUG io.netty.util.ResourceLeakDetector - -Dio.netty.leakDetection.level: simple
2023-05-10 13:15:55.941 [main][50821] DEBUG io.netty.util.ResourceLeakDetector - -Dio.netty.leakDetection.targetRecords: 4
2023-05-10 13:15:55.953 [main][50833] DEBUG io.netty.util.ResourceLeakDetectorFactory - Loaded default ResourceLeakDetector: io.netty.util.ResourceLeakDetector@53a9fcfd
2023-05-10 13:15:56.078 [main][50958] DEBUG io.netty.util.internal.PlatformDependent0 - -Dio.netty.noUnsafe: false
2023-05-10 13:15:56.078 [main][50958] DEBUG io.netty.util.internal.PlatformDependent0 - Java version: 11
2023-05-10 13:15:56.083 [main][50963] DEBUG io.netty.util.internal.PlatformDependent0 - sun.misc.Unsafe.theUnsafe: available
2023-05-10 13:15:56.086 [main][50966] DEBUG io.netty.util.internal.PlatformDependent0 - sun.misc.Unsafe.copyMemory: available
2023-05-10 13:15:56.089 [main][50969] DEBUG io.netty.util.internal.PlatformDependent0 - sun.misc.Unsafe.storeFence: available
2023-05-10 13:15:56.094 [main][50974] DEBUG io.netty.util.internal.PlatformDependent0 - java.nio.Buffer.address: available
2023-05-10 13:15:56.096 [main][50976] DEBUG io.netty.util.internal.PlatformDependent0 - direct buffer constructor: unavailable: Reflective setAccessible(true) disabled
2023-05-10 13:15:56.105 [main][50985] DEBUG io.netty.util.internal.PlatformDependent0 - java.nio.Bits.unaligned: available, true
2023-05-10 13:15:56.108 [main][50988] DEBUG io.netty.util.internal.PlatformDependent0 - jdk.internal.misc.Unsafe.allocateUninitializedArray(int): unavailable: class io.netty.util.internal.PlatformDependent0$7 cannot access class jdk.internal.misc.Unsafe (in module java.base) because module java.base does not export jdk.internal.misc to unnamed module @6a1aab78
2023-05-10 13:15:56.112 [main][50992] DEBUG io.netty.util.internal.PlatformDependent0 - java.nio.DirectByteBuffer.<init>(long, int): unavailable
2023-05-10 13:15:56.112 [main][50992] DEBUG io.netty.util.internal.PlatformDependent - sun.misc.Unsafe: available
2023-05-10 13:15:56.113 [main][50993] DEBUG io.netty.util.internal.PlatformDependent - maxDirectMemory: 4227858432 bytes (maybe)
2023-05-10 13:15:56.116 [main][50996] DEBUG io.netty.util.internal.PlatformDependent - -Dio.netty.tmpdir: C:\Users\riyad\AppData\Local\Temp (java.io.tmpdir)
2023-05-10 13:15:56.116 [main][50996] DEBUG io.netty.util.internal.PlatformDependent - -Dio.netty.bitMode: 64 (sun.arch.data.model)
2023-05-10 13:15:56.117 [main][50997] DEBUG io.netty.util.internal.PlatformDependent - Platform: Windows
2023-05-10 13:15:56.128 [main][51008] DEBUG io.netty.util.internal.PlatformDependent - -Dio.netty.maxDirectMemory: -1 bytes
2023-05-10 13:15:56.129 [main][51009] DEBUG io.netty.util.internal.PlatformDependent - -Dio.netty.uninitializedArrayAllocationThreshold: -1
2023-05-10 13:15:56.134 [main][51014] DEBUG io.netty.util.internal.CleanerJava9 - java.nio.ByteBuffer.cleaner(): available
2023-05-10 13:15:56.134 [main][51014] DEBUG io.netty.util.internal.PlatformDependent - -Dio.netty.noPreferDirect: false
2023-05-10 13:15:56.166 [main][51046] DEBUG io.netty.util.internal.PlatformDependent - org.jctools-core.MpscChunkedArrayQueue: available
2023-05-10 13:15:56.242 [main][51122] DEBUG io.netty.util.internal.InternalThreadLocalMap - -Dio.netty.threadLocalMap.stringBuilder.initialSize: 1024
2023-05-10 13:15:56.243 [main][51123] DEBUG io.netty.util.internal.InternalThreadLocalMap - -Dio.netty.threadLocalMap.stringBuilder.maxSize: 4096
2023-05-10 13:15:56.343 [main][51223] DEBUG io.netty.handler.ssl.JdkSslContext - Default protocols (JDK): [TLSv1.3, TLSv1.2] 
2023-05-10 13:15:56.344 [main][51224] DEBUG io.netty.handler.ssl.JdkSslContext - Default cipher suites (JDK): [TLS_ECDHE_ECDSA_WITH_AES_256_GCM_SHA384, TLS_ECDHE_ECDSA_WITH_AES_128_GCM_SHA256, TLS_ECDHE_RSA_WITH_AES_128_GCM_SHA256, TLS_ECDHE_RSA_WITH_AES_256_GCM_SHA384, TLS_ECDHE_RSA_WITH_AES_128_CBC_SHA, TLS_ECDHE_RSA_WITH_AES_256_CBC_SHA, TLS_RSA_WITH_AES_128_GCM_SHA256, TLS_RSA_WITH_AES_128_CBC_SHA, TLS_RSA_WITH_AES_256_CBC_SHA, TLS_AES_128_GCM_SHA256, TLS_AES_256_GCM_SHA384]
2023-05-10 13:15:56.392 [main][51272] DEBUG io.netty.util.concurrent.GlobalEventExecutor - -Dio.netty.globalEventExecutor.quietPeriodSeconds: 1
2023-05-10 13:15:56.436 [main][51316] DEBUG io.netty.channel.MultithreadEventLoopGroup - -Dio.netty.eventLoopThreads: 16
2023-05-10 13:15:56.481 [main][51361] DEBUG io.netty.channel.nio.NioEventLoop - -Dio.netty.noKeySetOptimization: false
2023-05-10 13:15:56.482 [main][51362] DEBUG io.netty.channel.nio.NioEventLoop - -Dio.netty.selectorAutoRebuildThreshold: 512
2023-05-10 13:15:56.654 [main][51534] DEBUG io.netty.buffer.PooledByteBufAllocator - -Dio.netty.allocator.numHeapArenas: 16
2023-05-10 13:15:56.655 [main][51535] DEBUG io.netty.buffer.PooledByteBufAllocator - -Dio.netty.allocator.numDirectArenas: 16
2023-05-10 13:15:56.655 [main][51535] DEBUG io.netty.buffer.PooledByteBufAllocator - -Dio.netty.allocator.pageSize: 8192
2023-05-10 13:15:56.655 [main][51535] DEBUG io.netty.buffer.PooledByteBufAllocator - -Dio.netty.allocator.maxOrder: 9
2023-05-10 13:15:56.656 [main][51536] DEBUG io.netty.buffer.PooledByteBufAllocator - -Dio.netty.allocator.chunkSize: 4194304
2023-05-10 13:15:56.656 [main][51536] DEBUG io.netty.buffer.PooledByteBufAllocator - -Dio.netty.allocator.smallCacheSize: 256
2023-05-10 13:15:56.657 [main][51537] DEBUG io.netty.buffer.PooledByteBufAllocator - -Dio.netty.allocator.normalCacheSize: 64
2023-05-10 13:15:56.657 [main][51537] DEBUG io.netty.buffer.PooledByteBufAllocator - -Dio.netty.allocator.maxCachedBufferCapacity: 32768
2023-05-10 13:15:56.658 [main][51538] DEBUG io.netty.buffer.PooledByteBufAllocator - -Dio.netty.allocator.cacheTrimInterval: 8192
2023-05-10 13:15:56.660 [main][51540] DEBUG io.netty.buffer.PooledByteBufAllocator - -Dio.netty.allocator.cacheTrimIntervalMillis: 0
2023-05-10 13:15:56.660 [main][51540] DEBUG io.netty.buffer.PooledByteBufAllocator - -Dio.netty.allocator.useCacheForAllThreads: false
2023-05-10 13:15:56.660 [main][51540] DEBUG io.netty.buffer.PooledByteBufAllocator - -Dio.netty.allocator.maxCachedByteBuffersPerChunk: 1023
2023-05-10 13:15:56.706 [main][51586] DEBUG io.netty.buffer.ByteBufUtil - -Dio.netty.allocator.type: pooled
2023-05-10 13:15:56.707 [main][51587] DEBUG io.netty.buffer.ByteBufUtil - -Dio.netty.threadLocalDirectBufferSize: 0
2023-05-10 13:15:56.708 [main][51588] DEBUG io.netty.buffer.ByteBufUtil - -Dio.netty.maxThreadLocalCharBufferSize: 16384
2023-05-10 13:15:57.602 [Forwarding newSession on session null to remote][52482] DEBUG io.netty.channel.DefaultChannelId - -Dio.netty.processId: 22012 (auto-detected)
2023-05-10 13:15:57.615 [Forwarding newSession on session null to remote][52495] DEBUG io.netty.util.NetUtil - -Djava.net.preferIPv4Stack: false
2023-05-10 13:15:57.615 [Forwarding newSession on session null to remote][52495] DEBUG io.netty.util.NetUtil - -Djava.net.preferIPv6Addresses: false
2023-05-10 13:15:58.074 [Forwarding newSession on session null to remote][52954] DEBUG io.netty.util.NetUtilInitializations - Loopback interface: lo (Software Loopback Interface 1, 127.0.0.1)
2023-05-10 13:15:58.080 [Forwarding newSession on session null to remote][52960] DEBUG io.netty.util.NetUtil - Failed to get SOMAXCONN from sysctl and file \proc\sys\net\core\somaxconn. Default: 200
2023-05-10 13:15:58.106 [Forwarding newSession on session null to remote][52986] DEBUG io.netty.channel.DefaultChannelId - -Dio.netty.machineId: 98:43:fa:ff:fe:25:70:e2 (auto-detected)
2023-05-10 13:15:58.237 [AsyncHttpClient-1-2][53117] DEBUG io.netty.buffer.AbstractByteBuf - -Dio.netty.buffer.checkAccessible: true
2023-05-10 13:15:58.239 [AsyncHttpClient-1-2][53119] DEBUG io.netty.buffer.AbstractByteBuf - -Dio.netty.buffer.checkBounds: true
2023-05-10 13:15:58.239 [AsyncHttpClient-1-2][53119] DEBUG io.netty.util.ResourceLeakDetectorFactory - Loaded default ResourceLeakDetector: io.netty.util.ResourceLeakDetector@68bf0b7a
2023-05-10 13:15:58.337 [AsyncHttpClient-1-2][53217] DEBUG io.netty.util.Recycler - -Dio.netty.recycler.maxCapacityPerThread: 4096
2023-05-10 13:15:58.338 [AsyncHttpClient-1-2][53218] DEBUG io.netty.util.Recycler - -Dio.netty.recycler.ratio: 8
2023-05-10 13:15:58.338 [AsyncHttpClient-1-2][53218] DEBUG io.netty.util.Recycler - -Dio.netty.recycler.chunkSize: 32
2023-05-10 13:15:58.339 [AsyncHttpClient-1-2][53219] DEBUG io.netty.util.Recycler - -Dio.netty.recycler.blocking: false
2023-05-10 13:15:58.339 [AsyncHttpClient-1-2][53219] DEBUG io.netty.util.Recycler - -Dio.netty.recycler.batchFastThreadLocalOnly: true
2023-05-10 13:16:02.261 [AsyncHttpClient-1-2][57141] DEBUG io.netty.handler.codec.compression.Brotli - brotli4j not in the classpath; Brotli support will be unavailable.
2023-05-10 13:16:02.539 [main][57419] DEBUG io.netty.util.internal.ThreadLocalRandom - -Dio.netty.initialSeedUniquifier: 0x32dffcb6544856a4
2023-05-10 13:16:06.191 [main][61071] INFO  step_definitions.MortgageSteps - User is in the Mortgage Calculator Home page
2023-05-10 13:16:06.208 [main][61088] DEBUG page_object.Home - Typing the Home Price Value:300000
2023-05-10 13:16:06.665 [main][61545] DEBUG page_object.Home - Typing the DownPayment Value:60000
2023-05-10 13:16:07.278 [main][62158] DEBUG page_object.Home - Typing the Loan Amount Value:240000
2023-05-10 13:16:07.810 [main][62690] DEBUG page_object.Home - Typing the InterestRate Value:3
2023-05-10 13:16:08.136 [main][63016] DEBUG page_object.Home - Typing the loan start year value: 30
2023-05-10 13:16:08.552 [main][63432] DEBUG page_object.Home - Typing the property tax: 5000
2023-05-10 13:16:08.894 [main][63774] DEBUG page_object.Home - Typing the PMI:0.5
2023-05-10 13:16:09.210 [main][64090] DEBUG page_object.Home - Typing the HOI:1000
2023-05-10 13:16:09.658 [main][64538] DEBUG page_object.Home - Typing the Monthly HOA:100
2023-05-10 13:16:10.145 [main][65025] DEBUG page_object.Home - Select the loan type:FHA
2023-05-10 13:16:10.508 [main][65388] DEBUG page_object.Home - Clicking on calculate button
2023-05-10 13:16:12.006 [main][66886] INFO  step_definitions.MortgageSteps - Total Monthly payment is calculated upon entering the data
2023-05-10 13:16:12.010 [main][66890] DEBUG page_object.Home - Validating the total monthly payment is :$1611.85
2023-05-10 13:16:27.970 [main][82850] INFO  step_definitions.Hooks - -------Scenario: ------
